<?xml version="1.0" encoding="UTF-8" standalone="no"?><testsuite errors="0" failures="0" name="User" skipped="0" tests="38" time="36.21" timestamp="2023-05-09 05:47:10"><testcase name="GET - As admin I can get all product data"/><testcase name="GET - As admin I cannot get all product data"/><testcase name="GET - As admin I can get one detail product data"/><testcase name="GET - As admin I cannot get one detail product data"/><testcase name="GET - As admin I can get product ratings"/><testcase name="GET - As admin I cannot get product ratings"/><testcase name="GET - As admin I can get product comments"/><testcase name="GET - As admin I cannot get product comments"/><testcase name="DELETE - As admin I have be able to delete product"/><testcase name="DELETE - As admin I cannot delete product"/><testcase name="POST - As admin I have be able to create new product"/><testcase name="POST - As admin I cannot create new product"/><testcase name="POST - As admin I have be able to assign product rating"/><testcase name="POST - As admin I cannot assign product rating"/><testcase name="POST - As admin I have be able to create comment for product"/><testcase name="POST - As admin I cannot comment for product"/><testcase name="GET - As admin I can get category by ID"/><testcase name="GET - As admin I cannot get category by ID"/><testcase name="GET - As admin I can get all categories"/><testcase name="GET - As admin I cannot get all categories"/><testcase name="DELETE - As admin I have be able to delete product categories"/><testcase name="DELETE - As admin cannot delete product categories"/><testcase name="POST - As admin I have be able to create new product categories"/><testcase name="POST - As admin I cannot create new product categories"/><testcase name="GET - As admin I can get user information"/><testcase name="GET - As admin I cannot get user information"/><testcase name="POST - As admin I have be able to create register"/><testcase name="POST - As admin I cannot create register"/><testcase name="POST - As admin I have be able to create login"/><testcase name="POST - As admin I cannot login"/><testcase name="GET - As admin I can get index"/><testcase name="GET - As admin I cannot get index"/><testcase name="GET - As admin I can get all orders"/><testcase name="GET - As admin I cannot get all orders"/><testcase name="GET - As admin I can get order by ID"/><testcase name="GET - As admin I cannot get order by ID"/><testcase name="POST - As admin I have be able to create new order"/><testcase name="POST - As admin I cannot create new order"/></testsuite>