<?xml version="1.0" encoding="UTF-8"?>
<testsuite xmlns:xsi="http://www.w3.org/2001/XMLSchema-instance" xsi:noNamespaceSchemaLocation="https://maven.apache.org/surefire/maven-failsafe-plugin/xsd/failsafe-test-report-3.0.xsd" version="3.0" name="starter.CucumberTestSuite" time="14.485" tests="1" errors="0" skipped="0" failures="0">
  <properties>
[...]
</properties>
  <testcase name="GET - As admin I can get one detail product data" classname="User" time="7.256">
    <system-out><![CDATA[15:15:53.167 [main] DEBUG net.thucydides.core.guice.Injectors - Created injector for module net.thucydides.core.guice.ThucydidesModule
15:15:53.714 [main] INFO io.cucumber.core.plugin.SerenityReporter - Running feature from file:///C:/Users/Lenovo/IdeaProjects/MiniProject/MiniprojectApi/src/test/resources/api/user.feature
15:15:53.716 [main] WARN io.cucumber.core.plugin.SerenityReporter - Feature from file:///C:/Users/Lenovo/IdeaProjects/MiniProject/MiniprojectApi/src/test/resources/api/user.feature is not under the 'features' directory. Requirements report will not be correctly generated!
15:15:54.037 [main] DEBUG net.thucydides.core.guice.Injectors - Created injector for module net.thucydides.core.guice.webdriver.WebDriverModule
15:15:54.065 [main] INFO  - 

-------------------------------------------------------------------------------------
     _______. _______ .______       _______ .__   __.  __  .___________.____    ____ 
    /       ||   ____||   _  \     |   ____||  \ |  | |  | |           |\   \  /   / 
   |   (----`|  |__   |  |_)  |    |  |__   |   \|  | |  | `---|  |----` \   \/   /  
    \   \    |   __|  |      /     |   __|  |  . `  | |  |     |  |       \_    _/   
.----)   |   |  |____ |  |\  \----.|  |____ |  |\   | |  |     |  |         |  |     
|_______/    |_______|| _| `._____||_______||__| \__| |__|     |__|         |__|    
                                                                                     
 News and tutorials at http://www.serenity-bdd.info                                  
 Documentation at https://wakaleo.gitbooks.io/the-serenity-book/content/             
 Join the Serenity Community on Gitter: https://gitter.im/serenity-bdd/serenity-core 
 Serenity BDD Support and Training at http://serenity-bdd.info/#/trainingandsupport  
-------------------------------------------------------------------------------------

15:15:54.071 [main] DEBUG net.thucydides.core.steps.StepEventBus - Test suite started for story net.thucydides.core.model.Story@a39b15ff
15:15:54.077 [main] INFO  - Test Suite Started: User
15:15:54.105 [main] INFO io.cucumber.core.plugin.SerenityReporter - Running feature from file:///C:/Users/Lenovo/IdeaProjects/MiniProject/MiniprojectApi/src/test/resources/api/user.feature
15:15:54.105 [main] WARN io.cucumber.core.plugin.SerenityReporter - Feature from file:///C:/Users/Lenovo/IdeaProjects/MiniProject/MiniprojectApi/src/test/resources/api/user.feature is not under the 'features' directory. Requirements report will not be correctly generated!
15:15:54.114 [main] DEBUG net.thucydides.core.steps.StepEventBus - Test suite started for story net.thucydides.core.model.Story@a39b15ff
15:15:54.114 [main] INFO  - Test Suite Started: User

@TC-005
Scenario: GET - As admin I can get one detail product data &amp#27;[90m# src/test/resources/api/user.feature:21&amp#27;[0m
15:15:54.333 [main] INFO io.cucumber.core.plugin.SerenityReporter - Running feature from file:///C:/Users/Lenovo/IdeaProjects/MiniProject/MiniprojectApi/src/test/resources/api/user.feature
15:15:54.334 [main] WARN io.cucumber.core.plugin.SerenityReporter - Feature from file:///C:/Users/Lenovo/IdeaProjects/MiniProject/MiniprojectApi/src/test/resources/api/user.feature is not under the 'features' directory. Requirements report will not be correctly generated!
15:15:54.527 [main] INFO  - 
  _____   ___   ___   _____     ___   _____     _     ___   _____   ___   ___  
 |_   _| | __| / __| |_   _|   / __| |_   _|   /_\   | _ \ |_   _| | __| |   \ 
   | |   | _|  \__ \   | |     \__ \   | |    / _ \  |   /   | |   | _|  | |) |
   |_|   |___| |___/   |_|     |___/   |_|   /_/ \_\ |_|_\   |_|   |___| |___/ 

GET - As admin I can get one detail product data(user;get---as-admin-i-can-get-one-detail-product-data)
--------------------------------------------------------------------------------
15:15:55.684 [main] DEBUG net.thucydides.core.steps.StepInterceptor - STARTING STEP: UserSteps.iSetGETApiEndpointsById - I set the GET api endpoints by Id
15:15:55.687 [main] DEBUG net.thucydides.core.steps.StepInterceptor - STEP DONE: I set the GET api endpoints by Id
  &amp#27;[32mGiven &amp#27;[0m&amp#27;[32mI set GET api endpoints by Id&amp#27;[0m                      &amp#27;[90m# starter.stepdefinitions.UserSteps.iSetGETApiEndpointsById()&amp#27;[0m
15:15:55.700 [main] DEBUG net.thucydides.core.steps.StepInterceptor - STARTING STEP: UserSteps.iSendGETHTTPRequest - I send HTTP GET request
15:15:58.370 [main] DEBUG net.thucydides.core.steps.StepInterceptor - STARTING STEP: GetAllProduct.iSendGETHTTPRequest - I set the GET api endpoints
15:15:58.371 [main] DEBUG net.thucydides.core.steps.StepInterceptor - STEP DONE: I set the GET api endpoints
15:15:59.660 [main] DEBUG org.apache.http.impl.conn.BasicClientConnectionManager - Get connection for route {s}->https://altashop-api.fly.dev:443
15:15:59.679 [main] DEBUG org.apache.http.impl.conn.DefaultClientConnectionOperator - Connecting to altashop-api.fly.dev:443
15:16:00.268 [main] DEBUG org.apache.http.client.protocol.RequestAddCookies - CookieSpec selected: ignoreCookies
15:16:00.271 [main] DEBUG org.apache.http.client.protocol.RequestAuthCache - Auth cache not set in the context
15:16:00.272 [main] DEBUG org.apache.http.client.protocol.RequestTargetAuthentication - Target auth state: UNCHALLENGED
15:16:00.274 [main] DEBUG org.apache.http.client.protocol.RequestProxyAuthentication - Proxy auth state: UNCHALLENGED
15:16:00.274 [main] DEBUG org.apache.http.impl.client.DefaultHttpClient - Attempt 1 to execute request
15:16:00.275 [main] DEBUG org.apache.http.impl.conn.DefaultClientConnection - Sending request: GET /api/products HTTP/1.1
15:16:00.275 [main] DEBUG org.apache.http.wire -  >> "GET /api/products HTTP/1.1[\r][\n]"
15:16:00.278 [main] DEBUG org.apache.http.wire -  >> "Accept: */*[\r][\n]"
15:16:00.279 [main] DEBUG org.apache.http.wire -  >> "Host: altashop-api.fly.dev[\r][\n]"
15:16:00.280 [main] DEBUG org.apache.http.wire -  >> "Connection: Keep-Alive[\r][\n]"
15:16:00.280 [main] DEBUG org.apache.http.wire -  >> "User-Agent: Apache-HttpClient/4.5.13 (Java/14.0.2)[\r][\n]"
15:16:00.280 [main] DEBUG org.apache.http.wire -  >> "Accept-Encoding: gzip,deflate[\r][\n]"
15:16:00.281 [main] DEBUG org.apache.http.wire -  >> "[\r][\n]"
15:16:00.281 [main] DEBUG org.apache.http.headers - >> GET /api/products HTTP/1.1
15:16:00.281 [main] DEBUG org.apache.http.headers - >> Accept: */*
15:16:00.282 [main] DEBUG org.apache.http.headers - >> Host: altashop-api.fly.dev
15:16:00.282 [main] DEBUG org.apache.http.headers - >> Connection: Keep-Alive
15:16:00.282 [main] DEBUG org.apache.http.headers - >> User-Agent: Apache-HttpClient/4.5.13 (Java/14.0.2)
15:16:00.283 [main] DEBUG org.apache.http.headers - >> Accept-Encoding: gzip,deflate
15:16:00.687 [main] DEBUG org.apache.http.wire -  << "HTTP/1.1 200 OK[\r][\n]"
15:16:00.691 [main] DEBUG org.apache.http.wire -  << "content-type: application/json[\r][\n]"
15:16:00.691 [main] DEBUG org.apache.http.wire -  << "date: Tue, 09 May 2023 08:24:52 GMT[\r][\n]"
15:16:00.692 [main] DEBUG org.apache.http.wire -  << "transfer-encoding: chunked[\r][\n]"
15:16:00.692 [main] DEBUG org.apache.http.wire -  << "content-encoding: gzip[\r][\n]"
15:16:00.692 [main] DEBUG org.apache.http.wire -  << "server: Fly/3f2597ca (2023-05-03)[\r][\n]"
15:16:00.692 [main] DEBUG org.apache.http.wire -  << "via: 1.1 fly.io[\r][\n]"
15:16:00.692 [main] DEBUG org.apache.http.wire -  << "fly-request-id: 01GZZSSZT1KB9JHT523ZZC2QRR-sin[\r][\n]"
15:16:00.692 [main] DEBUG org.apache.http.wire -  << "[\r][\n]"
15:16:00.694 [main] DEBUG org.apache.http.impl.conn.DefaultClientConnection - Receiving response: HTTP/1.1 200 OK
15:16:00.695 [main] DEBUG org.apache.http.headers - << HTTP/1.1 200 OK
15:16:00.695 [main] DEBUG org.apache.http.headers - << content-type: application/json
15:16:00.695 [main] DEBUG org.apache.http.headers - << date: Tue, 09 May 2023 08:24:52 GMT
15:16:00.695 [main] DEBUG org.apache.http.headers - << transfer-encoding: chunked
15:16:00.695 [main] DEBUG org.apache.http.headers - << content-encoding: gzip
15:16:00.695 [main] DEBUG org.apache.http.headers - << server: Fly/3f2597ca (2023-05-03)
15:16:00.695 [main] DEBUG org.apache.http.headers - << via: 1.1 fly.io
15:16:00.696 [main] DEBUG org.apache.http.headers - << fly-request-id: 01GZZSSZT1KB9JHT523ZZC2QRR-sin
15:16:00.712 [main] DEBUG org.apache.http.impl.client.DefaultHttpClient - Connection can be kept alive indefinitely
15:16:00.735 [main] DEBUG io.restassured.internal.RestAssuredHttpBuilder - Parsing response as: application/json
15:16:00.738 [main] DEBUG org.apache.http.wire -  << "433[\r][\n]"
15:16:00.739 [main] DEBUG org.apache.http.wire -  << "[0x1f][0x8b][0x8][0x0][0x0][0x0][0x0][0x0][0x4][0xff][0xaa]VJI,IT[0xb2][0x8a][0xae]V[0xf2]tQ[0xb2]241[0xb1]0[0xd2]Q[0xf2]K[0xcc]MU[0xb2]RJI-N.[0xca],([0xc9][0xcc][0xcf]S[0xd2]QrA[0xe2]Y))[0xe9]([0x5][0x14]e&[0xa7]*Y[0x19][0xe8]([0x5]%[0x96]d[0xe6][0xa5][0x17]+Y[0x99][0xe8](9'[0x96][0xa4][0xa6][0xe7][0x17]e[0xa6][0x16]+YE[0xc7][0xd6][0xea] [0xc]6[0x86][0x1b][0xec]Y[0x90][0x91][0x9f][0x97][0xaa]`h[0xa8]`f[0xa2][0x90][0x9e][0x84]axANb[0xa5]BFb[0xb1]B^[0xbe]BNfnfI1[0xc2]:#KK$[0xb][0x8d][0xd0],[0x84][0xda]fdjb[0x8][0xb7][0xcd]=173/[0x1d][0xc3][0x12][0xb7][0xfc]"[0x85]t[0xb0][0x94]BAiQA~qj[0xb1]R-[0x8a][0x83]-[0xe0]F[0xb8][0x95][0x16][0xe5]e[0x96][0x94][0x16][0xa5]*[0x84][0xe4][0x17]`[0x9a][0x4][0x97]MI,[0xca]T[0xf0]J-H,JD[0xb8][0xd8][0xd0][0x4][0xd9][0xc5][0xa6]h.F[0xb1][0xd1][0x4]ncp~^[0xa5]B@[0xb0]![0x86]e[0xf8][0xc2][0xc6][0x4]%l[0xc][0xd1]l[0xa2]j[0xd8][0x98][0x12]v)"[0x4][0x90][0x93][0x88][0x1]-]e[0x6]w[0x15][0x15]c[0xc]_[0xa2][0xb6]D$3[0x97]0[0x17][0x5][0xdf][0xd2][0xf4][0xd4]<[0x85][0x90][0xa2][0xc4]L|9[0xc6][0xd0][0xc8][0xc0][0xc0][0x0]9L[0xf0][0xda][0x80][0xc8][0x8f][0x89]y[0x89][0xd9][\n]"
15:16:00.739 [main] DEBUG org.apache.http.wire -  << "[0x89][0x95][0x89][0xb9][0x18][0x89][0xa2][0xb8][0xb4][0xb8]T[0x1]$[0x8d][0x8]sK[0x94][0xb4][0x80][0x1e][0xea][0xc8][0xa9][0xce][0xd2][0x1c][0x1e]j[0x11]N[0xfe][0x11][0x98]I[0xe][0x91]S[0x10][0xc6][0xa3]&5c[0x1a]F*[0xc8][0x1f][0xd0][0x2][0x9][0xbb][0xf3]p9[\n]"
15:16:00.740 [main] DEBUG org.apache.http.wire -  << "[0xdd][0xcf]TL[0xff][0xa6][0xa0][0xe8][0x83]:[0x8a]6[0xf1]nj[0x80]HY[0xa0][0x88][0xa5]~[0xbc][0x9b][0x1a][0xd0]:e[0x99][0x1a] [0x8a]|[0x1a][0xf9][0xc1][0x2]QF;[0x15]%&[0xa7][0xe6][0xa4][0x96]`d[0xe][0xdf][0xc4][0x94]T[0x85][0xfc]4[0x85][0x8c][0xcc][0xf4][0xc][0x85][0xc2][0xd2][0xc4][0x9c][0xcc][0x92]J[0x85][0x82][0xd4][0xc4][0xa2][0x1c][0xe4]j[0xc5][0x8]9C[0xa2]'[0x1d]Dv166[0xb3][0x84]g[0x97][0x92][0xd4]bP[0xc5][0xa7]PP[0x94][0x9f]R[0x9a][0x8c]isIFf[0xb1]Bf[0xb1]BIF*L[0x8d][0x2]j[0xa5][0x8a][0xa5][0xe]E[0xcf]K[0xc8]v[0x9b]#[0x12][0x5][0xd5][0xec]6D+[0x8c]pWP[0xc6][0xc6][0xe6][0x88]$CU[0xfb][0x91]jt[0xbc][0xd6]#[0xea]G[0xaa]Z[0x8f][0x1c][0xf5]x[0xed]G[0x94][0x94]4[0xb3][0x1f]_[0xd2]3G[0xa4]v[0x9a][0xd9][0x8f][0xbb].266[0xa7]A[0xd2]GO~[0xf8][0xfc]oa@[0xfd][0xac][0x87]n?[0xbe][0xec][0x87][0xd4]6[0xa6]Y[0xf8][0xe3][0xf5]?[0xa2]<[0x1d][0x18][0xfb][0x11][0xf9][0xcf]#@!7[0xb3]$[0x1f][0xa3][0xb0][0x5]7OKR[0x8b][0x92][0x12]3[0xb3][0x11][0x15][0xb3][0xa9][0x99]9R[0x16][0xc7][0xeb]ED[0x16]#[0xad][0xb6]G[0xcf][0xb7][0xd4][0xab][0xed][0x8d][0x8d]-[0x10][0xe9][0x1e][0xda].7[0xc5][0xee]q[0xa2][0xfa],[0xf8]R[0x98]%"[0x86][0x3][0x82][0x15]0mIO[0xcc]MU0U(.I,B[0x84].j[[0xc]_[0x6][0xb6]DD [0x15][0x1b][0xc8]x[0xe2][0xd3][0x4][0xa9][0xa1]D[0x85][0xa0][0xc3]k[0x13][0xa2]n[0xa4][0x97][0xdf][0x10][0x91]Ek[0xbf]![0xe2]-[0xa0](1[0xb9]$391G!<??%5O[0xc1];/3-[0x15]#9:[0xe6]d&[0x16]+[0xa4][0x95][0xa6]'*[0x94][0x96][0xe8]![0xd2][0x8a]!(B[0xe0][0xfd]u[0xbc][0xe1][0x89][0xc8][0x89][0xd4][0xeb][0xaf][0xe3][0xb5][0x10][0x91][0xcb]`[0x16][0x1a]Q<@[0x80][0xcf]BCDu[0x2][0xb3][0x90][0xf2][0x11][0x9][0xbc][0x16]"[0x92]([0x9d],[0xc4][0xe8][0xa6][0x9b]c[0xa4][0x14]p[0x89]MT[0xc1][0x85][0xd7]k[0x88][0xd4][0x12][0x90][0x98][0x93][0xe8][0x93][0xef][0x3][0x1a][0x1]A[0x1d]3[0x82][0xdb][0x84]eL[0xc7][0xd8][0x18][0xa9][0x82][0xc0]S[0x84][0x99][0x18]"[0xda]@[0xe4][0x96][0x90]x[0xfd][0x81]H[0x84][0xb4]0[0x1e][0xd4][0xcb][0x80][0xf6][0x1b][0xe9][0xd4]_11B$:[0x9a][0xf8][0x8][0xd1]%[0xa0][0x89][0xf1][0x88]2[0x96]n[0x1][0x86](l[0xe9]f%"[0x9f]R[0xd3]J|[0xf9][0xc8][0x8]1VFM+[0xf1][0xe5]-#D[0x19]A[0xe3][0xfa][0xd2][0x8][0x91][0x8b]i[0xd4]P51FT[0x1e][0xb4][0xc]?X3[0xd6][0xc2][0x10][0x91]D[0x1c][0x93][0x93]S[0x8b][0x8b]!c[0xec][0xe8][0xe3][0xf2]%[0xf9][\n]"
15:16:00.740 [main] DEBUG org.apache.http.wire -  << "[0xa9]y[0x19][0x89]y[0xc9][0xa9][\n]"
15:16:00.740 [main] DEBUG org.apache.http.wire -  << "[0x89][0x5][0xa0]A[0xe][0x10][0x13]y\[0xdb][0xd8][0xc4][0x18]Q [0x14][0xa7][0x16][0xa4][0xa6]`[0x16][0xd4][0x89][0x99][0x95] A[0xe8][0xe0][0x84][0x91])r[0xff][0x18]_[0x4][0x1b]#[0xca][0x2]Z[0x86][0x9][0xd2][0x88][0x88][0x9][0xa8][0xde][0x80][0x16][0xa8][0xd4][0xf6][0xc][0xfd][0x8b][0x1]cD[0x1c][0x7][0x83]cF[0xc1]'[0xb3][0xb8][0xa4][0x8][0xdc][0x93]B[0xad]J[0xa1][0xd2]9[0x10]i[0x85][0xbc][0xf4][0xd4][0xa4]R[0xd0][0xf8][0x13][0xe9]Q[0x86]([0x6][0xa0]fB[0xad]TpJ[0xcc]I[0xc4][0x9c][0xeb][0x0])[0x2][0x0][0x0][0x0][0xff][0xff]"
15:16:00.740 [main] DEBUG org.apache.http.wire -  << "[\r][\n]"
15:16:00.741 [main] DEBUG org.apache.http.wire -  << "3B5[\r][\n]"
15:16:00.741 [main] DEBUG org.apache.http.wire -  << "JIT@[0xb5]X!)1/[0x1d]<[0xf2][0x6][0xb5][0xdf][0x94][0xf8]$[0x83]([0x13][0xe8][0x96]d[0x10]-[0x8][0xba]Y[0x89]([0x8f][0xe8]e[0xa5][0x9][0xa2]|[\n]"
15:16:00.741 [main] DEBUG org.apache.http.wire -  << "*-.[0xc9]L[0x86][0xf5][0x17][0x9c][0x12]1[0xe7][0xc2]BK[0x14]R[0x8b][0x8a][0xf2][0x8b][0x14][0x8a]R[0x93]K[0x8b][0x13][0xf3]R[0x12]S[0x15][\n]"
15:16:00.741 [main] DEBUG org.apache.http.wire -  << "[0xf2][0x8b][0x8b]3sK[0x8b][0x15]r[0xf3]s@[0xe3][0x9c][0x89][0xa9][\n]"
15:16:00.743 [main] DEBUG org.apache.http.wire -  << "[0xc5][0xa9])[\n]"
15:16:00.743 [main] DEBUG org.apache.http.wire -  << "[0x99][0xb9][0x5][0xa9])[0x99][0xe4]u)[0x90]&[0xe5][0x10][0xdd][0x18][0x9f][0xcc][0xbc][0xd4]<[0x5][0xa7][0xfc][0x92][0x92][0x1c],[0xdd][0x98][0xd2][0x12][0x85][0x82][0xd4][0xa2][0xe2][0x82][0xcc][0xe4][0xcc][0xc4][0x92][0xcc]b[0x85][0x94][0xfc][0x9c][0xfc][0xa2]T[0x85][0x94][0xcc][0xe4][0x92]D[0x85][0x82][0xfc][0xa2][0xa2]|[0x85][0xcc][0x82][0xe2][0xd2]\[0x85][0xd4]D[0xb2]z9&[0xf4]/[0xb2]L[0x10]M[0x9a][0xe0][0x9c][0xd4][0xd4]l[0x5]H[0x8][0xb8][0xe7][0xe4][0x97][0xa5][0x82]F[0xa4]Qs[0xba]ZZfrff[0xb1]Br~^qjaibIi[0x91]Bb^fn&<b[0x8a][0x15][0xca][0xf2]sJ[0xb]J[0x12]KR[0x15]RRsR[0xf3]2K2[0xc9][0xb][0xc][0xfa][0x17]y&[0x88]"[0xcf]=[0xbf](=5[0xbf][0xb4]X![0xa8]4))[0xb5]H[0xc1][0x19]<[0xc6][0x81][0x16][0x1a])[0x99]%[0x90]4P[0x9a][0xab][0x90][0x8]J[0x1c][0xe0]$[0x90][0x93][0x98][0x94]_[0x94][0x99]_[0x9c][0x98][0xab]PX[0x9a][0xa9][0x90][0x98][0x93]YX[0x9a][0x99][0xa2]PLn:E[0x14][0x8a][0x88]t[0xea]^[0x94][0x98][0x97]Y[0x92][0xaa][0xe0][0x9c][0x9f][0x8]*iQ[0xdd][0xe5]Z[0x2][0xea]kg&[0x96]([0xe4][0xe7][0xe6]e[0x16]+[0xe4]f[0xe6]e[0xe6]&*[0xe4][0x95][0xe6][0x16][0x96]&[0xe6]*[0x14][0x97][0x16]'g[0x16][0x90][0xeb][0x1a]D[0x11][0x19]\[0x99][0x97]Z[0x94][0x9e][0x9][0xcb][0xce]9[\n]"
15:16:00.743 [main] DEBUG org.apache.http.wire -  << "[0xc1][0x19][0x99]EX][0x93]Z\[0x2]O[0x15][0x99]I[0xa5][0xc5][\n]"
15:16:00.743 [main] DEBUG org.apache.http.wire -  << "[0x5]9[0x89][0xc9][0xa9][0x89]%[\n]"
15:16:00.743 [main] DEBUG org.apache.http.wire -  << "[0xa9][0xe4]e]P[0x81][0xe][0xad]g[0x15]h[0xd4][0x85]4EdE[0xb2][0x9a][0x87][0xc4][0xb6]RL[0x91][0xf2][0x1f]d[0x96][0x1d]s[0x9c][\r][0xde]U%[0xb8][0x2][0x1]_{[0xc8][0x94][0xfe][0xf9][0xc9][0x14][0x91][0x9f][0xe8]U[0xd3][0x98]"r[0xb][0xdd][0xac]Dd[0x9][0xba]Y[0x89]h5[0x90][0x95]:Q[0xd7][0xad][0xe0]M5[0x88][0xc6][0x2][0x8d]m2C[0xb4][0x11][0xa0]6aN[0xfe][0xe3][0xcb][0x9][0xa8][0x3][0xcf][0xe8]~[0x82]u](_[0x8b]clb[0x86][0xe8][0xb3]@]J[0xab]<kFa)D|<[0x9b][0xd1][0xad][0x1c]2C[0x94]C[0xb4][0xe]=D[0xf1]Ck[0x9b][0x10][0xa5][0xe][0xd4][0xa6]A[0x9b]v[0x11][0x85][0x15]N[0x97]"[0x6][0xe8][0xf1][0xd5]bT[0xcd]Q[0x18][0xe5][0x19]%[0xe1]G[0xc3][0xd9]7[0x13][0xa4][0x5][0x17][0x83]([0xfc][0xcc]1[0xca]NZ[0x95]HH[0x8b]>[0xfc][0x12][0x8b]3[0x15]\[0x12]K[0xf3][0x14][0xbc]R[0x8b]JA[0x13][0xac][0xa8][0xcd]P[0xb0]|yj^bv[0xb6]BIj^b[0x9e]BniQn*[0xd2]\[0xa1][0xa1]%[0xea][0xd2]3\[0x85][0xb6][0x5][0xd2][0xaa][0xb0][0xe4][0xfc][0xbc][0x92][0xfc][0xc][0xdd]d[0xc4][0xca]N[0xf4]Q'[0xb7][0xc4][0xe2][0x8c][0xcc][0xfc][0xbc][0xc4][0xa4][0x9c]T[0xd4][0xb1]&[0xa4][0x5]#`[0xb7]![0xdc][0xe]^[0xd0][0xa4][0x90][0x9e]_[0x94][0x8a]em&X-[0x95][0xfc][0x81]H[0xe7][0x84][0xfd][0x81][0xa9][0x2]iE[0xa8][0xb1][0x89]9[0xdd]Jls[0xba][0x95][0xa3][0xe6][0x18][0xa5][0x13][0xcd][0xd2]1[0xdd][0xda]5[0x16]tk-X RD[0x84]S~[0x85][0x2]f[0x19]J[0xff][0x92][0xdd][0x2]Q[0xdb][0xe3]p[0x13][0xe1][0x5][0x9d][0xb8][0x8a][0x5]j[0xb4][0xe5][0x90][0xd6][0xec][\r]N[0xf7][0xd1]-[0x9d]"[0xad][0x1e][0xc6][0x11][0x12][0x88][0xd4]C[0xbf][0xb6][0xb6]%[0xa2][0x5]<[0x98]\[0x85][0xc8]i[0xd0]V[0x0][0xad][0xca])[0xa4]E2[0xd8][0x97] [\r]l[0xf6][0xb1]D4|[0xb1];o@[0xd2][0xc][0xa2][0x96][0xc5][0xee][0xa8][0x1][\r]3[0xe4][0xe5][0xda][0xd8][0x9d][0x87]+[0xcc]h[0xd8][0xae]E^[0xe1]M[0xdb][0x14][0x8d][0xbc][0xe][0x1b][0xbb][0xf7][0x7]8v[0x10][0x8d][0x1d][0xec][0xce][0xc3][0x15];4[0xac][0xa5]L[\r][0x10][0xd9][0x8c][0xd6][0xb1]Cy[0xde][0xa1]e2EZ%5xb[0xc7][0x10][0xd1][0xc2][0xc3][0xee][0xa8][0x81]M[0xd1][0x86][0x88][0xca][\n]"
15:16:00.745 [main] DEBUG org.apache.http.wire -  << "[0xbb][0xf3][0x6]"E[0x1b]"[0xda][0x85]4N[0xd1]Hk[0x15]hm[0x13][0xdd]r[0xa9]![0xbd][0xfa]I[0xa6]H+[0xdc]h[0x1c]zH[0xab][0xd1]H[0xb1][0x9][0x0][0x0][0x0][0xff][0xff]"
15:16:00.745 [main] DEBUG org.apache.http.wire -  << "[\r][\n]"
15:16:00.746 [main] DEBUG org.apache.http.wire -  << "600[\r][\n]"
15:16:00.747 [main] DEBUG org.apache.http.wire -  << "[0x82]o[0xfd]$z[0xac][0xd3][0xd4][0x8][0xd1][0xa6][0xa4][0xb5]MtK[0xe5]F[0x88]j[0x8b][0xd6]~[0xa2][*[0xa7][0xdb][0x12]-S#D[0xad]G[0xeb][0xd0][0xa3]W[0xce][0x14]iM[0x18][0x8d][0xfd][0x84][0xb4][0x86][0x8b][0xd6]6!r.[0xf6][0xaa]l`kZcDv[0xc7][0xee]<DiE[0xb7][0x1e][0xb4])[0xf2]:.[0x9a][0xce]0[0x9b][0x1a][0xd3][0xad]d0F[0xd4][0x1e][0x1][\n]"
15:16:00.747 [main] DEBUG org.apache.http.wire -  << "[0xce][0xa0]E8[0x99]X6[0xa8][0xe4][0xa4][0x16][0x94][0xe4][0x17](`[0xec][0x0][0xb2][0x4][0x1][0xa4]%[0xde][0xe8]Mw[0xa4]5}[0xa6][0xc6]T-[0x1a][0xd0][0xb7][0xc1]#[0xdb][0x84][0xb4]Hj 6T![0x8f][0xa6]Q[0xcd]~|[0x13]H(~GdlBv#[0xf2][0x10]h[0xb7][0x1c][0x91][0xb1][0x88][0xb4][0xcc][0x89][0x90][0xf9]D[0xef][0x93][0x5]YO[0xb4][0xff][0x10]%[0x3]U[0xed]'[0xd6][0xfb][0x88][0x9c]IU[0xeb][0x89][0xf6]>"[0x13][0xd1][0xcc]~[0xf4]n'J[0xf2]B[0xd4][0xba]4[0xb3][0x1f]_![0x82][0xb4]`i`[0xec]G[0xf4]Pif?[0xfa][0xe9]'[0xc8][0xe1][0x8f][0xb4][0x9a][0x8a]f[0xf6][0xe3][\r]D[0x17]x`[0xec][0xa7]Q[0xf6]'6[0xff]!-[0xc4][0x1a][0x18][0xff]#[0xca][0x1f]X[0xb][0xd1][0xd4][0x94]FC[0xe6][0xa6][0xa6][0x88][0xc6][0x1]uW[0xe1][0x9b][0x9a]"[0x8a]1[0xcf][0xbc][0x92][0xd4][0x9c][0x9c][0xcc][0xf4][0xd4][0xbc][0x12][0x85][0xe0][0x92][0xd4]T[0xd0][0xea][0xc7]|,+f=S@[0xa7]<[0x14]g*[0xe4]%[0x96][0x94][0x16][0x83][0x16][0x84][0x82][0x88][0xc4]b[0xb2][0xd6][0xc4][0x9a][0x9a]"[0xca]1X8[0xd2]f[0xfd][0xa3])[0xe6]j,ZE[0x17][0xdd]VS[0x99][0xd2]m5[0x95])[0xdd][0xd6]8[0x81][0xf7][0xb2]C[0x97][0xc2][0xd2]:E [0x12][0xbf]k^~Q.hqt@N"x[0xf9][0xaf]sFb&h][0x7][0xea][0x2][0x90]0[0xc8]Bp[0xd0][0xa9]#%[0xa9][\n]"
15:16:00.747 [main] DEBUG org.apache.http.wire -  << "y[0xf9]y[0xa0]sG[0xca]2S@y&[0xb5][0x98][0xac][0xa5][0xbf][0xa6]H[0xeb]o\J[0x8b]@k<@[[0x9]r[0x14][0xb0][0xbb] [0x18][0xba][0xd4]Y[0xa1][0xb0]4_[0x1]i]vf[0x1e]9K[0xd2]M[0xe9][0xb6][0xcc][0xc6][0x14]i[0x99][\r][0x8d][0xa3][0x95]n[0xcb]HL[0xe9][0xb6][0x8c][0xc4][0x94]n[0xcb]HL[0x91][0xe]![0xa1]q<![0x1d]7[0x12][0x10]l[0x82]Y[0xea][0x17][0x9b]($%[0x16][0x95]"zG[0xc6][0xf8][0xd7]V!7[0xcf][0xe8][0xb6]D[0xc5][0x14][0xe9][0xd0][0x12]Z[0x87][0x17][0xa2][0xc9]Gk[0x9b][0x10][0x8d];Z[0xdb]D[0xb7]A^[0xb][0xcc][0x6][0x1b]f[0x92]#[0xfa]`D|Ms[0xb]Dk[0x8d][0xd6][0xa1][0x87][0xa8][0xc0]hm[0x13][0xdd][0x9a]i[0x96][0xf4]Z[0xf8]i[0x8a][0xb4]<[0x88][0xc6][0xa1][0x87][0xb4][0xe4][0x87][0xd6]6[0xd1][0xad][0x8c][0xb0]D[0x94][0x11]T/[0xbd]-[0xe9]V* [0xad][0xf6][0xa1]u[0xcc][0xd0]+[0xaf][0x9a]![0x1d]m[0xe8]Z[0x94][0x9e][0x9f][0x97][0x9f][0x9b][0x99][0xac][0xe0][0x98]S[0x9a][0x9b][0x99]W[0x9a][0x8b]u[0xdb][0x9f]ci[0x89]BRjbIb*|S[j[0xae]BnbEfn[0xaa]B^jn[0xbe]BfNNi.h[0xc3][0x1f][0xb8][0xef]GNS[0xd3][0xcc][0x80]^[0xc5][0xa2][0x99][0x1][0xbd][\n]"
15:16:00.748 [main] DEBUG org.apache.http.wire -  << "+[0xb3][0xc1][0xbd]N[0xc2]l0[0xae][0x93]0[0xa3][0xd7]:[0x9][0x13][0x13][0xa4][0xaa][0x84]V[0xe7]c[0xd2]+[0xa5][0x99]"[0xed][0x17][0xa0]uAE/?[0x99]![0x9d][0x90]J[?[0x99][0x19] *+Z[0xdb]D[0xaf][0xaa][0xcb][0xcc][0x90]^[\r]Z3[0xa4][0x15]3[0xd8]'[0x81][0x7]t[0x8e][0xda][0xc]i[0x99][\r]v[0xe7]!z[0x90]t[0x9b][0xa3]6C:[0x16][0x8a][0xc6])[0xce][0x8][0xd1][0xe4][0xb][0x8]64[0xa0][0xa0]S[0x83][0xe7]<#3#[0xba][0xe5] [0xa4][0x93][0x93][0xb2]3[0xb][0x12][0x8b][0x15][0x12][0xf3][0xd2][0xb1][0x9c][0xf7][0x9d][0x9b][0x9a][0x97][0x9e][0x9a]S[0x9a]X[0x94][0x9d][0x98][0x7]Q[0xa2]P[0x9c][0x98][0x97][0x9e]X[0xa2][0x90][0x9d][0x9a][0x97][0x9c][0x8][0xde][0xf5][0x4]=.[0x5][0xff][0xa1]|T[0xdc][0xf5]g[0x86][0xb4][0xbe][0x7]~[0xdc][0x82]SQ~^U*[0x8e][0xe1]<[0xc8]9[0x82]E[0xa9][0x5][0xa9]99[0xa9]y)[0xa5][0xc5][\n]"
15:16:00.748 [main] DEBUG org.apache.http.wire -  << "[0x89][0xc9][0xa0]#B@[0x7][0x83][0x14][0x96][0x92]5[0xa4]n[0x86][0xb4][0xf4][0xc7]75%3?[0xb9]([0x15]4[0xa2][0x8]:[0xcc][0x10][0xc7]![0x18][0x8e]`;[0xf3]J2A[0x7]}[0x94]([0xe4][0x83][0xcf][0xc4]HT(K[0xcd][0xc9],Q[0xc8][0xcb]O[0xca],&[0xab][0xc5][0x87]tL[0xd4][0x90][0x8b]I[0xa4][0xb5]FC[0xcf][0xed][0x88][0xb9][0xd1][0xa1][0xe7]v[0xc4][0xb2][0x89][0xa1][0xe7]vDIL[0xe3]2[0x1f]iY[0x96]g^rQjJfRN[0xaa][0x2][0xac][0xa4][0xc9][0xc9]O[0xc6][0xdc][0xbb][0xea][0x9a][0x8]?&E!5/[0x13][0xd2][0x99]+[0x6][0xe5][0xef][0xd4][0xe2][0xe4][0xcc][0xd2][0xbc][0x12][0x85][0x94][0xd2]d[0xf0][0x81]D[0x90]3[0x80]r[0xc9][0xca][0xf2]t[[0x9a]e[0x86][0xb4]`[0x8a][0xd6][0x81]M[0xb7][0x6]1[0xd2][0x9a][0x1e][0x1a][0xfb][0xc9][0x84]n[0xcd]T[0x13]D3[0x95]&[0x19][0x1a][0xbd][0xd1]B[0xcd][0xea][0xdc][0x84][0xf2]![0xb][0xe4][0xbb]i[0xf0][0xc][0x1a][0x9b][0x99][0xd0]mx[0x8]i[0xe5][0xe][0x8d][0x13][0x99])[0xa2][0x1e][0xa2][0xb5]Mt+y[0x91][0xd6][0x9d][0xd0][0xda]O[0x94]'>[0xe2][0xd6][0xd2][0x99][0xd1]m[\r][0x86][0x19][0xdd]VF[0x98][0xd1][0xed][0xf4][0x17]33[0xba][0x15][0xa5][0xa0]S[0xfe][0xe9][0xb2]2[0xc2][0xc]iM[0x2][0x8d]S9[0xdd][0x96][0x5][0x98]!-[0xb][0xf0](P[0x8][0xcb],[0xcb]W[0x88]42[0xc2][0xe8].[0xe7][0xa6][0xe6]f[0xe6]dfg*[0x14][0x17][0xa4][0x16]g[0xa6]ef[0x83][0xce][0x4][0xa9]L[0xcc]KWH,[0x0][0x9f][0x14][\n]"
15:16:00.748 [main] DEBUG org.apache.http.wire -  << "[0xed]T[0x1a][0x83][0xee]uA9[0xed][0x1d][0xbd]&B[0x9a][0x8f]63'[0xa5][0xfb][0x8c][0xe5][0xfc]n<9[0x99]z[0x15][0x9e][0x89][0x9][0xd2][0xfd][0x8][0xd0]x7[0xc6][0x8] |'V[0x11][0xbb]c[0xc9][0xc4][0xc4][0x92][0x94][0x0][0xa1][0xe0][0x94]8[0x13][0x13][0xa4])[0x1e][0x1a][0x8d][0x2]#m[0xe1][0xc]I[0xcc](UH*[0xcd][0xc1]r[0x86]![0xbe]p#n[0xd5][0xa3][0x89])[0xd2]|[0x3][0x99]6[0x11][0x1d]C[0xa6]H[0xe3][0xf4][0xb4][0xb7][0xb][0xd1]H[0x84][0xa6];[0xda][0xac][0xcd]31[0xa5][0xd7]>C[0x13][0xba]M/[0x9b][0x98][0xd2]kz[0xd9][0xc4][0x14][0xb3]|[0xa0]U<[0xd1][0xad]|0[0xa5][0xd7]d[0xb3][0x89])RID[0xe3]TN[0xaf][0xd9]"[0x13][0xe4][0xc9]f[0xb0][0x9f][0xcc][0xc][0xc]H[0x1b][0x82]6[0x5]]@H[0xc4][0x8d])&[0xd8][0xa6][0x8b]t3H[0xaa][0x9e][0x8c]Q[0xea]k[0xdc][0xdd]1[0x13]3[0xa4][0xab][0xf5]h[0xee]-[0xcc][0x9a]P[0xb7][0x9c]V[0xde][0xc2]l[0xab][0xea][0xa6]P[0xd1].h[[0xc4][0xd8][0xc2][0x18]1f[0x2][0xb9][0x4]V[0xd7][0xc][0xc3][0x9a]4[0x2]7[0xc4][0x9a]a9#B[0xb7][0xc][0xc3][0x18]|[0xf5]*[0xfe][0x8][0xa7][0xa6]k[0x8d][0xcd][0x90][0x16][0x83][0x6]@.,Tp,[0xcd][0xc9]LT[0xc0]lBe[0xe6]e[0x82][0x16][0xe][0x83].5TH[0x84][0xab][0x81]6,[0x89]k[0xb][0x18][0x9b][0x99][0xd3][0xa9][0xce]46C[0xba][0x17][0xf][0xfb][0x4][0xdb][0xc0][0xce][0xff]![0xad]#[0xc5][0xee]<\[0xf3][0xe8][0xfb][0xab][0xa0][0xe9][0x81][\n]"
15:16:00.748 [main] DEBUG org.apache.http.wire -  << "[0xb7][0x1b][0x1b][0x9b]!-@[0xc5][0xee]([0xdc]a[0x6][0x0][0x0][0x0][0xff][0xff]"
15:16:00.748 [main] DEBUG org.apache.http.wire -  << "[\r][\n]"
15:16:00.751 [main] DEBUG org.apache.http.wire -  << "D51[\r][\n]"
15:16:00.752 [main] DEBUG org.apache.http.wire -  << "[0x82][0xdd][0xf6][0x8c]^>Q[0xd5]y[0x88][0x1][0x13][0xec][0xce][0xc3][0x15]f4u[0x14][0xa2]$[0x4][0xe7][0xa0]l[0x5][0xf7][0xcc][0xd4][0x1c][0x8c][0xc][0x1f][0x2]:.?/[0x1d]t[0xd5]gvQfAq&[0xc2][0xad][0xc4][0xef][0x82]5[0xb3]@[0x14][0x85]H[0x96])d[0xa7][0xea]b[0xf6][0x9][0xa9]d#"[0xc3][0xa2][0xd9][0x88]YBP[0xc9]F[0xc4][0x10][0x12]}[0xee]l3C[0xba][0xca][0xf][0xec][0xc7][0xe4][0x12][0xda][0x16][0x82]HK|[0xe8][0xe4]Cz5[0xb6][0x8d][0xcd][0xe8][0xd5][0x4]66[0xa3]W[0xc3][0xd4][0xd8][0xcc][0x92]^[0xc3][0xdc][0xe6][0xa0][0xa6][0x1e]][0x6][0xcb][0xcc][0xd1][0xdb][0x8a][0x1][0xc1][0xb4][0xe9][0x14][0x19][0x9b]ci[0x10]a[0x94][0x8e][0xf8][0x9a]C[0xc4]v[0xfe][0x8d][0xcd][\r][0xe8][0x16]OH[0x83]'[0xe0][0x96]6[0xed]B[0xcf][0x10]1[0xb5][0xec][0x19][0xe0][0xe1][0xef][0xe7][0xaa]`h[0xaa][0x10][0x10][0xe4][0x8f][0x11][0x84][0x1e][0xae]~[0xee][0x1][0xfe]~[0x88]j[0xc5][0x4]4g[0x82][0xb3]^F[0x1a][0xe7]3GZqIk[0xdf] [0xea]/[0xda][0xf9][0x6]Qc[0xd1][0xda]7tKoH[0xab][0xc5]h[0xec]'[0xba][0x1d][0xca]dN[0xb7][0xc5]Y[0xe6]H[0xb][0x9c][0xdc][0x12][0xf3]J {%}[0x13][0x8b]@[0xcb][0xf]|[0x12]s1/[0xb4]r-Q[0xc8][0xc8]L[0x6][0xad][0x1f][0xcf]GZP[0x0][0x9a][0x7]"*?![0xad]eJJ,NM)J[0xcb][0xac][0xc0][0xc8][0xaf]`[0x99][0xd4][0xb4][0xc4][0xd2][0x9c][0x92][0x14][0xd0][0x9e]MhG[0xca][0xcc][0x12]4[0x8d]A[0x9c]5[0x88][0xee]*[0x8d][0x13][0x5][0xd2][0x1d]n[0xb4][0x99][0x85]@o[0xa0]#[0x97]NH[0xb7][0xb9][0xd1][0xda][0x9b]t+9[0xe8][0xb6][0xe][0xc4][0x9c][0xba][0xe7][0xe6][0xe0][0x8b]'[0xa4][0x8b][0xbc]h[0x1c]O&[0x88].[0x17][0xad]mB[0xf4]Ehm[0x13]"3[0xd3][0xac]f[0x4]5[0x8][0xa0][0xad]K[0xfa]gc[0xa4]u[0x15][0x3]`9[0xa2][0x15]E[0xe3]xD[0xba][0xde][0x89][0xd6]6!J[0xab][0x1][0x8]PD[0xc6][0x18][0x0][0xcb][0x11][0xed][0xae][0x1][0xb0][0x1c][0x91]Q[0xe9]o9[0xd2]q [0x3]`9be[0xd4][0x0]X[0x8e][0xc8][0xc1][0xf4][0x18][0xa3]1[0xa7][0xdb]R[0x1c]s[0xba][0x1d]Rb[0x8e][0xb4][0x14][0x7][0xfb][0xf8][0xe9][0x80][0xe][0xef][0x9a][0x83][0x1a][0xbe][0xd0][0xea][0x9][0xbb][0xf3][0x90][0xfa][0xb6]x[0xe7][0xdf][0xa8]8[0xe6]lN[0xb7][0xb3]F[0xcc][0x91][0x16][0x15]a[0xf7][0xfe][0xc0][0xc6][0xe][0xd2]J$[0xec][0xce][0x1b][0x90][0xd8]A[0xb4][0x4][0x7][0x91][0xa3][0x10][0x15]3vG[\r]pD"jO[0xec][0xce][0x1b][0x90][0x88]D[0xd4][0xaa][0x83][0xc7]Q[0x83]{:[0xcc][0x1c][0xe5][0x9e]![0xff][0x8]|[0xd7][0xc][0xd1]m[0xb][0xa1]9[0xd2]EC.[0xa5][0xd9][0xa5]y[0x18][0xe3][0x1e][0x88][0xd4][0x5]Zu[0x81]g[0xe6][0x10]y[0xc][0x0][0xe9][0x1c][0x14][0xec][0xc9]c`[0xb3][0x14][0xca][0xed]E[0x83]&&[0x8]e[0xa9][0x81][\r]3[0xa4][0x83]L[0xb0]G)"[0xa1][0xd0]/[0xf5]"-[0x15][0xc3][0xee][0xa8][0x1][0xe]3[0xc4][0xf0]9v[0xe7][\r]H[0x98][\r][0xee][0xea][0xe]i[0xf2]n[0x10][0x85][0xd9][0xa0][0xce][0x9b][0x16]H[0x87][0xb1][0xc][0x9a]0[0xb3]@:x[0x81]&{[0xb2][0xd0][0xc7]6[0xa9][0xd8][0x8b][0xb0]@[0x9a]m[0x1d]zn'[0xd4][0xc6][0x1e][0xd0]2[0xd1][0x2]izy[0x10][0xa5]U[0xc4][0xf0][0x18]mG[0x1]-[0x90][0x8e][\r][0xa2][0xfb][0xa0][0x8c][0x5][0xd2]48[0xf6][0xb0][0x1f][0xd8][0xa4][0x81]4w[0x8e][0xdd]y[0x3]P]Z M[0xb6][0xf][0xb9][0xa2][0x0]iw[0x5][0xf6][0x0][0x1d][0xe0][0xf8]&[0xd4][0x12][0x19][0x90][0xf8][0xa6][Q[0x80]t[0xe2][0xcd][0xd0]KY[0x88][0x6][0x11][0xb8][0xc0]t,[0xca]LO[0xcc]/[0x1][0x9d][0xa3][0x8a]z[0x98]1UV[\n]"
15:16:00.752 [main] DEBUG org.apache.http.wire -  << "Y [0xad][0xa7][0x18]rA[0x85]tH[0xf]}V[0xf]Z [0x1d][0xd6][0x3][0x8e][0x1c][0x9a][0xad]v[0xb2]@Z[0x13]B/[0xbf]![0xca][0xc]Z[0xfb][0x8d]n[0x5][0x1][0xd2][0x11]64[0xf6][0x13][0xd2][0x81]3[0xb4][0xb6][0x9]1[0xf9]4[0xe4]r,[0xd2][0xbe][0x12][0x1a][0x87][0x12][0xd2][0xb9][0x15]8mBT[0x82]D[0xaf][0xac][0xb4]@:SB[0x1]cD[0x8f]:E[0xb2][0x9]Z[\r]@[0xbb]B[0x6]i[0x19][0xc4][0x90]KJH[0xab](pF0u[0xe2][0x3][0xe9][0xae][0x18]Z[0xdb][0x84][0xd8][0xd6]Ak[0x9b][0x10]]YZ[0xdb][0x84][0x18][0xa9][0xa3][0xb5]Mt[0xab][0xc0][0x90].t[0xa1][0xb5][0x9f][0x10]e[0xc1][0x90][0xcb][0xa1]HK4[0x86][0x9e][0xdb][0x87]p%[0x8b]t[0xab][0xcc][0xd0][0xb]wD[0x9]8[0xf4][0xdc][0x8e](2[0xf3]R[0xf2]s3S1[0x1a][0x8][0x89][0xd9][0xa5][\n]"
15:16:00.752 [main] DEBUG org.apache.http.wire -  << "[0xc5][0xa5][0xd9][0x89][\n]"
15:16:00.752 [main] DEBUG org.apache.http.wire -  << "[0x8][0x5][0xd0][0xd5][0xce]FD_[0x8e]a[0x81][0xb4]x[0x5]Z[0xfa]`Nx[0xe2][0xab][0xf9][0xe8]6[0x89]da[0x86][0x98]`[0xc7][0xe9]RD#[0xc][0xdf][0xce]Yj[0xe]A[0x9b]#[0x16]PA\Ul[\n]"
15:16:00.752 [main] DEBUG org.apache.http.wire -  << "[0xba][0xb5][0x19]G[0xef][0x1a][0xfd]4[0x17]333[0xe2][0xa6]j-[0x90][0xa6]j[0x11][0xd1][0x8d]j[0xb]U[0xd2][0x3][0xd2][0x85][0x15][0xb4][0xb5][0x7][0x11][0x9b][0xb4][0xb5][0x7]Q[0xe7][0xd1][0xd4][0x1e][0xa4]yW[0xda][0xda][0x83]Ho[0xb4][0xb5][0x7][0xa9][][0x99][0x97]Z[0x94][0x9e][0x9][0xbe][\n]"
15:16:00.753 [main] DEBUG org.apache.http.wire -  << "[0xb]r[0x19][0x1c][0xf6][0xeb][0xa8]<[0x8b][0xf2]A[0xeb][0x12]`e[0x90]%hW-1;.,[0x91][0xb6][0xe7]!.)[0x0][0x99][0xa6][0xe0][0x94]_R[0x92][0x83]Y[0xf2]9[0xe7][0x83][0xe][0xba],[0x1]I@m37[0x7]eD[0xe2]lC[0xd4][0xc6][0xc1]9[0xa9][0xa9][0xd9][\n]"
15:16:00.753 [main] DEBUG org.apache.http.wire -  << "[0xee]E[0x89]y[0x99]%[0xa9][\n]"
15:16:00.754 [main] DEBUG org.apache.http.wire -  << "[0xe1][0x89]99[0xa9]%[0x18][0xc5],[0xec][0xb6][0x4]D[0xd9]bb[0x0][0xda]fN[0x9c]e[0x88]`[0x1c]bU[0x90][0x89])[0xbd][0xe]J71E[0xda]aH[0xf3][0xe3][0x85][0x90]fv[0xf0][0xd8][0x85][0x88]lb{[0xf3]&[0xa6]H[0xf3]"xL[0xc6]W[0x99][0x92]`[0x17][0xa2]X[0x83]T;4[0xda]gjb[0x8a]4.[0x8a]}r[0x2][0x11]T[0xf4]j[0xb][0x98][0x98][0xd2]k[0xe8][0xd4][0xc4][0xd4][0x88]N=N[0x13]S[0xa4][0xed]t4[0x8e]R[0xa4][0xb5][0x1b][0xbe][0xa0][0xe3]G[0x82][0xf3][0x93][0x93]S[0x8b][0x14]0[0xcf]:H[0xce]OJTH.JM,I[0x85][0x9f]Q[0x2]R[0x5]+tA[0x5]7[0x11][0xc5][0xa0][0x9][0xf8]\[0x1f][0xe8][0x1a]d[0xfa][0xd8]h[0x6]r[0x1a][0x16][0x1b]1OW[0xc0][0xe6]G[0x90]*[0xac]~4[0xd6]QrN,IM[0xcf]/[0xca]L-V[0xb2][0x8a]FZLg[0x81][0xb4][0x9b][0x8f][0xa6][0xf1]gl[0x81]t[0xe2]3[0xad]mB[0xb4][0xd2][0x1c]S[0x8b][0xf2]S*[0xf3][0x12]A[0x17][0x8][0xc1].[0xc6][0xc][0x1][0xdd]P[0x89]Qa[0xba]V[0x14][0xa4][0xa6]d[0x96]$*[0x94][0x96][0x80][0x8e][0x8d]WH[0xce]/*[0xc8]/"[0xef][0xdc]x[0xb][0xa4]k[0xe3][0x83][0x91][0xda]!>[0x99]y[0xa9]y[\n]"
15:16:00.754 [main] DEBUG org.apache.http.wire -  << "N[0x89][0xe9][0x98][0xb6][0x17][0x97]([0xa4][0x16][0x15][0xe5][0x17])[0xe4]efd[0xe6][0x80]\[0x90]Y[0xa2]P[0x9c][0x99]W[0xa2]P[0x94]ZT[0x9a][0xab]P[0x9a][0x93][0x93]H[0xd6][0x81][0xd6][0x16]t[0xdb][0x8a]ga[0x82]h[0xe5][0xd1]8[0x86][0xe9]v[0xcc][0xb4][0x5][0xdd][0xb6][0x17]Z[0xd0][0xed]@k[0xb][0xa4]+[0x93][0x87]X[0xf3][0xce][0xd8][0x2]i_[0x8]4[0x8d][\r][0xd6][0x9e]?[0xe6]f[0x11]L[0x97]"Z!t[0xeb][0xf9]#[0xf5]#[0xf2][0xf3]*[0x15]h7[0xb3][0x82]y`,[0xa6][0xff][0xf1]5+[0xe9][0xd5].3[0xb6]@:[0xf7][0xc]g[0x9a][0x1a][0x80][0x98]B[0x8c][0xa5][0xe1]t[0xd5] [0x9]?Dw[0x11][0xa7]K[0x7] [0xfc][0x10][0xad][0x0][0xec]][0x80][0x81]][0x9f][0x4][0xea][0x8c]C[0x9b]z[0xd8][0x9d][0x87][0x8]1[0xfa][0xe5][0x4][0xa4]M.4[0x1d][0xa7][0xc1][0xbc]rx[0xb0][0x96][\r]H[0xfb]j[0x6]Q[0xda][0xb6][0xc0][0x98][0xbb][0x1c][0xb4][0xe1][0x87][0xd1][0x13][0xc5]t)"[0xa5][0xd3][0xab][0x16]D:[0x98][0x8c][0xa6][0xe9][0x1c][0xf9]X2[0xf0][0xa8][0x1d]lXN!<[0xb1]$[0x19][0xf3][0xe8]W[0x9f][0xd4][0xc4][0x92][0x8c]T[0xa4][0x13]`,[0x8c]L[0x89][0x1d]kG[0xea][0x1f]CF[0x8][0xc3][0xf3][0xf3]s[0x88][0x1f][0x1e]42[0x2][0x95]HD[0xf4][0x8b][0x8d]-@[0xfb]m[0xa1]E[0x17]r[0xef]&83'[[0xc1][0x19][0xeb][0xd5]=[0x90]{}[0x10][0xf1]ld[0x4][0x9a][0x19] [0xc6]2K[0xa4][0x95][0xfe][0x88][0xf3]z [0xe6])8[0xe7]c9[0xa5]<8?[0xa7][0xb4]$Q![0xb5]D![0xb9][0xb4] [0x13][0xd4][0xa5]+IE:[0xb8][0x7][0xff]UjH]cK[0xe4][0x91]D[0xa4]N[0x9c]s~AAj[0x91][0x82]w^f[0x1a]h([0x17]u6[0x3][0xe2]0[0x84]G-,A[0x1d]l[0xe2]<[0x8a][0xc8])C[0xad]Un[0x89][0xb4][0xee][0x1e][0x92][0xf6][0xa0][0x7]*[0x5]$[0xe6][0x95]`N,[0x5][0x95]&%!'rS3ss[0xe2]&[0x94],[0x91][0xc6]\![0x16][0xc1]3[0x14]v[0xab][0xa0]}~D[0x84]XZ[0x80][0xd6][0xb2][0x10][0x17]![0x88][0xd1]J[0xe4]a[0x4][0xb8][0x8d][0xde][0xa9][0x95]I[0xf9][0x89]E[0x98][0xa7][0xf]c[0xe4]b3[0xf0][0xa9]jDY[0x8a][0xb4][0x8a]~[0xc8][0xa5][0x2][0xa4][0xb3][0xfd][0x83]s[0x13]sr[0x90][0xae]l[0xc6]Z*`[0x89][0x1c]PB".[0x9c][0x10]c[\r][0x9e]y%[0xa9]99[0x99][0xe9][0xa9]y%[\n]"
15:16:00.754 [main] DEBUG org.apache.http.wire -  << "[0x90][0x11][0x16][0xec]i[0x1]<[0xb][0x84]H[0x9][0xe6][0x16][0x86][0xa6]D[0xa6]:[0xa4]e[0xfa][0x1e][0xa9][0x89]e[0x95][\n]"
15:16:00.754 [main] DEBUG org.apache.http.wire -  << ".[0xa5]%[0x95][0x8][0xdf][0xe1]L[0x8][0xa0][0xd9] d[0xb]AC1[0xc4][0xf9][0xe]Q[0xbf][0xc3]/@t[0xce]/)[0xc9][0xcf][0xc3]U[0xa0]C2[0x1c][0xc2]2[0x13]pV![0xce]2D[0xc1][0x83]\[0x9c][0x83][0x1c][0xaf][0xe0][0x94][0x9a][0x87][0xa5][0x9a][0xc2],[0xe5]@[0xc7][0xb5][0x13]g[0x19][0xa2]W[0x13]P[0x94][0x98]\[0x92][0x99][0x9c][0x98][0x3][0xbb][0xf6][0xcd][0x3]Ki[0xe][0x9d][0xe6]Bx[0xcc][0xd4][0x18][0xb4]^[0x9b]8[0xbb][0x90][0xfa]%[0xe0][0xf4][0x18][0x90][0x8]*[0xb9][0xb1]W[0xbd][0xe8][0x1]hd[0xc]ZL[0x9c]=[0x88][0x9e]FP)x[0xc2][0x11]ZG`[0xad][0x9f] r[0x8][0xf]Y[0x9a][0x12]o[0x11][0xf6][0x12][0x9]R[0x9e]*`[0xb]>[0x88][0x14][0xc2]2#[0x13][0xd0]Q[0xd8]D[0xf9][\n]"
15:16:00.754 [main] DEBUG org.apache.http.wire -  << "[0x14][0xcc][0xd0]Z[0x1e][0xe9][0x86]>H[0x6][0xc3]^[0xcb][0xa3][0x7][0xa1][0x99]1([0xe3][0x10]g[0x19]";[0xfb]d[0xa6]g[0x94][0x94][0xa7][0x82]H[0x5][0x88][0x89]X}[0x16][0x9e][0x9f][0x9f][0x92][0x8a]4skj[0x9]ZL[0x9c]e[0x88][0xdc]5[0xe4][0xca]X[0xe4][0x99][0x1d]p[0x9a][0x86][0xcd]*+`/[0xf4]0[0xca]X3[0xb]Sc"[0x8b]=[0xa4]{l[0xe1][0xa5][0x10]$[0xb]aKj[0x18][0xb5][0x9e][0x11][0xf8]b[\n]"
15:16:00.754 [main] DEBUG org.apache.http.wire -  << "[0xe2]b[0x4][0x91]S][0xf3][0xf2][0x8b]r[0xf3]K[0x8b][0x11][0xc5]+v[0x8f][0xa1]g##[0xb][0xd0]I[0xca][0xc4][0xd9][0x86][0xc8][0xaf][0xc8][0x15];n[0xaf][0x81]Z[0xb6][0x88]<D[0xfc][0xa9][0x8c][0x96]H[0x8b][0xef][0x1d][0xcb]S[0x8b][0xf3]sS[0x15][0xa0][0xc5]xpFf[0x11][0xe6][0xac]=Z[0x15]eaI[0xec]1[0x93][0xe0][0xc4][0xf][0xcd][0xad][0x88][0xd5][0x8][0xf0][0xb4][0x81][0xa3] [0x2]U([0x8]YX[0x80][0x96][0xd1][0x10][0x15][0x82][0xc6][0x88]QD[0x84]m[0xd0][0xa2]Z! '[0x11][0xbc][0xc8][0x1][0xb5]e[0xc][0xaa]N[0x10]v[0x19][0x1b][0x83]v[0xd7][0x13]g[0x17][0xa2]h[0x80][0x96][0xae][0x90][0xac][0x8f][0xc3][0x1e][0x8c][0x4]on[0x8][0x1a]m [0xce]*[0xc4][0xd2];x2[0x84]&k[0x5][0xac]g[0x83]B[0xbd][0x8c][0xf0][0x97][0x85]![0xd1]MY[0xa4][0x8b]F]J[0x8b]@sR[0x88]$[0x8f][0xbd][0xda][0x5]u[0xe8][0x10]V[0x99][0x11][0xbf][0x9e][0x3][0xe9][0x84][0xc9]!W[0xe0]![0x9d]Y[0x89]\3[0xc0][0x93]6[0x8e][0xb][0xa1]Q[0x93][0x9b][0xa9][0x9]hn[0x8a][0xb8]4[0x80][0xa8]c[0x91][0xed][0x83][0xb7][0xfa][0xb1][0x15]}[0xa8][0x11]cj[0x8]:C[0x9e]([0xcb][0x90][0xe6][0x9][0x91]-[0x83]&p[0xec][0xb][0x96][0xd0][0xab]t[0x13]C[0xd0][0x89]#[0xc4]Y[0x87][0xc8][0xb6]HU:[0xb8][0xd0][0xc1]q[0xbb]7X[0xe][0x91][0xe6][0x8c][0x8c]A[0x7][0xb0][0x12]g[0x17]"[0xdb]"[0xd9][0x5][0xad][0xd0][0xb1][0xb7][0x1f]`q[0x8a][0xb0][0xcf][0x18]|[0xf4][0x1a]q[0xf6]![0xe5][0xdd][0xa2][0xf4][0xfc][0xbc]|[0xd0][0x94]/[0xbc][0xb0][0xcd]O[0xc5][0xec][0x86][0xa2][0x96][0xea][0xe6][0x86][0xa0]k[0x94][0x88][0xb3][\n]"
15:16:00.754 [main] DEBUG org.apache.http.wire -  << "[0xd1]~@n0Cc[\r]G[0x2]Ai[0xac][0x98]Y[0x12][0x9d][0x1e][0x91][0xa6][0x5][0xe1][0x17][0xb2]Cj*[0xec][0xed]X[0xf4][0x18]3[0x1][0x8d]`[0x12][0xe7]-D[0xd3][0x1c][0xd2]}[0x83][0x96]n8[\n]"
15:16:00.754 [main] DEBUG org.apache.http.wire -  << "Z[0xa8],"[0xb2],MA[0xe7][0xe4][0x11]g[0x15][0xa2][0xbe][0xc7][0x18][0xd4][0xc1][0x16]~[0xe0]V'[0xc2]&3[0x3][0xa2]GU[0x90]w[0x12][0x81]G[0xe0] [0xed][0x6]b[0xfd]dl[\n]"
15:16:00.755 [main] DEBUG org.apache.http.wire -  << ":[0xbf][0x99](?![0xed][0xc6][0x19]r[0x85],hL[0x4][0xda]z[0x80][0x8e]r[0xd3][0xe8][0x2][0x0]KP[0xe3][0x13]j[0x13]r[0x89][0x7][0xad][0xb5][0x15]p[0x94][0xe6][0x90]HC$[0x0]S[0x13][0xd0][0xe0][0x1c]q[0xd1][0x82][0xc8][0xac][0x88][0xe]'[0xac]R[0xc7]^[0xe]a[0xa4]l[0x13]S[0xd0]F[0xe][0xe2][0xac]Ct[0xa6][0x91][0x86][\n]"
15:16:00.755 [main] DEBUG org.apache.http.wire -  << "@[0xb5][0x11][0x8e][0x11]C[0xa8][0xcf][0x11]~32$vy[0xb5]%hl[0x18]K`[0x82][0x8b][0x0][0x1c][0xfd][0x1][0xd4]B[0xcf][0xc8][0x8c][0xe8]f[0x18][0xd2][0x86][0x1f]h3[0xc]^%[0x6]g`-^KR[0xc1]W[0xdf]@[0x97]$Y[0x9a][0x82][0x86][0xb6][0x88][0xb]CD[0xfb][0x1c]j[0x15]$[0xfe]q[0xc].[0x83][0xbd][0x8b][0x8]?[0x13]C[0xd0],[0x16]q[0x16]a[0xaf][0xeb][0xc1][0xb1][0x85][0xbd][0xf2][0x5][0x97][0xbc]Hv[0x11][0xdf][0x8c][0x5][0xa5] h\[0xc1];SPoa[0xef][0xe0]`$[0xc][0xb]#[0xd0][0xcd]-Dy[0xc][0xd4]m[0x80]Z[0x86]<:[0x6]j[0xa7][0xe0]H[0x86]h%[0xac][0xa5]![0xa8][0xa3]I[0x9c]][0x88][0x8a][0x1e]%GC[0xc7]Z[0xb0][0xae]NF[0x8b]2ss[0xe2]}[0x86][0xc8][0xce]H[0xf9][0xb][0xda][0xac][0xc0][0xde]lF[0xf3][0x1a][0x9][0xcd]3PF[0x84][0x6][0xe3][0x90]+[0xd2]1[0xb7][0xc8][0xd0][0xaa]H[0xc7][0xdc][0xe2]B3[0x9b][0x10][0xf9][0x95][0xc6][0xd5][0x14][0xd2][0xe2][0x1d]ZN[0x10]Z[0x82][0xd6][0xff]CS[0x18]m[0xed]Ad[0x1b][0xda][0xda][0x83][0x88]![0x9a][0xda][0x3]*[0xe2][0xe9][0x11]n[0xa0]iJ[0xa8]=[0x1][0xc1][\n]"
15:16:00.756 [main] DEBUG org.apache.http.wire -  << "[0x98][0xe9]:=17U[0xc1]T[0xa1][0xb8]$[0x11]i[0xd2][0x16][0xff]z[\r][0xe4])FP[0xcf][\r]j<[0x8d][0x13]4[0xa8]KJ[0x1f][0x9b]@[0xc3]pt[0xb2][0x9][0xd1][0x9d][0xa5]q[0xe8][0x81][0xaa]':[0xf9][0x9][0xd1][0x8d][0xa5][0xa9][0x9f]L[0xc][0x90]g[0xeb]h[0xb9][0x12][0xd0][0xc4][0x0]i[0x8b][0x9][0xad][0xfd]D[0xbf][0xd0]C[0x14][0xa8][0xb4][0xf6][0x13][0xa2]GAk[0x9b][0x90][0x6][0x0]h[0x9c]"[0x10][0xfd][0xff][0xcc][0x80][0x8c][0xfc][0xbc]TC[0xd0][0xe6][0x5][0xd4][0x1]c[0xf0][0xae][0xd3][0xd4][0x14][0xd8][0x16][0xe][0xa4]F7h[0xfd][0x9][0x11]MS[0x13][0x3][0xa4]C[0xb0]h[0x1d]t[0x88]z[0x8f][0xc6]6!M[0xcb][0xd1][0xda]&:[0x15][0xaf]&[0x6][0xf4][0xba]g[0xcc][0xc4][0x80]n[[0xb0][0xc][0xc8][0xda][0x18][0x85]H[0xe4]Do[0xaa]3[0x0][\r]P[0xd1][0xa3]n21@[0x1a][0xad][0xce][0xcd][0xcc][0xc9][0xc6][0xd8][0xc4][0x82]p=[0xbe]u|[0x88][0xf6][0x8f][0x89][0x1]hA[0x4][0xd4][0xed][0xd4]2[0x11]Q[0x3][0xd0][0xe5][0xd0]0[0x13][0x3][0xa4]c[0x96]<[0xb]@e[0x99][0x82][0xa1][0xa1][0x82][0x99][0x89]Bz[0x12]F[0x0][0xe1][[0xae]M|[0x84]#[0xdd]*4XV[0xe][0x9b][0x18] [\r]E[0xd1].[0x14][0xa8]w[0x4][0x82][0x9]x\[0x17][0x9a][0xf4][0x82][0xb3][0xab][0xf2][0xf3][0x15][0xc2][0xf3]s[0xd2][0x92]3[0x12]AK[\n]"
15:16:00.756 [main] DEBUG org.apache.http.wire -  << "P+[0xa2][0xe0][0x92][0xa2][0xc4][0xca][0xec][0xcc][0x14][0xd0][0xc][0x2]t0[0xcb][0xd0][0xc][0xb4]![0x97][0x98]:[0xc8][0x14]i[0xaa]481[0xb7][0xb8]4/]![0xd8][0xc8]X!4[0xa7][0xa4]([0x11]#[0x81][0xb8]'[0xe6]$VT[0x92][0x9c][0x8f]LA[0xc3][0xe1]P[0xcf][0xc][0x9a]$a[\n]"
15:16:00.756 [main] DEBUG org.apache.http.wire -  << "[0x9a]*[0x82]:[0x8a][0xb0][0xcf][0x11]~&%l[0x91][0x1a]a[0x4][0xc3]6#[0xb3]2[0x11][0x14][0xe2][0xd0]($[0xb2][0x88]25F4[0x8a][0x6]O[0xd0]"[0xed][0x1b]D[0x8e]B[0x8a][\r][0x9a]6[0x1f]M[0x91][0xe6][0xc4][0x6][0x91][0xf7][0x7]cBA:[0xde][0x8e][0x8e]![0x5][0x0][0x0][0x0][0xff][0xff]"
15:16:00.756 [main] DEBUG org.apache.http.wire -  << "[\r][\n]"
15:16:00.757 [main] DEBUG org.apache.http.wire -  << "41A[\r][\n]"
15:16:00.757 [main] DEBUG org.apache.http.wire -  << "*RHO[0xcc][0xcd][0xcc]KW((-*[0xc8]/N-V[0xaa]E[0xaa][0xf5]M[0x91]f[0xca][0x6][0x91][0xa3][0x90][0xba]Y[0xe0][0x89]B[0xe8][0xf8];[0xd6][0xc5]g[0xae][0x15][0xa9]E[0xc9][0x99]%[0x89]%[0x99][0xf9]y[0xa9][0xb9][\n]"
15:16:00.757 [main] DEBUG org.apache.http.wire -  << "[0xb9][0x89][0xe9]y[0x99][\n]"
15:16:00.757 [main] DEBUG org.apache.http.wire -  << "[0xf9])[0x99]%[\n]"
15:16:00.757 [main] DEBUG org.apache.http.wire -  << ")[0xf9]9[0xf9]Ed,771E[0xaa]A[0x7]O[0xa8] [0x1d][0xa4]E[0xdb][0xde][0x86][0x99][0x1][0xa2]KHk[0x9b][0x10][0xd3]K0[0x9b]t1[0x97]b[0xe1]k[0xab][0x19][0x83][0xf6][0xe9][0xe3][0xac][0xfd][0xa1][0xad][0x14]c[0xb][0xa4][0xa3]>![0xf9]A[0xd7][0xc][0xa3][0xc6]O#[0x90]Y[0xc0][\r][\r]X-[\n]"
15:16:00.758 [main] DEBUG org.apache.http.wire -  << "-Uu17[0x8e][0xc][0x16][0xd7][0x82][0xe6][0xf8][0xd0]][0x8b]y[0xdd][0xf1][0xa0]q-f[0xf][0x17]K[0x14][\r][0x1a][0xd7]"*[0x18]X[0xba]U[0x8][0xce][0xc9][0xcc][0xc5]HS[0xf8][0x1c]Lt7[0xc3][0xcc][0x10]3C[0xd2][0xce]:cKs[0x84][0xef]h:s[0x0]Z[0xff][0xc]M[0xa1]CnN[0xf][0xb4][0x94][0x7][0xea]v[0x9a][0xcc]F [0x1a]p41[0x1e]Q[0xc3][0xd2][0xc4]xDz[0xa5][0x85][0xf1]H[[0x6]a[0xb9][0x8f]&[0x19][0xcf][0xd8][0x12][0xb4][0xe][\r][0x1a][0xcb][0xb4][0xb6][0x9][0x91][0xe7]hm[0x13]"rhm[0x13]f[0xed]N[0xab]x[0xa2][0xdb][0x98]/[0xa8][0xb9]A[0x8f][0x14]ab[0x80]t[0xd9][0x13]M[0xe3][0xc9][0xc4][0x0]i_'[0xad]mB[0xc][0x9][0xd2][0xda]&D[0x1]Jk[0x9b][0x10]e)[0xad]mB[0x94][0x11]C[0xac][0xbe]41@[0xea]S`[0xef]R![0xba][0xaa][0x88][0xf1]'[0xfc][0xb3][0xf7][0xd0][0xc6][0xbd][0x91])[0xd2][0xd0][0xb5];[0xb8][0xb3][0x8b]Q[0xca] [0xc][0xc7][0xde][0xf]6[0x0][0x8d]!B[0xb3]5v[0xe7][\r][0x84][0xa3][0x90]Z[0xf0]C.[0xbe]A[0x1b][0xe9][0xa0][0x1]J|[0xae]@[0x4]2[0xd1]mc[0x3][0xd0][0xe2]8[0xfa]X4[0x84]s[0x1f][0xd2][0xe6][0xa7]![0x97][0x92]@{[0x9][0xe9][0x12][0xc1][0xc8][0xd3][0x3][0xd0][0xee]=FA[0x82][0xd1][0x9f]#'[0xc9]"M[0x11]Pi[0xaa][\r]i|[0x9f]Z&"[0xea]Oj[0x99]HN=IV[0xf0]"2*m[0x8b][0x9e][0xa1][0xbb][0x97][0xcb][0xc4][0x0]i/[0x17][0xbd]&g[0x11][0x8b][0x93][0xa9]7-i[0x8a][0xf3]<M[0x13][0x3][0xa4][0xa9][0x89][0x80]`[0x13][0xcc][0xac]\l[0xa2][0x90][0x94]X[0x4][0xba][0xca][0xc]:[0xf]eL[0xec][0xa9][0xf7]&[0x6]H[0x17][0xef][0xd0]6[0x8d][0x99] [0xfa]P[0xd4][0xef]J[0x9b][0x18] [0xef][0xc9]![0xba][0xcc]C[0x9a]}%[0xbe][0x9e]F[0x9a][0xfe] >[0xc4][0xc8][0xb3][0x9]s([0x11]3[0xf2]s[0x12]+[0x15]2[0x12][0x8b][0x15][0xf2][0xf2][0x15][0xc0][0xab][0x9b][0x90]l"r:[0xd2][0x0]i[0xa7][0xe]l[0xd7]([0xe4]4[0x6][0x1c][0xeb][0xfa][0x3]K3[0x13][0x15]R[0xf3][0x8b][0x15][0x8a] [0x93][0x15][\n]"
15:16:00.760 [main] DEBUG org.apache.http.wire -  << "y[0xa9][0xc9][0xa9][0xc5][0xc5][0xe0][0xb9][0x8b][0xa4][0xd2]b[0x85][0xb4][0xd2][0xf4][0xcc][0xc4][0x12][0x85][0xc4][0xbc][0xcc][0xdc]L[0xa4]i[0xb]#P[0x97][0x13][0xe7][0x8]7[0xd2]d[0x8e][0x1][0xd2][0x86][0x1e][0xb2][0x82][0x98]h[0x8f][0xd3]i[0x4][0xc1][0xc4][0x0][0xe9]xL[0xa4][0x9d][0x8b][0xb0][0xe9] [0x1c];[0x94]\+[0x14][\n]"
15:16:00.760 [main] DEBUG org.apache.http.wire -  << "K[0x13]S[0x8b][0x12]A[0xa7][0xc7][0x16][0x81][0x83][0xb7][0x18])<[0x89]=u[0xc8][0xc4][0xc0][0x94]n[0xa3][\n]"
15:16:00.760 [main] DEBUG org.apache.http.wire -  << "H;R[0xe0];[0xb][0xc1][0x1b]3[0x14][0x9c][0xf3]s[0xb]JK[0xc0]G[0xf4][0xa0].[0x85]p,.H-[0xca][0xcc]/J-[0x86][0x9c]M[0x9b][0x9f][0x9c][0x9c][0x98][0x9a][0x9c]X[0x92][0xa9]PXJ^[0xf2]A[0xde][0xa9]B[0xb3][0xd5]3[0xd4][0xec][0xb4][0x81][0xf6]8B[[0x86][0xb4]\[0xba]h[0x86]h[\n]"
15:16:00.761 [main] DEBUG org.apache.http.wire -  << "[0xd1][0xd4][0x1a]D[0xfb][0x88][0xa6][0xd6] [0xb5][0x8e][0x90][0x8e][0xd2][0x2]o[0xb4][0xc2][0x91][0xa1][0x1c]K[0xa1][0x93][0xa9][0xa9][0xb9][\n]"
15:16:00.761 [main] DEBUG org.apache.http.wire -  << "E[0xa9][0x5][0xa9]99[0xa9]y)[0xa5][0xc8]y[0x8a][0xf8]2[\n]"
15:16:00.761 [main] DEBUG org.apache.http.wire -  << "i[0x87][0x8a]g[0x80][0x87][0xbf][0x9f][0xab][0x82][0xa1][0xa9]B@[0x90]?F[0x9][0xed][0xe1][0xea][0xe7][0x1e][0xe0][0xef][0x87]h[0x0][0x9a][0x80]j[0x10][0xa2][0xca]A[0xa4][0x83]iif[0x7][0xd2][0xae][0x14][0xda][0xd9][0x81][0xa8][0xc8]h8[0xf]cb`[0x8e][0x18][0x95][0xa3][0xad]=H)[0x9c]vW[0x12][0x99][0x18][0x80][0xce]}[0x80][0x95][0xb][0xb4][0xb4][0x7]tJ[0x1f][0xd4][0x1e][0xb2][0xea][[0xe2][0x1b]OH{lh[0x96][0xda]@Gs@}C;;[0x10])[0x8d]vv [0x8a][0xeb][0xc1]3[0x94][0x87][0xb4]y[0x89][0x96][0x85];[0xe8][0xd4][0x18]h[0x1c][0xe][0x1e][0xbf]#[0xdd]l[0x84]3[0x9b] [0x8a]y[0xe2]3[0x5][0xbd]v[0x2][0x99][0x18]X[0xe][0xc6]$[0x85]|[0xa0])[0xd1]]7[0xb2][0xc2][0x19][0xd1][0xdc][0x1f]D[0x89][0x8a][0x9c][0xb6]9[0x19][0xbe][0x7][0xf7][0x16][0x6][[0x96]2$k[0xc6][0x8e],[0xdf]#[\n]"
15:16:00.761 [main] DEBUG org.apache.http.wire -  << "l[0x9c]y[0x17]cL[0x14][0xa9]/Mtn6[0x4][0x9d]"1[0xf8][0xc2][0x19][0xa9][0xb1]Lt[0x1e]#[0xcf][0xfb][0x88]LF[0xab][0x9a][0xd1][0x10][0xf9][0xc4]V[0x1a][0xfb][0x6][0x91];[0x3][0x8a][0xf2]SJ[0x93]K[0x14][0x1c]Ks2[0x13][0x15]0[0xf7][0x96][0x81]"
15:16:00.761 [main] DEBUG org.apache.http.wire -  << "[\r][\n]"
15:16:00.763 [main] DEBUG org.apache.http.wire -  << "AD[\r][\n]"
15:16:00.763 [main] DEBUG org.apache.http.wire -  << "[0xee][0xf]*[0x80][0xaa]I[0x84][0xab][0x81][0x8e][0xc8][0x11]9"a[0x88]4SF[0x1f][0xfb][0x10]-s[0x1a]g[0xb][0xa4][\r][0x9b][0xf4][0xf1][0x19]"[0xc3][0xd3][0xc7]>D[0xd5]J[0x1f][0xfb][0x10]}[0x10][0xfa][0xd8][0x87](A[0x9c][0x8a][0x12][0x93]S[0xb1]][0x10][0xe8][0x9b][0x98][0x92][0xaa][0x90][0x9f][0xa6][0x90][0x91][0x99][0x9e][0x1][0x1a][0xba][0xca][0xc9],[0xa9]T(HM,[0xca]A.J@[0xbb][\r][0x89][0xe9][0xfe][0x1a]"[0xad][0x16]t[0x9]sQ[0xf0][0xce][0xcc]M-).[0x5][0x8d]tF&f&[0x81][0xf6]][0xa0][0x8e]$![0xea][0x5]C#[0x3][0xd4]!p<[0xc3][0xeb][0x86]H;:A[0xd6][0xf8][0x96][0xa6][0xa7][0xe6])[0x84][0x14]%fbn[0xdb][0xc1]c[0x83][0x1][0xee][0x1]|CCD)B#[0x1b]@a[\n]"
15:16:00.763 [main] DEBUG org.apache.http.wire -  << "[0xad]the"
15:16:00.764 [main] DEBUG org.apache.http.wire -  << "[\r][\n]"
15:16:00.765 [main] DEBUG org.apache.http.wire -  << "17D[\r][\n]"
15:16:00.766 [main] DEBUG org.apache.http.wire -  << "[0x3][0xa2][0xa4][0xa0][0x95][\r][0x88]y[0x95]A[0xd3]<3D[0x9a][0xfe][0x1f]D[0x8e]B[0xe4][0xc5]A[0xe4]([0xc4][0x4][0xf][0x8d][0xab][0x12][0xa4]E[0x0][0xd8][0xbd][0x8f]X%[0x83][0xc8][0xb0]t[[0x82]c[0x88]4[0xfd][0x8e][0xdd]y[0x3][0xe2](B[0x99]k[0x80][0xc3][0xc]Q{[0xe][0xa2]0CT[0xb1][0x90][0xbd][0x16][0x18]c[0xbb][0xd8]vZ[0xe8](A[0xdb]|[0xc4]w[0x19][0x90][0xf6][0x3][0xd2]8[0xeb] [0xcd][0xf4]+`[0xf8][0x86]:[0xfd][0x1f][0xa4][0x9]y[0xb2]<ClS[0x19]i'[0xc]Y[0xf6][0x10][0x1f]=H{[0xd4]im[0x13][0xa2][0x92][0xa5][0xb5]M[0x88][0xf2][0x80][0xd6]6!r[0x11][0xad]m[0xa2][[\r][0x84][0xb4][0xdb][0x90][0xb0][0x9f][0xd0][0xa7][0xe5][0xf1]'<*[0xce]+[0x1a]"M[0xec][0x13]v&l[0x1][0x1][0xa2]v[0xc2][0xef]P[0xa4][0x9]{CJ'[0xec]I[0xb0][0x9][0xd1][0xf4]![0xde]K[0xc8][0xbd][0xf]b[0xf]z1[0xa4][0xdb][0xa4][0xb9]![0xd2][0xa4]9[0x8d][0xfd][0x84]43[0xe][0xb5][0x9][0xcb]r"[0xd0][0x8a][0x92][0xf2][0xcc][0x92][0xc][0x85][0xac][0xd4]b[0xc4][0xba][0x12]D[0xb2][0xc0][0xdf][0x92]BN[0x16]H;=i[[0x81]"M[0xa0][0xf][0xb5]e[0xa1][0x86]f[0xa4][0x94][0x8f][0x3]W[0x96] [0x9d][[0x9]M:[0x98]'[0xd7][0xc1][0x1b][0x10][0x3][0xe8]L[0xc4][0xf0]#[0xf6][0x86][0xe4][0xc0][0xb6]s[0x91]f[0xf4][0xa1][0xa1]Ht[0x6]D*[0xc4][0x88][0xcf][0x81]H[0xb3][0xfb][0xd8][0x83][0x83][0xd8]lM[0xcd]j[0xc9][0x1c][0xa3][0x95]Ct [0x10][0xeb]\[0xe4]R[0x8][0xe9]<[0xcc]!W8 [0xad]h[0x80][0xa6][0x97]A[0x99][0xeb]0[0xef][0xe5][0xa5]m[0x8c][0xe][0x8d]"[0x13]i[0xfb][0xf1][0xd0]Kx[0x88]rtP'<R[0x9a][0xfc][0x3]W+[0x99]#[0x6][0x80][0x87]\J iq[0x10][0xe5]A[0xc][0x0][0x0][0x0][0xff][0xff]"
15:16:00.766 [main] DEBUG org.apache.http.wire -  << "[\r][\n]"
15:16:00.768 [main] DEBUG org.apache.http.wire -  << "646[\r][\n]"
15:16:00.768 [main] DEBUG org.apache.http.wire -  << ""s[0xe3][0x1b][0xf8][0x80]v[0xe8][0x8][0xf8]`N[0xb0]H[0x8b][0x93][0x86]^J@L[0xa9][0xd1]lj[0xd7][0x2]1[0x10][0x8][0x8d]F[0xcc][0xbb]}[0xe1][0xcd]LX[0x97][0x95][0xe8][0xa6][0x11]5[1[0x16][0x18][0x95][0x10][0xa6]K[0x11][0xcd][0x15]|[0xa3]ZTu[0x15][0xa2][0xec]Q[0xa0][0x10][0x96]Y[0x96][0xaf][0x10]id[0x84]1[0xd4][0x97][0x9b][0x9a][0x9b][0x99][0x93][0x99][0x9d][0xa9]P\[0x90]Z[0x9c][0x99][0x96][0x99][0x9d]X[0x9c][0xa9]P[0x99][0x98][0x97][0xae][0x90]X[0x90][0x9]:[0x85][0x11]:[0x86]i[0xc][0x9a]G#v[0xdd][0xbe]![0xd2][0xaa]-h[0xe4][0xd1][0xb4][0x19][0x80]y[0xd2]5m[0xad]C[0x14][0xe2]P[0xdf][0xe1]i[0x8b]aI[0x9a][0xc4][0xf]r[0x10]}[0xdc]5[0xbe]n[0xba]1[0xd1]#[0x1d][0xc4][0xac]k[0xc3][0x97][0xe7]H[0xf0][0x18])[0xa3][0x8e][0x3]W[0x97][0x80].0![0xaa].[0xa1]R[0xf8]c[0x94]yx[0x12][0xd6][0x0][0x86][\n]"
15:16:00.769 [main] DEBUG org.apache.http.wire -  << "F[0x81][0x87][0xc3][0x99]T[\n]"
15:16:00.769 [main] DEBUG org.apache.http.wire -  << "[0x15]DIF8[0xbb][\r]`[0xa8][0xc][0x8d][0x86]2[0xd2]M[0xee][0xd8][0x7][0x2][0x6]t\[0x4][0xbc][0xed][0x2][0x9a][0xe3][0x6][0xa5][0xf3][0x10][0xe5][0x16]v[0xe7]!*z[0xfc]c3T[0xac][0xea][0x8d][0xc][0x10][0xcd]1[0xec][0x8e][0x1a][0xe0](E[0x14][0x17][0xd8][0x9d]7 a6$[\n]"
15:16:00.769 [main] DEBUG org.apache.http.wire -  << "[0x15]#[0xa4]CF[0x6]q[0xd9]g[0x84][0xb4][0xe][0x13]{[0x14][0xf]l[\n]"
15:16:00.769 [main] DEBUG org.apache.http.wire -  << "DZL[0x9][0xb9]|[0x10][0xb2][0x13][0x11][0xdb]e[0x80]N9[0x89]y)[0x99]%[0x99][0x99][0xc5][\n]"
15:16:00.769 [main] DEBUG org.apache.http.wire -  << "[0xc9][0xa5]9[0x5][0x89][\n]"
15:16:00.772 [main] DEBUG org.apache.http.wire -  << "[0xa9]y[0x99][0xb9][0xa0][0x8d][0xac][0x89]H[0x1b].A[0xa7]r[0x13][0xb3]p[0xcd][0x8][0xe9][0x1a][0x8c]A[0x19].[0x88][0x82][0x83]6K[0xb9][0x8c][0xc][0x11]-[0x9a]A[0x19][0x0][0xc4][0x96][0x2]Ti[0xc9][0x18][0xa1][0xad]c[0xa4][0xfe][0x2]C#[0xa4]%[0x8c][0x83][0xb9][0xbc]@Z[0x7][0x89][0xdf][0x99][0xd4][0x9]w[0xa4]E[0x91]t[0xb1][0xe]1[0xad][0xe1][0xb]Z[0xc][0x1e][0x9c][0x9f][0x9c][0x8c]e[0xbf]sr~R[0xa2]BrQjbI*[0xe6]=$[0xf8]O[0x81]E[0x9a][0xd5]0B[0xba][0xdf][0x82]J[0xb6][0x19][0xe2]^[0xc1]j[0x84]t[0xc7][0x5][\r]No0BZeIjL[0x11]=[0xf6][0x83][0x12]x[0x88][0xb6][0x9][0xd4]>[0xcc][0xb1][0x1b]|=^[0xfa]5[0xf2][0x8c]0[0x8a]*L[0x97]"[0x1a]Rt[0x1a]e2"[0xfa]"[0x12]*ed[0xc4]([0xff]`[0xac]N[0x88]>[0xd8][0x89]:[0xa1][0x81][0xb4][0xbe][0x94]F[0xd5]7[0xd2][0xb9]N[0xb4][0xb2][0x1][0xd1][0x4][0x19][0x94]1[0x8a]([0x1f][0x6][0xa5][0xf3][0x10]c[0xe][0xd4]>[0x10][0xc8][0x8]i[0xf9]&[0xf5][0xcd]&e[0x4]u[0xc0][0x86]t[0x8c][0xe8][0xb6][0xde][0xd3][0x8][0xe9][0xc0]Gh=dJ[0xbb][0xf3][0xb0]M[0x8c]@[0x17][0xc4][0xf][0xe2]Q[0x16][0x13]D[0xaf][0x1][0x16][0x1a][0x18][0x13][0x17][0xe0]Z[0x99]:[0xe5][0xa8])[0xa1]L[0x8e][0xa8]W[0xe9]W[0xdf]c[0xae][0xd0][0xc3]1[0xc8][0x8a][0xe3][0xcc]'[0xa2][0xc7][0xe2][0x8d][0x90][0xd6][0xcc][0xd1]#[0xb4][0x91][0xe][0x9f][0x19][0x8c]E*[0xd2]1[0xe8])[0xa9][0xc5][0xc9]E[0x99][0x5][0xa0]{80[0x92][0x1f]"I[0xe0]kj!75[0x91]&4[0xa9]l0"[0xf9][0xd2][0xa8][0x92]F:[0xeb][0x81][0xca]NG[0xd4]_[0x83]2- [0xaa])[0xec][0xce]C[0xa4][0x2][0xfa][0x15][0xc]Hs[0x82][0xd8][0x1d]5[0xb0]cmHgX`w[0xde][0x80][0x84][0x19][0xa2][0x95][0x89][0xbf][0x88][0xa3][0xb8]0[0xb5]DT][0xd8][0xbd]?[0xc0][0xb1][0x83][0xe8]Ebw[0xde][0x80][0xc4][0xe][0xa2]WG[0xeb][0xd8]![0x94][0xa1][0x7]4v[0x8c][0x91][0xe][0xc8][0x1f]4[0xb1]c[0x8c]t2[0x7]m[0xaa][0x17]c[0x82][0x7]e[0xc]p[0xac] [0x92]'[0xad][0x2][0x0][0x91],id[0x3][0xd2][0xc][0x8][0xad]l@[0xc]z[0xd2]``[0xd0][0x18][0xe9][0xd4][0x8][0xec]Yc`[0xd3][0xc8][0xe0][0x9e][0xe7]06[0x1c][0x84][0xc5][0xbe]1[0x96][0xb9][\n]"
15:16:00.774 [main] DEBUG org.apache.http.wire -  << "[0x1a][0xf6]y[0x8d][0x91][0xe6][0x1c][0x6]c[\n]"
15:16:00.775 [main] DEBUG org.apache.http.wire -  << "2B[0xe4][0x1f][0xec][0xce][0x1b][0x80][0x9a][0xd9][0x18]in[0x81]F[0xc5][0x6][0xd2]|[0x82]GjbY[0xa5][0x82]KiI[0xa5][0x2][0xf4][0xd4][0xe1][0x80][0x9c][0xc4][0x92]T[0x8c][0xae][0x97]ciIj.[0xfa]Q[0xc3]E[0xa9]E[0xa5][0xb9]HS[0xb4][0xe0]S[0xae][0x88][0x99][0xa3]5F[0x9a]rp,O-[0xce][0xcf]MU[0x8]H,H-Rp[0xce]O[0xc4][0xbc][0xb9][0xcf]5[0xbf]X![0xb3][0xa0][0xb8]4W![0xb3]$[0xb1][0xb0]4U!'1)[0xbf](3[0xbf]81W![0x15],[0x90]Z[0x2][0x9a].[0xce],![0xc7]1[0xa6][0xc6][0x88][0xbe][0xdc][0xa0]I[0x5][0xa6]H{[0xc5]i[0xdb]>3E[0x1a]s[0x1c]D[0xde]G[0xd4][0xce][0x83][0xc7]QHC[0x93][0x83][0xc8]Q[0x83][0xb0][0xc]3%8[0xd6]9[0x0][0x5][0xab])[0xd2]i[0xfb][0x83]([0xfa][0x10][\r][0xdd]A[0xe4][0xa8][0xc1][0x98][0xfb][0x90][0xf6][0xd3][0xf][0x9e][0x90]2E[0xc]=8[0xa6][0x16][0xe5][0xa7]T[0xe6]%[0xe6]f&+@[0xd6]:9[0xe5][0x97][0x94][0xe4]`[0xd6][0xa5][0xa0][0x1a]2?/[0x15][0xb2][0xca][0x9][0xbc][0xd4])/3#3G!9[0xbf][0xa8][0xa8][0xb4][0xa0]$[0x13]r[0xe5]pj[0xb1]Bn"[0xe4]d[0xf6]T[0xf2][0xea]5[0xa4]c[0xef]i[[0x85][0x98]!u[0x14]`6[0xe9][0xe2][0xd8][\r][0x80]c[0xb0][0x7][0xff][0xd2][0xb][0xe8][0xc2]M*][0xc0]k[0x88]905[0x98]/[0x89]E[0xa4]0x[0xd8][0x16]a[0xb4][0xcf][0xc0]33[0x83]!l[0x11][0xc5][0x19][0xcc][0xb5]4[0xec]_[0x98]![0xf5]/[0xe8]`[0x9d][0x11][0xd2]]0[0xd8][0x8b][0xa0][0x1][0xed][0x10][0x1b][0x11][0xac][0xe0][0x6][0xd8]y[0x84]j[0x95][0x81]u[0x1e][0xd2][0xb1]2[0x83]1r[0x91]Ny[0x19][0x94][0xce]C[0x8c]v[0xc0]r"[0xf6]B[0x8a]J[0xd3][0xc7][0x83]{[0x12][0xb][0xe9][0xf8][0x1a][0xec][0x91]5[0x0][0xed]_#[0xba][0x9d]tc[0x84]t\[0x89]o~i1f[0x13][0x8]_uE[0xec][0xdc][0xae][0x19]"[0x9][0xd0][0xd0][0x12]D}F[0x9b][0xc1][0x18]#[0xcc]CIp[0xac]9[0xa0]N[0xc6]A:[0x93][0x84][0xba][0xd3][0xca]H[0xe7][0x8a]P[0xd9]`B[0xdb][0x6][0xb6][0xda]@:}c[0xf0]dus[0xc4][0x90][0x16][0x8d][0x92]-[0xd2][0xf1][0x1a][0xd8][0xbd]=[0xc0][0xb1][0x82][0xc8][0xb7][0xd8][0x9d]7[0x10][0x5]0[0xd2]A[0x14]4[0x8a][0x15][0xcc][0xe3]"0[0x17],[0xe3]+{[0x8d],-Q[0x8f]n[0xc6]s[0xb0][0xb2][0x11][0xd2]u2[0xb4][0xf2][0xe]"[0xeb]C[0x1b][0x15]4[0xf4][0x8e]%[0xa2]>[0x81]Z[0x86][0xa3] [0xc6][0xd1][0xcd]"z[0xf1][0x97]1[0xd2][0xde]A[0xda][0x4][0x9c][0xb1][0x1][0xa2]5[0x86]=[0xf9][0xf]h[0xee]4[0xa6][0xf9][0x9e][0x1c]c[0xa4][0xfb][0x9c]i[0x14][0xc4]H{[0x3][0x6]c[0x10][0x1b][\r][0xc2][0x2][0xd0]xp[0x9f][0x1d]m[0x8c][0xb4][0xb6][0x1f]{[0x94][0xe]@[0xa5]a[0x8c][0xb4][0x1d][0x80]V[0xe7][0xbe][0x18]#][0xfc]L;;0[0xc7][0xb1]h82d[0x8c]4[0xa9][0x87]t[0xe7][0xa7]Of^j[0x1e][0x8e][0x8b]U[0xc3][0xf2]sJ[0xb]J[0x12][0x8b][0x15][0xca]R[0xf3]2[0x13]s[0x15][0x12]s2[0xb]K3SpN)[0x9a][0xe0][0xde][0xb1]e[0x8c]t[0xa6][0xb4]k^~Qn~i[0xb1][0x82]obQRN*[0xe][0xcb]=S[0x14][0xca] [0xf6][0x97]d[0x82]nq-[0xcb],ILU(.-N[0xce],[0xc8][0x84][0xdd][0x9b]X[0xac][0x90][0x98][0xa4][0x90][0x93][0x99][0x94]Z[0x94][0x8f][0xd3]Ux*lc[0xa4]9E[0xcf][0xbc][0x92][0xd4][0x9c][0x9c][0xcc][0xf4][0xd4][0xbc][0x12][0x5][0xf7][0xa2][0xc4][0xbc][0xcc][0x92]T[0x5][0x1c][0xc3][0xd5][0x81][0xa5][0x99][\n]"
15:16:00.776 [main] DEBUG org.apache.http.wire -  << "[0xc5][0xa5]y%[\n]"
15:16:00.776 [main] DEBUG org.apache.http.wire -  << "[0xb9][0xf9]9[0xa9][0xc5]%[0x99][0x89][0xa9]pV1[0x8e][0x8b][0x1c][0x89][0x9f][0x8]&8[0xf9]HYE[0x5][0x0][0x0][0x0][0xff][0xff]"
15:16:00.776 [main] DEBUG org.apache.http.wire -  << "[\r][\n]"
15:16:00.779 [main] DEBUG org.apache.http.wire -  << "890[\r][\n]"
15:16:00.779 [main] DEBUG org.apache.http.wire -  << "R[0x82].[0xb8]'[0xf3]\+c[0xa4][0x19]?[0xb7][0xc4][0xbc][0x92][0xc4][0xe2][0x92][0xcc]d[0x5][0xe7][0xfc][0xbc][0xe4][0xa2][0xd4][0x12]\Q[0x19][0x84][0xb8][0xdb]R![0x15][0x94][0x96]RK[0x14][\n]"
15:16:00.780 [main] DEBUG org.apache.http.wire -  << "K[0xf3]S@7[0xaa]&B[0xc7][0xf6]sA[0xb3][0xd8][0x89])[0x99][0x5][0x99][0xc5][0xc9][0xc8][0xd7][0xac][0xa2][0x6][0x1c][0x9e]{3[0x8c][0x91]<[0x87][0xbd][0xac][0x1a][0xe0][0x80]C[0x8c][0xb1][0xc3]&[0xf8][0xa1][0xeb][0xb][0xbc][0xf3]2[0xd3]0[0x7][0x4][0x9c]R[0x13]A[0x9][0x1e][0x9a][0xe7][0x14][0xf0]d;|[0x9][0x1c]i[0xf][0xc3][0xa0][0xc][0x14]D[0xab][0x8c]F[0x8d][0x92][0xc1]=[0x2]l[0x8c]tO[0xf8]`[0x8c][0x9f][0xc1]=[0x2]l[0x8c]4[0x2][0xec][0x93][0x99][0x9e]QR[0x9e][\n]"
15:16:00.780 [main] DEBUG org.apache.http.wire -  << ""[0x15][0xc2][0xf3][0xf3]s[0x14][0x9c]3[0x12]31g[0x85]|@[0xeb]dR[0xe1]5Kj[0xb1]B[0x12][0xfc][0xa8][0x5][0xa4][0x1a][0x4][0xd4],[0x3]MJ[0xe6][0xa5][0x17]+Y[0xe1][0xcb]_H[0xb3][0x9d][0xd8][0xe3]o [0x1a]H[0xa6]4[0xcf]U[0xa6][0x88][0x9e]anbf^b[0x9e]Bb^"[0xe8][0x9c]6[0xd4][0x1b][0x90][0x8a]KRS[0x8b]2[0xf3][0xd2][0x15][0xca]3RSs[0x10]AA|[0xc7][0x10]i[0xc6][0x16]{[0xf8][0xe]l[0xa1][0x8e]4[0x80][0x8c][0xdd]y[0x8]?[0xd3]mk[0x86]1[0xd2][0x9e]-[0x1a][0x15][0xaa]H[0x7][0xa9][0xd3][0xca][0x6]DmI[0xcd][0xeb][0xbd][0xf0][0x9c])`[0x8c][0xb4]#[0xac][0xb8][0xb4][0xb8]T![0xbb]4%Q!'3[0x11][0xb3][0x10][0x1]KC[0x13]<[0xf4]`BK[0x94][0xd3][0xed][0xf0]5S[0x90][0xce]W[0xa7]m[0xd6]A[0x9a]r[0x80][0x8e][0xde][0x98]a[0x9f][0x2][0x8d][0xde][0xa0][0xef]n5$>[0x8b]"[0xcd]:[0xd0]*1 z[0xee][0xe0][0xa0][0xa7] f[0xf0][0x95][0xe5]H[0xf3][0xe][0xd4]Ls[0xf8][0xac]D[0x9a]{[0x80][0xc6][0x11][0xad]F[0xd8][0x90]N[0x1d][0xa7]Q,![0x9d][\r]N[0xcb]XB[0x9a]][0xa0][0xa9]5[0xb4][0x9e]/0F[0x9a]/[0x0][0x95]%[\n]"
15:16:00.781 [main] DEBUG org.apache.http.wire -  << "[0x89][0x95][0x89][0xb9][0x18][0x19][0x14][0xec]E[0x90]4[0xa2]"A-j[0xf0][0xa6].D-M[0xeb][0xd4][0x85][0xc8][0xa1][0xb4]J][0x88][0xa5][0x12]4[0xf6][0xb][0xd2] >[0xad]mBTr4[\n]"
15:16:00.781 [main] DEBUG org.apache.http.wire -  << "5[0xa4][0xdd][0xbe][0xb4][0xf6][0xb][0xa2][0xcd][0x89][0xbd]%4[0xb0][\r]5[0xa4][0xb3]y[0xb1];[0xf][0x91][0xbf][0xe8][0xd7]P[0xb3]@[0xa4]i[0x1a][0xc5]?[0xd2].]Z[0xd9][0x80][0x18]R[0xa2]W[0xa5]Ipo[0xef][0xc0]&5[0x82]{oq%5c[0xb4][0xe1]S[0xe8][0x1a]O#S[0xa4][0x91]-r[0x87][0xed],i^[0x9d]Y"[\n]"
15:16:00.782 [main] DEBUG org.apache.http.wire -  << "[0x0]Z%5DuF+[0x1b]h^[0x8d][0x81][0xba][0x9][0xd0][0x11]X[0xda][0xf8][0xc1][0x4]t::[0xd4][0x6][0xda][0x16][0xf9]&H[0xfb][0x84][0x91]6MA[0x7][0xf5][0xb1][0xf][0xbf][0xb8]f[0x96][0x16]+[0x14][0xa4][0x16][0x15][0x17]d&g&[0x96]d[0x16][0x83][0x86][0x80][0x91][0xc6]]@[0xc9][0x94][0x98]q[0x17][0x13][0x9a]o[0x7]6[0xa1][0xf9][0x94][0xb4][0x9][0xd2][0x86]c[0xf7][0xfc][0xa2][0xf4]T[0xd0][0x94]Hx~~Jj[0x9e][0x82]3[0x96]^[0xa7]Jf[0x9]bE<ln$[0x15]y[0xbb][0x19]h[0x91][0x1d]q[0xc1]G[0xeb][0xe2][0xc0][0x4]i[0xbe][0x9d][0xd6][0xc9][0x90][0xd6][0x99][0xd6][0xc4][0x0]QO[0xe3][0xf7][0xb]U[0x16][0xa4][0x99][0xd0]|[0x97][0xb4][0x9][0xd2][0x81][0xb0]4*[0x85][0x90][0xf6]?[0xd0][0xca][0x6]D[0xe3][0x99].[0x91][0x82]He[0xd8][0x1b][0x90][0x3][0xda][0xe8]0A:[[0x14][0xbb][0xf3]p5:[0xd0][0xfb][0x8f]Tlt[0x98][0xc][0xc6][0xcd][0xc4][0xa6][0x98][0xc3]b4[0x1a]r1[0xc5]2[0xb8]C[0xc3][0xf9]}S[0xa4][0x11][0x9e][0x0]g[0x5]wG_O?w[0x8c][0xf1][0x84][0xe0][0x0]Wo[0x5][0xf]Ow[0xf]Dz[0xb0][0x4][0xb5][0x18][0x88][0xa9]5L[0x91][0xd6][0xd2][0x5]$[0xe6]$[0xfa][0xe4][0xfb]$bX[0x0]_K[0x87]>[0xa2]hdi[0x9]ZTA[0x9c]E[0x88]Un4[0xb6][0x8][0xb1][0x4][0x83]N[0xbd][0x17]S[0xa4]{zh[0xec]7Ds[0x99]N~3C*[0x85]`e2[\r]S[0xbc][0x19][0xd2][0x92]6[0xa4][0x15]-nE[0xf9]U[0xa9]y[\n]"
15:16:00.784 [main] DEBUG org.apache.http.wire -  << "[0x1][0x99]UU[0x89][0xba][0xc9][0xb8][0x13]([0x96]+q[0xe8][0xb9][0xe7][0xe]i[0xb5][0x1c]|ALpfN[0xb6][0x2][0xf6][0xe3][0x6]<[0xf3][0x14][0x92][0xf3][0xf3][0x8a]S[0xb]KK[0xf3]JJ[0x8b]@[0xed]f[0xc8]v[0xc9][0xc2][0xd2][0xc4]b[0x85][0xcc][0xd2][0xe2][0x92]|[0x90]Xqai"r[0x8b][0x10]u[0xf9][0x4]za[0x8f]t0[0x9c][0x19][0x96]3ti[0x1a]w[0x88]6[0x15][0xf2][0xca][0x9b][0xe0][0xfc][0xb4][0x12][0x85][0xe0][0xfc][0xc4][0x2]][0x83]A[0x1b]sH[0xe7][0xeb]"%[0xbb][0xa0][0xd2][0xa4][0xa4][0xd4]"[0x5][0x8f][0xc4][0x12]][0xcc][0xc5][0x1c][0xf0]Rq[0x80][0x13][0x1d][0xa8][0x4][0x86]v[0xe]=[0x12][0xf3]Rr[0x13]SRA[0xe9][\r][0xbc][0x88]'8#?[0xb5]X[0x17][0xf3]n.*[0xb8][0xdd][0x4][0xd1]V[0x83]\[0xbc][0xac][0x8b]y[0xa4]EZ~[0x91][0x2]DR[0xa1][0xa0][0xb4][0xa8] [0xbf]8[0xb5]X[0xa9][0x16]9[0x81][0x1a]#[0xca]j[0xdf][0xd4][0x94][0xcc][0xfc][0xe4][0xa2]T[0xe8][0xae]b[0xec]9[0xc6][0x19][0xb6]y873[0xaf][0xb4]X!%3[0xb9]$Q[0xa1]8?[0xa7][0xb4]$[0x11]6[0xff]_[0x8c][0xd4][0xf5]$>[0xa7] -[0xa4][0x83][0xe7][0xdc][0x80][0x1c][0xc8]J([0xec]ky@[0xc7]u[0x80][0xe][0xf3][0x0]-[0xa2]K[0xad]([0xc8][0xc9]LNL[0xca][0x87][0x1c][0xe0]A[0x9e][0xb][0x10]c-[0xb0]r[0x16]wn[0xc1]R[0x11][0xeb]([0xe1][0xac][0x86][0xa9][0xd8][0xfe]3C[0x1a][0xb7][0x82]:[0x93][0xb4][0xc5][0xea]t[0x1b][0x89]5C:[0x9d][0x1][0xa7]K[0x11]-&|[0xfb][0xb1][0xa8][0x19]~H'[0xc2]"[0x97][0x91][0x8e]9[0xa5][0xa0]$[0x9d][0xab][0xe0][0x94][0x98][0x8e][0x11][0xed][0xbe][0x89][0xe9]y[0x99][\n]"
15:16:00.785 [main] DEBUG org.apache.http.wire -  << "y[0xf9][0xc5]%E[0xa0][0xd3]aR@[0xeb][0x11]KS2[0x13][0xf3]R[0x12]S[0x15][0xc0]uE^bIi1[0xe4][0xc0][0x18][0x90][0x8][0xf2]b;[0xf0][0xbd]G8[0x93][0x6]rfDZb[0x2][\r]0[0x1a][0xb5][0xa2]M[0x90][0xce][0xb4][0xa2][0xb5]M[0x88]A[0x11][0xec]}[0xa8][0x81][0xed][0xe2]!m[0x11][0xc0][0xee]<D[0x2][0xa5][[0xc6]1A:8[0x89]F[0xfd]|[0xa4][0x83][0x91]h[0x1c][0xff]H[0xcd]IZ[0xdb]Dl[0xf9]M[0x9d][0x1]%[0xa4][0xa6][0x1d][0xad]"[0x9]1:B[0xeb][0xa0]C[0xb4][0x1b]i[0xe4][0x17][0xa4][0xe6][0x1d][0x8d][0xfd][0x82][0xb4][0xbb][0x82][0xd6]6!:[0xd4]0[0x9b]h[0xd8][0xb8]7Ajf[0xd2]*[0x92][0x10][0x8d]A[0x98][0x87]0[0xaa]B|[\r]W[0xa2][0x97]7[0x99] [0xb5][0xf6][0xb0][0x17][0xbb][0x3][+ [0xed]`[0x18][0x94][0xce]CdW[0xec][0xce][0x1b][0x88]J[0xb]i[0xf][0x3][0x8d][0x92][0xe7][0x90]i[0xf9][0x9a][0xc][0xca][0x96][0xaf][0x9]R[0x87][0x11]{[0xb2][0x19][0xd8]L[0x87]t[0xea][\r][\r]N[0x99]5[0x1]][0xec][0x7][0xed][0xa5][0xd3]*}"[0xc6][0x6][0x7]e[0xf8][0xe][0xc6]R[0xc3][0xd4][0x0][0xbe]y[\n]"
15:16:00.809 [main] DEBUG org.apache.http.wire -  << "Z[0xe5][0xc][0xd2][0xde][0xac][0x9][0xd2][0xae][\r][0x9c].E[0x94][0xbb]t[0xea][0xcd][0x9a] [0x9d]V[0xe7]VZ[0x94][0x97]YRZ[0x94][0xaa][0x10][0x92]_[0x80]Qo#dS[0x12][0x8b]2[0x15][0xbc]R[0xb][0x12][0x8b]@[0x13][\r][0xd0][0xa5][0xd6][0x86][0xa0]=3[0xc4]tRM[0x90]6g[0xd0]([0x1f]![0xf5][0xd0]ie[0x3]FW[0x81][0x92]TG[0xc3]%F&[0xa6][0x88]2e0[0xa5]:D[0xcf][0x4][0x91][0xae]h[0x9a][0xea][0x90][0xf6][0x84]P[0xf5][0xd8][0x17][0x13][0xa4]}[0x1d][0xd0][0x0][0xa6][0xd5][0x98][0xb][0xd1]w[0xf1][0x80][0xb6][0xe]`[0x19][0xd2]&[0xbe]u[0x8d][0xb4][0xe9][0x82][0xd6]~[0x1a][0xdc][0xa3];H[0xbb]([0xa8]}[0xcf][0x99][0x89][0x19]"[0xf][0xc][0xc6][0xda][0x1e]i[0x9e]|P:[0xf][0xd1]w[0x1e][0x94][0xce]C[0xf4][0x84][0xb1];[0xf]Q[0xd3][0xd3]oX[0x10]io[0x3]-[0x1a][0xc8][0xe6][0x88][0xaa][0x6][0xbb][0x9f][0x7][0xb6]{[0x80]t[0xaa][0x11]v[0xe7][\r]D[0x94] -[0xde][0x80][0xcf]ZA6[0xca]b;`[0xde]19[0xb9][0xb4]81[0xaf]$[0xb3]4W![0x1f]t[0xf7][0x18]t[0x9b]>Y3f[0xa6]H'[0xa1][0x5]W[0xe6][0xa5][0x16][0xa5]g[0x82]g[0x1c][0xa1][0x8b][0x1d][0xc1][0x13][0x8f][0x18][0xad]@W[0xf0][0x19][0x1][0xa0]s[0x2][0xc8][0xb4][0x13][0x91]/h[[0xb3][0x98]"[0x1d]-F[0x5][0x9b][0xf0][0x1c][0xa2]a[0x8a][0x9c][0xad][0x8a][0xf2]SJ[0x93]K[0x14][0x1c]Ks2[0x13][0x15][0x8c]1[0x82][0xf]t[0xe3]s[0x1]TM"\[\r][0xb4][0x9][0x8d][0xaf][0xc9][0x8f]4[0xcb]c[0x8a][0x94][0xcf][0x2][0xa0]f[0xd1][0xd6]>DEE[0x1f][0xfb][0x10][0xfd]Lz[0xd8]g[0x86][0xb4] [0xe]}[0xc5]opbNb[0xca] >t[0x19][0xe9][0xe][0xe]X"[0xa7][0xe1][0x8][0xb2][0x19][0xd2][0xbc][0x12]][0xac][0xc3],,h[0xea];D:[0xa7][0x87][0xef][0x90][0xe6][0x19][0xdc]S[0xf3]R[0x8b]2[0x93][0x15][0xa0][0xab]U[0xc0]+m,0[\n]"
15:16:00.809 [main] DEBUG org.apache.http.wire -  << "[0xf]|#[0xe7][0xf4]\#[0x85]4[0xb8][0x8d]|[0x96]<[0xb4][0xda][0xca]-(-[0xc1]r[0xa1]}`i>[0xec][0xa4]"[0xd0][0x8a][0xa8]D[0x85][0xbc][0xfc][0xa4]L[0xb2][0xea][0x10]3[0xa4][0xb3]x`[0xf1][0x84];[0xac][0x6]n[0x9d][0x85]1r1[0x96][0x98]\[0x92][0x99][0x9c][0x98][0x3]=[0x4]#'?[0x19][0xf3]X[0x6][0xc7][0xbc][0xcc][0xdc]L[0x85][0xd4][0xe2][0x12][0x85][0xfc][0xdc][0xbc][0xcc]b[0x85][0xc4][0xd2][0x12][0x8]/99159[0xb1][0x4]yI[0x0][0xf1][0xcb]b[0x90]F[0xd5][0x7]s`![\r]-C[0x9d]I[0xc9][0x80][\n]"
15:16:00.810 [main] DEBUG org.apache.http.wire -  << "[0xfa][0x8a]:j.[0xff]@:[0xbb][0x7][0xa7]K[0x11]-I[0xe4]:[0x1d][0xbd][\r]AUW![0xfa][0xd1]PW[0xd1]h[0x14][0xc2][0xc]i[0x18]|[0xd0]4[0xa3][0xcd]L[0x10]E7[0xad][0xe][0x86]3[0x3][\r]pB[0xc7][0xff][0x7][0x8f][0xc7][0x91][0x6][0x95][0xe1][0xcb][0xef]|R[0x13]K2R[0x8b]@K[0x8][0xb1][0xdc][0x90][0xe5][0x92]Z[0x9c]Z[0x4]:&[0xad][0xb0]4[0x13][0xbc].U!/[0x15]t[0xca]WYj[0xe][0xb8][0xb8])#[0xf3][0xd4]63[0xa4][0x91][0xe4]A[0x14]>[0x88]&[0x4]r][0x5][0xb9][0xf7][0x4][0xeb]%^[0xa1]%[0xd0][0x0])[0xc8]/.[0xce][0xcc]-[0x5]]o[0x2]Z[0xbc]UX[0x9a][0x99]H[0xd6][0xb2]@[0xd0][0xf6]/h[0xba][0x81][0x1d]1[0xe6][0x9b]Z[0x92][0x98][0xa3][0x0][0xee]a[0xe9]bv[0x12][0xa8]P[0xcf]#[0xf5]u![0xab]7[0xb1],[0xb9][0xc6][0xb1][0xb4]3[0xb6][0x96][0xb][0x0][0x0][0x0][0xff][0xff]"
15:16:00.810 [main] DEBUG org.apache.http.wire -  << "[\r][\n]"
15:16:00.811 [main] DEBUG org.apache.http.wire -  << "A[\r][\n]"
15:16:00.811 [main] DEBUG org.apache.http.wire -  << "[0x3][0x0][0x86]i[0xfe]@{[0xd9][0x1][0x0]"
15:16:00.811 [main] DEBUG org.apache.http.wire -  << "[\r][\n]"
15:16:00.812 [main] DEBUG org.apache.http.wire -  << "0[\r][\n]"
15:16:00.812 [main] DEBUG org.apache.http.wire -  << "[\r][\n]"
15:16:00.814 [main] DEBUG io.restassured.internal.RestAssuredHttpBuilder - Parsed data to instance of: class org.apache.http.conn.EofSensorInputStream
15:16:01.005 [main] DEBUG org.apache.http.impl.conn.BasicClientConnectionManager - Releasing connection org.apache.http.impl.conn.ManagedClientConnectionImpl@44106e25
15:16:01.005 [main] DEBUG org.apache.http.impl.conn.BasicClientConnectionManager - Connection can be kept alive indefinitely
15:16:01.309 [main] DEBUG net.thucydides.core.steps.StepInterceptor - STEP DONE: I send HTTP GET request
  &amp#27;[32mWhen &amp#27;[0m&amp#27;[32mI send GET HTTP request&amp#27;[0m                             &amp#27;[90m# starter.stepdefinitions.UserSteps.iSendGETHTTPRequest()&amp#27;[0m
15:16:01.315 [main] DEBUG net.thucydides.core.steps.StepInterceptor - STARTING STEP: UserSteps.iReceiveValidHTTPResponseCode - I receive valids HTTP response code 200
15:16:01.355 [main] DEBUG net.thucydides.core.steps.StepInterceptor - STEP DONE: I receive valids HTTP response code 200
  &amp#27;[32mThen &amp#27;[0m&amp#27;[32mI receive valid HTTP response code 200&amp#27;[0m              &amp#27;[90m# starter.stepdefinitions.UserSteps.iReceiveValidHTTPResponseCode()&amp#27;[0m
15:16:01.363 [main] DEBUG net.thucydides.core.steps.StepInterceptor - STARTING STEP: UserSteps.iReceiveValidDataForOneDetailProduct - I receive valid data for one detail product
15:16:01.364 [main] DEBUG net.thucydides.core.steps.StepInterceptor - STEP DONE: I receive valid data for one detail product
  &amp#27;[32mAnd &amp#27;[0m&amp#27;[32mI receive valid data for one detail product&amp#27;[0m          &amp#27;[90m# starter.stepdefinitions.UserSteps.iReceiveValidDataForOneDetailProduct()&amp#27;[0m
15:16:01.370 [main] INFO  - 
  _____   ___   ___   _____     ___     _     ___   ___   ___   ___  
 |_   _| | __| / __| |_   _|   | _ \   /_\   / __| / __| | __| |   \ 
   | |   | _|  \__ \   | |     |  _/  / _ \  \__ \ \__ \ | _|  | |) |
   |_|   |___| |___/   |_|     |_|   /_/ \_\ |___/ |___/ |___| |___/ 

GET - As admin I can get one detail product data
----------------------------------------------------------------------
]]></system-out>
  </testcase>
</testsuite>