-------------------------------------------------------------------------------
Test set: CucumberTestSuite
-------------------------------------------------------------------------------
Tests run: 10, Failures: 0, Errors: 4, Skipped: 6, Time elapsed: 9.397 s <<< FAILURE! - in CucumberTestSuite
as a user I want to login and successfully.user on main page  Time elapsed: 5.8 s  <<< ERROR!
org.openqa.selenium.SessionNotCreatedException: 
Could not start a new session. Possible causes are invalid address of the remote server or browser start-up failure. 
Host info: host: 'DESKTOP-M5F8M2B', ip: '192.168.18.59'
Caused by: org.openqa.selenium.WebDriverException: 
Connection refused: no further information
Build info: version: '4.8.1', revision: '8ebccac989'
System info: os.name: 'Windows 10', os.arch: 'amd64', os.version: '10.0', java.version: '14.0.2'
Driver info: driver.version: AndroidDriver
Caused by: java.net.ConnectException: Connection refused: no further information

As a user.as a user I want to login and successfully  Time elapsed: 0.046 s  <<< ERROR!
org.openqa.selenium.SessionNotCreatedException: 
Could not start a new session. Possible causes are invalid address of the remote server or browser start-up failure. 
Host info: host: 'DESKTOP-M5F8M2B', ip: '192.168.18.59'
Caused by: org.openqa.selenium.WebDriverException: 
Connection refused: no further information
Build info: version: '4.8.1', revision: '8ebccac989'
System info: os.name: 'Windows 10', os.arch: 'amd64', os.version: '10.0', java.version: '14.0.2'
Driver info: driver.version: AndroidDriver
Caused by: java.net.ConnectException: Connection refused: no further information

As a user.as a user I want to login and successfully  Time elapsed: 0.246 s  <<< ERROR!
org.openqa.selenium.SessionNotCreatedException: 
Could not start a new session. Possible causes are invalid address of the remote server or browser start-up failure. 
Host info: host: 'DESKTOP-M5F8M2B', ip: '192.168.18.59'
Caused by: org.openqa.selenium.WebDriverException: 
Connection refused: no further information
Build info: version: '4.8.1', revision: '8ebccac989'
System info: os.name: 'Windows 10', os.arch: 'amd64', os.version: '10.0', java.version: '14.0.2'
Driver info: driver.version: AndroidDriver
Caused by: java.net.ConnectException: Connection refused: no further information

CucumberTestSuite  Time elapsed: 9.397 s  <<< ERROR!
net.thucydides.core.reports.ReportGenerationFailedError: Failed to generate configuration report
Caused by: java.util.concurrent.ExecutionException: java.lang.NoSuchMethodError: 'java.lang.String org.apache.commons.lang3.time.StopWatch.formatSplitTime()'
Caused by: java.lang.NoSuchMethodError: 'java.lang.String org.apache.commons.lang3.time.StopWatch.formatSplitTime()'

