<?xml version="1.0" encoding="UTF-8"?>
<testsuite xmlns:xsi="http://www.w3.org/2001/XMLSchema-instance" xsi:noNamespaceSchemaLocation="https://maven.apache.org/surefire/maven-failsafe-plugin/xsd/failsafe-test-report-3.0.xsd" version="3.0" name="starter.CucumberTestSuite" time="31.84" tests="1" errors="1" skipped="0" failures="0">
  <properties>
[...]
</properties>
  <testcase name="as a user I want transactions that have been done" classname="As a user" time="22.707">
    <error type="net.thucydides.core.webdriver.exceptions.ElementShouldBeEnabledException"><![CDATA[net.thucydides.core.webdriver.exceptions.ElementShouldBeEnabledException: Expected enabled element was not enabled
Caused by: org.openqa.selenium.TimeoutException: Expected condition failed: waiting for By.id: //div[contains(text(), 'Transaksi')]/parent::div to be enabled (tried for 5 second(s) with 100 milliseconds interval)
Caused by: org.openqa.selenium.NoSuchElementException: 
no such element: Unable to locate element: {"method":"css selector","selector":"#\/\/div\[contains\(text\(\)\,\ \'Transaksi\'\)\]\/parent\:\:div"}
  (Session info: chrome=112.0.5615.138)
For documentation on this error, please visit: https://selenium.dev/exceptions/#no_such_element
Build info: version: '4.8.1', revision: '8ebccac989'
System info: os.name: 'Windows 10', os.arch: 'amd64', os.version: '10.0', java.version: '14.0.2'
Driver info: org.openqa.selenium.chrome.ChromeDriver
Command: [b0fd54a4f0c90d723647ffce196844fe, findElement {using=id, value=//div[contains(text(), 'Transaksi')]/parent::div}]
Capabilities {acceptInsecureCerts: true, browserName: chrome, browserVersion: 112.0.5615.138, chrome: {chromedriverVersion: 112.0.5615.49 (bd2a7bcb881c..., userDataDir: C:\Users\Lenovo\AppData\Loc...}, goog:chromeOptions: {debuggerAddress: localhost:62264}, networkConnectionEnabled: false, pageLoadStrategy: normal, platformName: WINDOWS, proxy: Proxy(), se:cdp: ws://localhost:62264/devtoo..., se:cdpVersion: 112.0.5615.138, setWindowRect: true, strictFileInteractability: false, timeouts: {implicit: 0, pageLoad: 300000, script: 30000}, unhandledPromptBehavior: dismiss and notify, webauthn:extension:credBlob: true, webauthn:extension:largeBlob: true, webauthn:extension:minPinLength: true, webauthn:extension:prf: true, webauthn:virtualAuthenticators: true}
Session ID: b0fd54a4f0c90d723647ffce196844fe
]]></error>
    <system-out><![CDATA[22:32:19.417 [main] DEBUG net.thucydides.core.guice.Injectors - Created injector for module net.thucydides.core.guice.ThucydidesModule
22:32:19.893 [main] DEBUG io.cucumber.core.plugin.SerenityReporter - Running feature from file:///C:/Users/Lenovo/IdeaProjects/MiniProject/MiniProjectWeb/src/test/resources/features/user.feature
22:32:20.116 [main] DEBUG net.thucydides.core.guice.Injectors - Created injector for module net.thucydides.core.guice.webdriver.WebDriverModule
22:32:20.155 [main] INFO  - 

-------------------------------------------------------------------------------------
     _______. _______ .______       _______ .__   __.  __  .___________.____    ____ 
    /       ||   ____||   _  \     |   ____||  \ |  | |  | |           |\   \  /   / 
   |   (----`|  |__   |  |_)  |    |  |__   |   \|  | |  | `---|  |----` \   \/   /  
    \   \    |   __|  |      /     |   __|  |  . `  | |  |     |  |       \_    _/   
.----)   |   |  |____ |  |\  \----.|  |____ |  |\   | |  |     |  |         |  |     
|_______/    |_______|| _| `._____||_______||__| \__| |__|     |__|         |__|    
                                                                                     
 News and tutorials at http://www.serenity-bdd.info                                  
 Documentation at https://wakaleo.gitbooks.io/the-serenity-book/content/             
 Join the Serenity Community on Gitter: https://gitter.im/serenity-bdd/serenity-core 
 Serenity BDD Support and Training at http://serenity-bdd.info/#/trainingandsupport  
-------------------------------------------------------------------------------------

22:32:20.159 [main] DEBUG net.thucydides.core.steps.StepEventBus - Test suite started for story net.thucydides.core.model.Story@a4c2e61
22:32:20.162 [main] INFO  - Test Suite Started: As a user
22:32:20.181 [main] DEBUG io.cucumber.core.plugin.SerenityReporter - Running feature from file:///C:/Users/Lenovo/IdeaProjects/MiniProject/MiniProjectWeb/src/test/resources/features/user.feature
22:32:20.187 [main] DEBUG net.thucydides.core.steps.StepEventBus - Test suite started for story net.thucydides.core.model.Story@a4c2e61
22:32:20.188 [main] INFO  - Test Suite Started: As a user

@Transaction
Scenario: as a user I want transactions that have been done &amp#27;[90m# src/test/resources/features/user.feature:79&amp#27;[0m
22:32:20.369 [main] DEBUG io.cucumber.core.plugin.SerenityReporter - Running feature from file:///C:/Users/Lenovo/IdeaProjects/MiniProject/MiniProjectWeb/src/test/resources/features/user.feature
22:32:20.591 [main] INFO  - 
  _____   ___   ___   _____     ___   _____     _     ___   _____   ___   ___  
 |_   _| | __| / __| |_   _|   / __| |_   _|   /_\   | _ \ |_   _| | __| |   \ 
   | |   | _|  \__ \   | |     \__ \   | |    / _ \  |   /   | |   | _|  | |) |
   |_|   |___| |___/   |_|     |___/   |_|   /_/ \_\ |_|_\   |_|   |___| |___/ 

as a user I want transactions that have been done(as-a-user;as-a-user-i-want-transactions-that-have-been-done)
--------------------------------------------------------------------------------
22:32:20.669 [main] DEBUG net.thucydides.core.requirements.model.cucumber.CucumberParser - Loading feature C:\Users\Lenovo\IdeaProjects\MiniProject\MiniProjectWeb\src\test\resources\features\user.feature
22:32:22.895 [main] DEBUG net.thucydides.core.steps.StepInterceptor - STARTING STEP: UserSteps.userOnMainPage - userOnMainPage
22:32:23.005 [main] INFO net.serenitybdd.core.webdriver.driverproviders.DriverProvider - Using WebDriverManager configuration for chrome
22:32:23.731 [main] DEBUG io.github.bonigarcia.wdm.cache.ResolutionCache - Resolution chrome=112 in cache (valid until 23:08:26 06/05/2023 ICT)
22:32:23.733 [main] DEBUG io.github.bonigarcia.wdm.cache.ResolutionCache - Resolution chrome112=112.0.5615.49 in cache (valid until 17:35:33 07/05/2023 ICT)
22:32:23.734 [main] INFO io.github.bonigarcia.wdm.WebDriverManager - Using chromedriver 112.0.5615.49 (resolved driver for Chrome 112)
22:32:23.754 [main] DEBUG io.github.bonigarcia.wdm.WebDriverManager - Driver chromedriver 112.0.5615.49 found in cache
22:32:23.755 [main] INFO io.github.bonigarcia.wdm.WebDriverManager - Exporting webdriver.chrome.driver as C:\Users\Lenovo\.cache\selenium\chromedriver\win32\112.0.5615.49\chromedriver.exe
22:32:23.904 [main] INFO net.serenitybdd.core.webdriver.driverproviders.ChromeDriverProvider - Starting Chrome driver instance with capabilities:
22:32:23.908 [main] INFO net.serenitybdd.core.webdriver.driverproviders.ChromeDriverProvider - Capabilities {acceptInsecureCerts: true, browserName: chrome, goog:chromeOptions: {args: [remote-allow-origins=*, test-type, no-sandbox, ignore-certificate-errors, start-maximized, incognito, disable-infobars, disable-gpu, disable-default-apps, disable-popup-blocking, remote-allow-origins=*, test-type, no-sandbox, ignore-certificate-errors, start-maximized, incognito, disable-infobars, disable-gpu, disable-default-apps, disable-popup-blocking, remote-allow-origins=*], extensions: []}}
22:32:24.202 [main] DEBUG io.netty.util.internal.logging.InternalLoggerFactory - Using SLF4J as the default logging framework
22:32:24.207 [main] DEBUG io.netty.util.ResourceLeakDetector - -Dio.netty.leakDetection.level: simple
22:32:24.207 [main] DEBUG io.netty.util.ResourceLeakDetector - -Dio.netty.leakDetection.targetRecords: 4
22:32:24.211 [main] DEBUG io.netty.util.ResourceLeakDetectorFactory - Loaded default ResourceLeakDetector: io.netty.util.ResourceLeakDetector@41f90b10
22:32:24.237 [main] DEBUG io.netty.util.internal.PlatformDependent0 - -Dio.netty.noUnsafe: false
22:32:24.237 [main] DEBUG io.netty.util.internal.PlatformDependent0 - Java version: 14
22:32:24.239 [main] DEBUG io.netty.util.internal.PlatformDependent0 - sun.misc.Unsafe.theUnsafe: available
22:32:24.240 [main] DEBUG io.netty.util.internal.PlatformDependent0 - sun.misc.Unsafe.copyMemory: available
22:32:24.241 [main] DEBUG io.netty.util.internal.PlatformDependent0 - sun.misc.Unsafe.storeFence: available
22:32:24.242 [main] DEBUG io.netty.util.internal.PlatformDependent0 - java.nio.Buffer.address: available
22:32:24.243 [main] DEBUG io.netty.util.internal.PlatformDependent0 - direct buffer constructor: unavailable: Reflective setAccessible(true) disabled
22:32:24.244 [main] DEBUG io.netty.util.internal.PlatformDependent0 - java.nio.Bits.unaligned: available, true
22:32:24.246 [main] DEBUG io.netty.util.internal.PlatformDependent0 - jdk.internal.misc.Unsafe.allocateUninitializedArray(int): unavailable: class io.netty.util.internal.PlatformDependent0$7 cannot access class jdk.internal.misc.Unsafe (in module java.base) because module java.base does not export jdk.internal.misc to unnamed module @3c8bdd5b
22:32:24.248 [main] DEBUG io.netty.util.internal.PlatformDependent0 - java.nio.DirectByteBuffer.<init>(long, int): unavailable
22:32:24.249 [main] DEBUG io.netty.util.internal.PlatformDependent - sun.misc.Unsafe: available
22:32:24.251 [main] DEBUG io.netty.util.internal.PlatformDependent - maxDirectMemory: 2118123520 bytes (maybe)
22:32:24.252 [main] DEBUG io.netty.util.internal.PlatformDependent - -Dio.netty.tmpdir: C:\Users\Lenovo\AppData\Local\Temp (java.io.tmpdir)
22:32:24.252 [main] DEBUG io.netty.util.internal.PlatformDependent - -Dio.netty.bitMode: 64 (sun.arch.data.model)
22:32:24.252 [main] DEBUG io.netty.util.internal.PlatformDependent - Platform: Windows
22:32:24.254 [main] DEBUG io.netty.util.internal.PlatformDependent - -Dio.netty.maxDirectMemory: -1 bytes
22:32:24.254 [main] DEBUG io.netty.util.internal.PlatformDependent - -Dio.netty.uninitializedArrayAllocationThreshold: -1
22:32:24.257 [main] DEBUG io.netty.util.internal.CleanerJava9 - java.nio.ByteBuffer.cleaner(): available
22:32:24.257 [main] DEBUG io.netty.util.internal.PlatformDependent - -Dio.netty.noPreferDirect: false
22:32:24.272 [main] DEBUG io.netty.util.internal.PlatformDependent - org.jctools-core.MpscChunkedArrayQueue: available
22:32:24.302 [main] DEBUG io.netty.util.internal.InternalThreadLocalMap - -Dio.netty.threadLocalMap.stringBuilder.initialSize: 1024
22:32:24.303 [main] DEBUG io.netty.util.internal.InternalThreadLocalMap - -Dio.netty.threadLocalMap.stringBuilder.maxSize: 4096
22:32:24.357 [main] DEBUG io.netty.handler.ssl.JdkSslContext - Default protocols (JDK): [TLSv1.3, TLSv1.2, TLSv1.1, TLSv1] 
22:32:24.357 [main] DEBUG io.netty.handler.ssl.JdkSslContext - Default cipher suites (JDK): [TLS_ECDHE_ECDSA_WITH_AES_256_GCM_SHA384, TLS_ECDHE_ECDSA_WITH_AES_128_GCM_SHA256, TLS_ECDHE_RSA_WITH_AES_128_GCM_SHA256, TLS_ECDHE_RSA_WITH_AES_256_GCM_SHA384, TLS_ECDHE_RSA_WITH_AES_128_CBC_SHA, TLS_ECDHE_RSA_WITH_AES_256_CBC_SHA, TLS_RSA_WITH_AES_128_GCM_SHA256, TLS_RSA_WITH_AES_128_CBC_SHA, TLS_RSA_WITH_AES_256_CBC_SHA, TLS_AES_128_GCM_SHA256, TLS_AES_256_GCM_SHA384]
22:32:24.410 [main] DEBUG io.netty.channel.MultithreadEventLoopGroup - -Dio.netty.eventLoopThreads: 16
22:32:24.423 [main] DEBUG io.netty.channel.nio.NioEventLoop - -Dio.netty.noKeySetOptimization: false
22:32:24.423 [main] DEBUG io.netty.channel.nio.NioEventLoop - -Dio.netty.selectorAutoRebuildThreshold: 512
22:32:24.490 [main] DEBUG io.netty.buffer.PooledByteBufAllocator - -Dio.netty.allocator.numHeapArenas: 16
22:32:24.490 [main] DEBUG io.netty.buffer.PooledByteBufAllocator - -Dio.netty.allocator.numDirectArenas: 16
22:32:24.490 [main] DEBUG io.netty.buffer.PooledByteBufAllocator - -Dio.netty.allocator.pageSize: 8192
22:32:24.490 [main] DEBUG io.netty.buffer.PooledByteBufAllocator - -Dio.netty.allocator.maxOrder: 9
22:32:24.490 [main] DEBUG io.netty.buffer.PooledByteBufAllocator - -Dio.netty.allocator.chunkSize: 4194304
22:32:24.490 [main] DEBUG io.netty.buffer.PooledByteBufAllocator - -Dio.netty.allocator.smallCacheSize: 256
22:32:24.490 [main] DEBUG io.netty.buffer.PooledByteBufAllocator - -Dio.netty.allocator.normalCacheSize: 64
22:32:24.491 [main] DEBUG io.netty.buffer.PooledByteBufAllocator - -Dio.netty.allocator.maxCachedBufferCapacity: 32768
22:32:24.491 [main] DEBUG io.netty.buffer.PooledByteBufAllocator - -Dio.netty.allocator.cacheTrimInterval: 8192
22:32:24.491 [main] DEBUG io.netty.buffer.PooledByteBufAllocator - -Dio.netty.allocator.cacheTrimIntervalMillis: 0
22:32:24.491 [main] DEBUG io.netty.buffer.PooledByteBufAllocator - -Dio.netty.allocator.useCacheForAllThreads: false
22:32:24.491 [main] DEBUG io.netty.buffer.PooledByteBufAllocator - -Dio.netty.allocator.maxCachedByteBuffersPerChunk: 1023
22:32:24.515 [main] DEBUG io.netty.buffer.ByteBufUtil - -Dio.netty.allocator.type: pooled
22:32:24.515 [main] DEBUG io.netty.buffer.ByteBufUtil - -Dio.netty.threadLocalDirectBufferSize: 0
22:32:24.515 [main] DEBUG io.netty.buffer.ByteBufUtil - -Dio.netty.maxThreadLocalCharBufferSize: 16384
22:32:25.447 [Forwarding newSession on session null to remote] DEBUG io.netty.channel.DefaultChannelId - -Dio.netty.processId: 12240 (auto-detected)
22:32:25.449 [Forwarding newSession on session null to remote] DEBUG io.netty.util.NetUtil - -Djava.net.preferIPv4Stack: false
22:32:25.451 [Forwarding newSession on session null to remote] DEBUG io.netty.util.NetUtil - -Djava.net.preferIPv6Addresses: false
22:32:25.463 [Forwarding newSession on session null to remote] DEBUG io.netty.util.NetUtilInitializations - Loopback interface: lo (Software Loopback Interface 1, 127.0.0.1)
22:32:25.465 [Forwarding newSession on session null to remote] DEBUG io.netty.util.NetUtil - Failed to get SOMAXCONN from sysctl and file \proc\sys\net\core\somaxconn. Default: 200
22:32:25.478 [Forwarding newSession on session null to remote] DEBUG io.netty.channel.DefaultChannelId - -Dio.netty.machineId: 28:39:26:ff:fe:7a:15:1f (auto-detected)
22:32:25.597 [AsyncHttpClient-1-2] DEBUG io.netty.buffer.AbstractByteBuf - -Dio.netty.buffer.checkAccessible: true
22:32:25.598 [AsyncHttpClient-1-2] DEBUG io.netty.buffer.AbstractByteBuf - -Dio.netty.buffer.checkBounds: true
22:32:25.598 [AsyncHttpClient-1-2] DEBUG io.netty.util.ResourceLeakDetectorFactory - Loaded default ResourceLeakDetector: io.netty.util.ResourceLeakDetector@748f6292
22:32:25.627 [AsyncHttpClient-1-2] DEBUG org.asynchttpclient.netty.channel.NettyConnectListener - Using new Channel '[id: 0xc71f3922, L:/127.0.0.1:62263 - R:localhost/127.0.0.1:39918]' for 'POST' to '/session'
22:32:25.660 [AsyncHttpClient-1-2] DEBUG io.netty.util.Recycler - -Dio.netty.recycler.maxCapacityPerThread: 4096
22:32:25.660 [AsyncHttpClient-1-2] DEBUG io.netty.util.Recycler - -Dio.netty.recycler.ratio: 8
22:32:25.660 [AsyncHttpClient-1-2] DEBUG io.netty.util.Recycler - -Dio.netty.recycler.chunkSize: 32
22:32:25.661 [AsyncHttpClient-1-2] DEBUG io.netty.util.Recycler - -Dio.netty.recycler.blocking: false
22:32:26.717 [AsyncHttpClient-1-2] DEBUG io.netty.handler.codec.compression.Brotli - brotli4j not in the classpath; Brotli support will be unavailable.
22:32:26.718 [AsyncHttpClient-1-2] DEBUG org.asynchttpclient.netty.handler.HttpHandler - 

Request DefaultHttpRequest(decodeResult: success, version: HTTP/1.1)
POST /session HTTP/1.1
User-Agent: selenium/4.8.1 (java windows)
Content-Length: 1701
Content-Type: application/json; charset=utf-8
host: localhost:39918
accept: */*

Response DefaultHttpResponse(decodeResult: success, version: HTTP/1.1)
HTTP/1.1 200 OK
Content-Length: 858
Content-Type: application/json; charset=utf-8
cache-control: no-cache

22:32:26.749 [AsyncHttpClient-1-2] DEBUG org.asynchttpclient.netty.channel.ChannelManager - Adding key: http://localhost:39918 for channel [id: 0xc71f3922, L:/127.0.0.1:62263 - R:localhost/127.0.0.1:39918]
22:32:26.894 [AsyncHttpClient-1-3] DEBUG org.asynchttpclient.netty.channel.NettyConnectListener - Using new Channel '[id: 0xf22584a5, L:/127.0.0.1:62272 - R:localhost/127.0.0.1:62264]' for 'GET' to '/json/version'
22:32:26.899 [AsyncHttpClient-1-3] DEBUG org.asynchttpclient.netty.handler.HttpHandler - 

Request DefaultFullHttpRequest(decodeResult: success, version: HTTP/1.1, content: EmptyByteBufBE)
GET /json/version HTTP/1.1
User-Agent: selenium/4.8.1 (java windows)
host: localhost:62264
accept: */*

Response DefaultHttpResponse(decodeResult: success, version: HTTP/1.1)
HTTP/1.1 200 OK
Content-Security-Policy: frame-ancestors 'none'
Content-Length: 424
Content-Type: application/json; charset=UTF-8

22:32:26.900 [AsyncHttpClient-1-3] DEBUG org.asynchttpclient.netty.channel.ChannelManager - Adding key: http://localhost:62264 for channel [id: 0xf22584a5, L:/127.0.0.1:62272 - R:localhost/127.0.0.1:62264]
22:32:26.914 [main] DEBUG io.netty.util.internal.ThreadLocalRandom - -Dio.netty.initialSeedUniquifier: 0x84fce38f7e696056
22:32:26.921 [AsyncHttpClient-1-4] DEBUG org.asynchttpclient.netty.channel.NettyConnectListener - Using new Channel '[id: 0x4a3fd591, L:/127.0.0.1:62273 - R:localhost/127.0.0.1:62264]' for 'GET' to '/devtools/browser/6796c373-9370-493d-a0b3-1ef0721458bc'
22:32:26.925 [AsyncHttpClient-1-4] DEBUG org.asynchttpclient.netty.handler.WebSocketHandler - 

Request DefaultFullHttpRequest(decodeResult: success, version: HTTP/1.1, content: EmptyByteBufBE)
GET /devtools/browser/6796c373-9370-493d-a0b3-1ef0721458bc HTTP/1.1
upgrade: websocket
connection: upgrade
sec-websocket-key: nIlOiWRUOEnIA1PyDpIvUA==
sec-websocket-version: 13
origin: http://localhost:62264
host: localhost:62264
accept: */*
user-agent: AHC/2.1

Response DefaultHttpResponse(decodeResult: success, version: HTTP/1.1)
HTTP/1.1 101 WebSocket Protocol Handshake
Upgrade: WebSocket
Connection: Upgrade
Sec-WebSocket-Accept: DJX4H4WZeSiNH+XfDBnZKpsHaC8=

22:32:27.155 [Forwarding get on session b0fd54a4f0c90d723647ffce196844fe to remote] DEBUG org.asynchttpclient.netty.request.NettyRequestSender - Using pooled Channel '[id: 0xc71f3922, L:/127.0.0.1:62263 - R:localhost/127.0.0.1:39918]' for 'POST' to 'http://localhost:39918/session/b0fd54a4f0c90d723647ffce196844fe/url'
22:32:27.156 [Forwarding get on session b0fd54a4f0c90d723647ffce196844fe to remote] DEBUG org.asynchttpclient.netty.request.NettyRequestSender - Using open Channel [id: 0xc71f3922, L:/127.0.0.1:62263 - R:localhost/127.0.0.1:39918] for POST '/session/b0fd54a4f0c90d723647ffce196844fe/url'
22:32:27.583 [AsyncHttpClient-1-1] DEBUG org.asynchttpclient.netty.channel.DefaultChannelPool - Entry count for : http://localhost:62264 : 1
22:32:28.680 [AsyncHttpClient-1-1] DEBUG org.asynchttpclient.netty.channel.DefaultChannelPool - Entry count for : http://localhost:62264 : 1
22:32:29.779 [AsyncHttpClient-1-1] DEBUG org.asynchttpclient.netty.channel.DefaultChannelPool - Entry count for : http://localhost:62264 : 1
22:32:29.920 [AsyncHttpClient-1-2] DEBUG org.asynchttpclient.netty.handler.HttpHandler - 

Request DefaultHttpRequest(decodeResult: success, version: HTTP/1.1)
POST /session/b0fd54a4f0c90d723647ffce196844fe/url HTTP/1.1
User-Agent: selenium/4.8.1 (java windows)
Content-Length: 59
Content-Type: application/json; charset=utf-8
host: localhost:39918
accept: */*

Response DefaultHttpResponse(decodeResult: success, version: HTTP/1.1)
HTTP/1.1 200 OK
Content-Length: 14
Content-Type: application/json; charset=utf-8
cache-control: no-cache

22:32:29.921 [AsyncHttpClient-1-2] DEBUG org.asynchttpclient.netty.channel.ChannelManager - Adding key: http://localhost:39918 for channel [id: 0xc71f3922, L:/127.0.0.1:62263 - R:localhost/127.0.0.1:39918]
22:32:29.935 [Forwarding setTimeout on session b0fd54a4f0c90d723647ffce196844fe to remote] DEBUG org.asynchttpclient.netty.request.NettyRequestSender - Using pooled Channel '[id: 0xc71f3922, L:/127.0.0.1:62263 - R:localhost/127.0.0.1:39918]' for 'POST' to 'http://localhost:39918/session/b0fd54a4f0c90d723647ffce196844fe/timeouts'
22:32:29.935 [Forwarding setTimeout on session b0fd54a4f0c90d723647ffce196844fe to remote] DEBUG org.asynchttpclient.netty.request.NettyRequestSender - Using open Channel [id: 0xc71f3922, L:/127.0.0.1:62263 - R:localhost/127.0.0.1:39918] for POST '/session/b0fd54a4f0c90d723647ffce196844fe/timeouts'
22:32:29.938 [AsyncHttpClient-1-2] DEBUG org.asynchttpclient.netty.handler.HttpHandler - 

Request DefaultHttpRequest(decodeResult: success, version: HTTP/1.1)
POST /session/b0fd54a4f0c90d723647ffce196844fe/timeouts HTTP/1.1
User-Agent: selenium/4.8.1 (java windows)
Content-Length: 22
Content-Type: application/json; charset=utf-8
host: localhost:39918
accept: */*

Response DefaultHttpResponse(decodeResult: success, version: HTTP/1.1)
HTTP/1.1 200 OK
Content-Length: 14
Content-Type: application/json; charset=utf-8
cache-control: no-cache

22:32:29.938 [AsyncHttpClient-1-2] DEBUG org.asynchttpclient.netty.channel.ChannelManager - Adding key: http://localhost:39918 for channel [id: 0xc71f3922, L:/127.0.0.1:62263 - R:localhost/127.0.0.1:39918]
22:32:29.969 [Forwarding findElement on session b0fd54a4f0c90d723647ffce196844fe to remote] DEBUG org.asynchttpclient.netty.request.NettyRequestSender - Using pooled Channel '[id: 0xc71f3922, L:/127.0.0.1:62263 - R:localhost/127.0.0.1:39918]' for 'POST' to 'http://localhost:39918/session/b0fd54a4f0c90d723647ffce196844fe/element'
22:32:29.969 [Forwarding findElement on session b0fd54a4f0c90d723647ffce196844fe to remote] DEBUG org.asynchttpclient.netty.request.NettyRequestSender - Using open Channel [id: 0xc71f3922, L:/127.0.0.1:62263 - R:localhost/127.0.0.1:39918] for POST '/session/b0fd54a4f0c90d723647ffce196844fe/element'
22:32:30.002 [AsyncHttpClient-1-2] DEBUG org.asynchttpclient.netty.handler.HttpHandler - 

Request DefaultHttpRequest(decodeResult: success, version: HTTP/1.1)
POST /session/b0fd54a4f0c90d723647ffce196844fe/element HTTP/1.1
User-Agent: selenium/4.8.1 (java windows)
Content-Length: 70
Content-Type: application/json; charset=utf-8
host: localhost:39918
accept: */*

Response DefaultHttpResponse(decodeResult: success, version: HTTP/1.1)
HTTP/1.1 200 OK
Content-Length: 88
Content-Type: application/json; charset=utf-8
cache-control: no-cache

22:32:30.003 [AsyncHttpClient-1-2] DEBUG org.asynchttpclient.netty.channel.ChannelManager - Adding key: http://localhost:39918 for channel [id: 0xc71f3922, L:/127.0.0.1:62263 - R:localhost/127.0.0.1:39918]
22:32:30.029 [Forwarding isElementDisplayed on session b0fd54a4f0c90d723647ffce196844fe to remote] DEBUG org.asynchttpclient.netty.request.NettyRequestSender - Using pooled Channel '[id: 0xc71f3922, L:/127.0.0.1:62263 - R:localhost/127.0.0.1:39918]' for 'POST' to 'http://localhost:39918/session/b0fd54a4f0c90d723647ffce196844fe/execute/sync'
22:32:30.029 [Forwarding isElementDisplayed on session b0fd54a4f0c90d723647ffce196844fe to remote] DEBUG org.asynchttpclient.netty.request.NettyRequestSender - Using open Channel [id: 0xc71f3922, L:/127.0.0.1:62263 - R:localhost/127.0.0.1:39918] for POST '/session/b0fd54a4f0c90d723647ffce196844fe/execute/sync'
22:32:30.879 [AsyncHttpClient-1-1] DEBUG org.asynchttpclient.netty.channel.DefaultChannelPool - Entry count for : http://localhost:62264 : 1
22:32:31.178 [AsyncHttpClient-1-2] DEBUG org.asynchttpclient.netty.handler.HttpHandler - 

Request DefaultHttpRequest(decodeResult: success, version: HTTP/1.1)
POST /session/b0fd54a4f0c90d723647ffce196844fe/execute/sync HTTP/1.1
User-Agent: selenium/4.8.1 (java windows)
Content-Length: 48807
Content-Type: application/json; charset=utf-8
host: localhost:39918
accept: */*

Response DefaultHttpResponse(decodeResult: success, version: HTTP/1.1)
HTTP/1.1 200 OK
Content-Length: 14
Content-Type: application/json; charset=utf-8
cache-control: no-cache

22:32:31.179 [AsyncHttpClient-1-2] DEBUG org.asynchttpclient.netty.channel.ChannelManager - Adding key: http://localhost:39918 for channel [id: 0xc71f3922, L:/127.0.0.1:62263 - R:localhost/127.0.0.1:39918]
22:32:31.193 [Forwarding isElementDisplayed on session b0fd54a4f0c90d723647ffce196844fe to remote] DEBUG org.asynchttpclient.netty.request.NettyRequestSender - Using pooled Channel '[id: 0xc71f3922, L:/127.0.0.1:62263 - R:localhost/127.0.0.1:39918]' for 'POST' to 'http://localhost:39918/session/b0fd54a4f0c90d723647ffce196844fe/execute/sync'
22:32:31.193 [Forwarding isElementDisplayed on session b0fd54a4f0c90d723647ffce196844fe to remote] DEBUG org.asynchttpclient.netty.request.NettyRequestSender - Using open Channel [id: 0xc71f3922, L:/127.0.0.1:62263 - R:localhost/127.0.0.1:39918] for POST '/session/b0fd54a4f0c90d723647ffce196844fe/execute/sync'
22:32:31.231 [AsyncHttpClient-1-2] DEBUG org.asynchttpclient.netty.handler.HttpHandler - 

Request DefaultHttpRequest(decodeResult: success, version: HTTP/1.1)
POST /session/b0fd54a4f0c90d723647ffce196844fe/execute/sync HTTP/1.1
User-Agent: selenium/4.8.1 (java windows)
Content-Length: 48807
Content-Type: application/json; charset=utf-8
host: localhost:39918
accept: */*

Response DefaultHttpResponse(decodeResult: success, version: HTTP/1.1)
HTTP/1.1 200 OK
Content-Length: 14
Content-Type: application/json; charset=utf-8
cache-control: no-cache

22:32:31.231 [AsyncHttpClient-1-2] DEBUG org.asynchttpclient.netty.channel.ChannelManager - Adding key: http://localhost:39918 for channel [id: 0xc71f3922, L:/127.0.0.1:62263 - R:localhost/127.0.0.1:39918]
22:32:31.406 [main] DEBUG net.thucydides.core.steps.StepInterceptor - STEP DONE: userOnMainPage
  &amp#27;[32mGiven &amp#27;[0m&amp#27;[32muser on main page&amp#27;[0m                                   &amp#27;[90m# starter.stepdefinitions.UserSteps.userOnMainPage()&amp#27;[0m
22:32:31.466 [main] DEBUG net.thucydides.core.steps.StepInterceptor - STARTING STEP: UserSteps.userClickOnLoginButton - userClickOnLoginButton
22:32:31.491 [Forwarding findElement on session b0fd54a4f0c90d723647ffce196844fe to remote] DEBUG org.asynchttpclient.netty.request.NettyRequestSender - Using pooled Channel '[id: 0xc71f3922, L:/127.0.0.1:62263 - R:localhost/127.0.0.1:39918]' for 'POST' to 'http://localhost:39918/session/b0fd54a4f0c90d723647ffce196844fe/element'
22:32:31.492 [Forwarding findElement on session b0fd54a4f0c90d723647ffce196844fe to remote] DEBUG org.asynchttpclient.netty.request.NettyRequestSender - Using open Channel [id: 0xc71f3922, L:/127.0.0.1:62263 - R:localhost/127.0.0.1:39918] for POST '/session/b0fd54a4f0c90d723647ffce196844fe/element'
22:32:31.544 [AsyncHttpClient-1-2] DEBUG org.asynchttpclient.netty.handler.HttpHandler - 

Request DefaultHttpRequest(decodeResult: success, version: HTTP/1.1)
POST /session/b0fd54a4f0c90d723647ffce196844fe/element HTTP/1.1
User-Agent: selenium/4.8.1 (java windows)
Content-Length: 106
Content-Type: application/json; charset=utf-8
host: localhost:39918
accept: */*

Response DefaultHttpResponse(decodeResult: success, version: HTTP/1.1)
HTTP/1.1 200 OK
Content-Length: 88
Content-Type: application/json; charset=utf-8
cache-control: no-cache

22:32:31.545 [AsyncHttpClient-1-2] DEBUG org.asynchttpclient.netty.channel.ChannelManager - Adding key: http://localhost:39918 for channel [id: 0xc71f3922, L:/127.0.0.1:62263 - R:localhost/127.0.0.1:39918]
22:32:31.558 [Forwarding getElementTagName on session b0fd54a4f0c90d723647ffce196844fe to remote] DEBUG org.asynchttpclient.netty.request.NettyRequestSender - Using pooled Channel '[id: 0xc71f3922, L:/127.0.0.1:62263 - R:localhost/127.0.0.1:39918]' for 'GET' to 'http://localhost:39918/session/b0fd54a4f0c90d723647ffce196844fe/element/65e1dc95-68e4-44e8-ab2d-87f2e1105599/name'
22:32:31.558 [Forwarding getElementTagName on session b0fd54a4f0c90d723647ffce196844fe to remote] DEBUG org.asynchttpclient.netty.request.NettyRequestSender - Using open Channel [id: 0xc71f3922, L:/127.0.0.1:62263 - R:localhost/127.0.0.1:39918] for GET '/session/b0fd54a4f0c90d723647ffce196844fe/element/65e1dc95-68e4-44e8-ab2d-87f2e1105599/name'
22:32:31.574 [AsyncHttpClient-1-2] DEBUG org.asynchttpclient.netty.handler.HttpHandler - 

Request DefaultFullHttpRequest(decodeResult: success, version: HTTP/1.1, content: EmptyByteBufBE)
GET /session/b0fd54a4f0c90d723647ffce196844fe/element/65e1dc95-68e4-44e8-ab2d-87f2e1105599/name HTTP/1.1
User-Agent: selenium/4.8.1 (java windows)
Cache-Control: no-cache
Content-Type: application/json; charset=utf-8
host: localhost:39918
accept: */*

Response DefaultHttpResponse(decodeResult: success, version: HTTP/1.1)
HTTP/1.1 200 OK
Content-Length: 13
Content-Type: application/json; charset=utf-8
cache-control: no-cache

22:32:31.574 [AsyncHttpClient-1-2] DEBUG org.asynchttpclient.netty.channel.ChannelManager - Adding key: http://localhost:39918 for channel [id: 0xc71f3922, L:/127.0.0.1:62263 - R:localhost/127.0.0.1:39918]
22:32:31.578 [Forwarding getElementTagName on session b0fd54a4f0c90d723647ffce196844fe to remote] DEBUG org.asynchttpclient.netty.request.NettyRequestSender - Using pooled Channel '[id: 0xc71f3922, L:/127.0.0.1:62263 - R:localhost/127.0.0.1:39918]' for 'GET' to 'http://localhost:39918/session/b0fd54a4f0c90d723647ffce196844fe/element/65e1dc95-68e4-44e8-ab2d-87f2e1105599/name'
22:32:31.579 [Forwarding getElementTagName on session b0fd54a4f0c90d723647ffce196844fe to remote] DEBUG org.asynchttpclient.netty.request.NettyRequestSender - Using open Channel [id: 0xc71f3922, L:/127.0.0.1:62263 - R:localhost/127.0.0.1:39918] for GET '/session/b0fd54a4f0c90d723647ffce196844fe/element/65e1dc95-68e4-44e8-ab2d-87f2e1105599/name'
22:32:31.587 [AsyncHttpClient-1-2] DEBUG org.asynchttpclient.netty.handler.HttpHandler - 

Request DefaultFullHttpRequest(decodeResult: success, version: HTTP/1.1, content: EmptyByteBufBE)
GET /session/b0fd54a4f0c90d723647ffce196844fe/element/65e1dc95-68e4-44e8-ab2d-87f2e1105599/name HTTP/1.1
User-Agent: selenium/4.8.1 (java windows)
Cache-Control: no-cache
Content-Type: application/json; charset=utf-8
host: localhost:39918
accept: */*

Response DefaultHttpResponse(decodeResult: success, version: HTTP/1.1)
HTTP/1.1 200 OK
Content-Length: 13
Content-Type: application/json; charset=utf-8
cache-control: no-cache

22:32:31.587 [AsyncHttpClient-1-2] DEBUG org.asynchttpclient.netty.channel.ChannelManager - Adding key: http://localhost:39918 for channel [id: 0xc71f3922, L:/127.0.0.1:62263 - R:localhost/127.0.0.1:39918]
22:32:31.594 [Forwarding findElement on session b0fd54a4f0c90d723647ffce196844fe to remote] DEBUG org.asynchttpclient.netty.request.NettyRequestSender - Using pooled Channel '[id: 0xc71f3922, L:/127.0.0.1:62263 - R:localhost/127.0.0.1:39918]' for 'POST' to 'http://localhost:39918/session/b0fd54a4f0c90d723647ffce196844fe/element'
22:32:31.594 [Forwarding findElement on session b0fd54a4f0c90d723647ffce196844fe to remote] DEBUG org.asynchttpclient.netty.request.NettyRequestSender - Using open Channel [id: 0xc71f3922, L:/127.0.0.1:62263 - R:localhost/127.0.0.1:39918] for POST '/session/b0fd54a4f0c90d723647ffce196844fe/element'
22:32:31.607 [AsyncHttpClient-1-2] DEBUG org.asynchttpclient.netty.handler.HttpHandler - 

Request DefaultHttpRequest(decodeResult: success, version: HTTP/1.1)
POST /session/b0fd54a4f0c90d723647ffce196844fe/element HTTP/1.1
User-Agent: selenium/4.8.1 (java windows)
Content-Length: 106
Content-Type: application/json; charset=utf-8
host: localhost:39918
accept: */*

Response DefaultHttpResponse(decodeResult: success, version: HTTP/1.1)
HTTP/1.1 200 OK
Content-Length: 88
Content-Type: application/json; charset=utf-8
cache-control: no-cache

22:32:31.607 [AsyncHttpClient-1-2] DEBUG org.asynchttpclient.netty.channel.ChannelManager - Adding key: http://localhost:39918 for channel [id: 0xc71f3922, L:/127.0.0.1:62263 - R:localhost/127.0.0.1:39918]
22:32:31.611 [Forwarding clickElement on session b0fd54a4f0c90d723647ffce196844fe to remote] DEBUG org.asynchttpclient.netty.request.NettyRequestSender - Using pooled Channel '[id: 0xc71f3922, L:/127.0.0.1:62263 - R:localhost/127.0.0.1:39918]' for 'POST' to 'http://localhost:39918/session/b0fd54a4f0c90d723647ffce196844fe/element/65e1dc95-68e4-44e8-ab2d-87f2e1105599/click'
22:32:31.612 [Forwarding clickElement on session b0fd54a4f0c90d723647ffce196844fe to remote] DEBUG org.asynchttpclient.netty.request.NettyRequestSender - Using open Channel [id: 0xc71f3922, L:/127.0.0.1:62263 - R:localhost/127.0.0.1:39918] for POST '/session/b0fd54a4f0c90d723647ffce196844fe/element/65e1dc95-68e4-44e8-ab2d-87f2e1105599/click'
22:32:31.688 [AsyncHttpClient-1-2] DEBUG org.asynchttpclient.netty.handler.HttpHandler - 

Request DefaultHttpRequest(decodeResult: success, version: HTTP/1.1)
POST /session/b0fd54a4f0c90d723647ffce196844fe/element/65e1dc95-68e4-44e8-ab2d-87f2e1105599/click HTTP/1.1
User-Agent: selenium/4.8.1 (java windows)
Content-Length: 50
Content-Type: application/json; charset=utf-8
host: localhost:39918
accept: */*

Response DefaultHttpResponse(decodeResult: success, version: HTTP/1.1)
HTTP/1.1 200 OK
Content-Length: 14
Content-Type: application/json; charset=utf-8
cache-control: no-cache

22:32:31.689 [AsyncHttpClient-1-2] DEBUG org.asynchttpclient.netty.channel.ChannelManager - Adding key: http://localhost:39918 for channel [id: 0xc71f3922, L:/127.0.0.1:62263 - R:localhost/127.0.0.1:39918]
22:32:31.709 [main] DEBUG net.thucydides.core.steps.StepInterceptor - STEP DONE: userClickOnLoginButton
  &amp#27;[32mWhen &amp#27;[0m&amp#27;[32muser click on login button&amp#27;[0m                           &amp#27;[90m# starter.stepdefinitions.UserSteps.userClickOnLoginButton()&amp#27;[0m
22:32:31.757 [main] DEBUG net.thucydides.core.steps.StepInterceptor - STARTING STEP: UserSteps.userOnLoginPage - userOnLoginPage
22:32:31.778 [Forwarding findElement on session b0fd54a4f0c90d723647ffce196844fe to remote] DEBUG org.asynchttpclient.netty.request.NettyRequestSender - Using pooled Channel '[id: 0xc71f3922, L:/127.0.0.1:62263 - R:localhost/127.0.0.1:39918]' for 'POST' to 'http://localhost:39918/session/b0fd54a4f0c90d723647ffce196844fe/element'
22:32:31.778 [Forwarding findElement on session b0fd54a4f0c90d723647ffce196844fe to remote] DEBUG org.asynchttpclient.netty.request.NettyRequestSender - Using open Channel [id: 0xc71f3922, L:/127.0.0.1:62263 - R:localhost/127.0.0.1:39918] for POST '/session/b0fd54a4f0c90d723647ffce196844fe/element'
22:32:31.892 [AsyncHttpClient-1-2] DEBUG org.asynchttpclient.netty.handler.HttpHandler - 

Request DefaultHttpRequest(decodeResult: success, version: HTTP/1.1)
POST /session/b0fd54a4f0c90d723647ffce196844fe/element HTTP/1.1
User-Agent: selenium/4.8.1 (java windows)
Content-Length: 68
Content-Type: application/json; charset=utf-8
host: localhost:39918
accept: */*

Response DefaultHttpResponse(decodeResult: success, version: HTTP/1.1)
HTTP/1.1 200 OK
Content-Length: 88
Content-Type: application/json; charset=utf-8
cache-control: no-cache

22:32:31.893 [AsyncHttpClient-1-2] DEBUG org.asynchttpclient.netty.channel.ChannelManager - Adding key: http://localhost:39918 for channel [id: 0xc71f3922, L:/127.0.0.1:62263 - R:localhost/127.0.0.1:39918]
22:32:31.920 [Forwarding isElementDisplayed on session b0fd54a4f0c90d723647ffce196844fe to remote] DEBUG org.asynchttpclient.netty.request.NettyRequestSender - Using pooled Channel '[id: 0xc71f3922, L:/127.0.0.1:62263 - R:localhost/127.0.0.1:39918]' for 'POST' to 'http://localhost:39918/session/b0fd54a4f0c90d723647ffce196844fe/execute/sync'
22:32:31.920 [Forwarding isElementDisplayed on session b0fd54a4f0c90d723647ffce196844fe to remote] DEBUG org.asynchttpclient.netty.request.NettyRequestSender - Using open Channel [id: 0xc71f3922, L:/127.0.0.1:62263 - R:localhost/127.0.0.1:39918] for POST '/session/b0fd54a4f0c90d723647ffce196844fe/execute/sync'
22:32:31.936 [AsyncHttpClient-1-2] DEBUG org.asynchttpclient.netty.handler.HttpHandler - 

Request DefaultHttpRequest(decodeResult: success, version: HTTP/1.1)
POST /session/b0fd54a4f0c90d723647ffce196844fe/execute/sync HTTP/1.1
User-Agent: selenium/4.8.1 (java windows)
Content-Length: 48807
Content-Type: application/json; charset=utf-8
host: localhost:39918
accept: */*

Response DefaultHttpResponse(decodeResult: success, version: HTTP/1.1)
HTTP/1.1 200 OK
Content-Length: 14
Content-Type: application/json; charset=utf-8
cache-control: no-cache

22:32:31.937 [AsyncHttpClient-1-2] DEBUG org.asynchttpclient.netty.channel.ChannelManager - Adding key: http://localhost:39918 for channel [id: 0xc71f3922, L:/127.0.0.1:62263 - R:localhost/127.0.0.1:39918]
22:32:31.944 [Forwarding isElementDisplayed on session b0fd54a4f0c90d723647ffce196844fe to remote] DEBUG org.asynchttpclient.netty.request.NettyRequestSender - Using pooled Channel '[id: 0xc71f3922, L:/127.0.0.1:62263 - R:localhost/127.0.0.1:39918]' for 'POST' to 'http://localhost:39918/session/b0fd54a4f0c90d723647ffce196844fe/execute/sync'
22:32:31.944 [Forwarding isElementDisplayed on session b0fd54a4f0c90d723647ffce196844fe to remote] DEBUG org.asynchttpclient.netty.request.NettyRequestSender - Using open Channel [id: 0xc71f3922, L:/127.0.0.1:62263 - R:localhost/127.0.0.1:39918] for POST '/session/b0fd54a4f0c90d723647ffce196844fe/execute/sync'
22:32:31.958 [AsyncHttpClient-1-2] DEBUG org.asynchttpclient.netty.handler.HttpHandler - 

Request DefaultHttpRequest(decodeResult: success, version: HTTP/1.1)
POST /session/b0fd54a4f0c90d723647ffce196844fe/execute/sync HTTP/1.1
User-Agent: selenium/4.8.1 (java windows)
Content-Length: 48807
Content-Type: application/json; charset=utf-8
host: localhost:39918
accept: */*

Response DefaultHttpResponse(decodeResult: success, version: HTTP/1.1)
HTTP/1.1 200 OK
Content-Length: 14
Content-Type: application/json; charset=utf-8
cache-control: no-cache

22:32:31.958 [AsyncHttpClient-1-2] DEBUG org.asynchttpclient.netty.channel.ChannelManager - Adding key: http://localhost:39918 for channel [id: 0xc71f3922, L:/127.0.0.1:62263 - R:localhost/127.0.0.1:39918]
22:32:31.964 [main] DEBUG net.thucydides.core.steps.StepInterceptor - STEP DONE: userOnLoginPage
  &amp#27;[32mAnd &amp#27;[0m&amp#27;[32muser on login page&amp#27;[0m                                    &amp#27;[90m# starter.stepdefinitions.UserSteps.userOnLoginPage()&amp#27;[0m
22:32:31.979 [AsyncHttpClient-1-1] DEBUG org.asynchttpclient.netty.channel.DefaultChannelPool - Entry count for : http://localhost:62264 : 1
22:32:31.979 [AsyncHttpClient-1-1] DEBUG org.asynchttpclient.netty.channel.DefaultChannelPool - Entry count for : http://localhost:39918 : 1
22:32:31.984 [main] DEBUG net.thucydides.core.steps.StepInterceptor - STARTING STEP: UserSteps.userEnterAValidEmail - userEnterAValidEmail
22:32:31.993 [Forwarding findElement on session b0fd54a4f0c90d723647ffce196844fe to remote] DEBUG org.asynchttpclient.netty.request.NettyRequestSender - Using pooled Channel '[id: 0xc71f3922, L:/127.0.0.1:62263 - R:localhost/127.0.0.1:39918]' for 'POST' to 'http://localhost:39918/session/b0fd54a4f0c90d723647ffce196844fe/element'
22:32:31.993 [Forwarding findElement on session b0fd54a4f0c90d723647ffce196844fe to remote] DEBUG org.asynchttpclient.netty.request.NettyRequestSender - Using open Channel [id: 0xc71f3922, L:/127.0.0.1:62263 - R:localhost/127.0.0.1:39918] for POST '/session/b0fd54a4f0c90d723647ffce196844fe/element'
22:32:32.014 [AsyncHttpClient-1-2] DEBUG org.asynchttpclient.netty.handler.HttpHandler - 

Request DefaultHttpRequest(decodeResult: success, version: HTTP/1.1)
POST /session/b0fd54a4f0c90d723647ffce196844fe/element HTTP/1.1
User-Agent: selenium/4.8.1 (java windows)
Content-Length: 106
Content-Type: application/json; charset=utf-8
host: localhost:39918
accept: */*

Response DefaultHttpResponse(decodeResult: success, version: HTTP/1.1)
HTTP/1.1 200 OK
Content-Length: 88
Content-Type: application/json; charset=utf-8
cache-control: no-cache

22:32:32.015 [AsyncHttpClient-1-2] DEBUG org.asynchttpclient.netty.channel.ChannelManager - Adding key: http://localhost:39918 for channel [id: 0xc71f3922, L:/127.0.0.1:62263 - R:localhost/127.0.0.1:39918]
22:32:32.020 [Forwarding clearElement on session b0fd54a4f0c90d723647ffce196844fe to remote] DEBUG org.asynchttpclient.netty.request.NettyRequestSender - Using pooled Channel '[id: 0xc71f3922, L:/127.0.0.1:62263 - R:localhost/127.0.0.1:39918]' for 'POST' to 'http://localhost:39918/session/b0fd54a4f0c90d723647ffce196844fe/element/71fb82ca-955b-4300-bc78-de4374e70bd3/clear'
22:32:32.020 [Forwarding clearElement on session b0fd54a4f0c90d723647ffce196844fe to remote] DEBUG org.asynchttpclient.netty.request.NettyRequestSender - Using open Channel [id: 0xc71f3922, L:/127.0.0.1:62263 - R:localhost/127.0.0.1:39918] for POST '/session/b0fd54a4f0c90d723647ffce196844fe/element/71fb82ca-955b-4300-bc78-de4374e70bd3/clear'
22:32:32.187 [AsyncHttpClient-1-2] DEBUG org.asynchttpclient.netty.handler.HttpHandler - 

Request DefaultHttpRequest(decodeResult: success, version: HTTP/1.1)
POST /session/b0fd54a4f0c90d723647ffce196844fe/element/71fb82ca-955b-4300-bc78-de4374e70bd3/clear HTTP/1.1
User-Agent: selenium/4.8.1 (java windows)
Content-Length: 50
Content-Type: application/json; charset=utf-8
host: localhost:39918
accept: */*

Response DefaultHttpResponse(decodeResult: success, version: HTTP/1.1)
HTTP/1.1 200 OK
Content-Length: 14
Content-Type: application/json; charset=utf-8
cache-control: no-cache

22:32:32.187 [AsyncHttpClient-1-2] DEBUG org.asynchttpclient.netty.channel.ChannelManager - Adding key: http://localhost:39918 for channel [id: 0xc71f3922, L:/127.0.0.1:62263 - R:localhost/127.0.0.1:39918]
22:32:32.201 [Forwarding sendKeysToElement on session b0fd54a4f0c90d723647ffce196844fe to remote] DEBUG org.asynchttpclient.netty.request.NettyRequestSender - Using pooled Channel '[id: 0xc71f3922, L:/127.0.0.1:62263 - R:localhost/127.0.0.1:39918]' for 'POST' to 'http://localhost:39918/session/b0fd54a4f0c90d723647ffce196844fe/element/71fb82ca-955b-4300-bc78-de4374e70bd3/value'
22:32:32.201 [Forwarding sendKeysToElement on session b0fd54a4f0c90d723647ffce196844fe to remote] DEBUG org.asynchttpclient.netty.request.NettyRequestSender - Using open Channel [id: 0xc71f3922, L:/127.0.0.1:62263 - R:localhost/127.0.0.1:39918] for POST '/session/b0fd54a4f0c90d723647ffce196844fe/element/71fb82ca-955b-4300-bc78-de4374e70bd3/value'
22:32:32.519 [AsyncHttpClient-1-2] DEBUG org.asynchttpclient.netty.handler.HttpHandler - 

Request DefaultHttpRequest(decodeResult: success, version: HTTP/1.1)
POST /session/b0fd54a4f0c90d723647ffce196844fe/element/71fb82ca-955b-4300-bc78-de4374e70bd3/value HTTP/1.1
User-Agent: selenium/4.8.1 (java windows)
Content-Length: 221
Content-Type: application/json; charset=utf-8
host: localhost:39918
accept: */*

Response DefaultHttpResponse(decodeResult: success, version: HTTP/1.1)
HTTP/1.1 200 OK
Content-Length: 14
Content-Type: application/json; charset=utf-8
cache-control: no-cache

22:32:32.519 [AsyncHttpClient-1-2] DEBUG org.asynchttpclient.netty.channel.ChannelManager - Adding key: http://localhost:39918 for channel [id: 0xc71f3922, L:/127.0.0.1:62263 - R:localhost/127.0.0.1:39918]
22:32:32.525 [main] DEBUG net.thucydides.core.steps.StepInterceptor - STEP DONE: userEnterAValidEmail
  &amp#27;[32mAnd &amp#27;[0m&amp#27;[32muser enter a valid email&amp#27;[0m                              &amp#27;[90m# starter.stepdefinitions.UserSteps.userEnterAValidEmail()&amp#27;[0m
22:32:32.543 [main] DEBUG net.thucydides.core.steps.StepInterceptor - STARTING STEP: UserSteps.userEnterAValidPassword - userEnterAValidPassword
22:32:32.547 [Forwarding findElement on session b0fd54a4f0c90d723647ffce196844fe to remote] DEBUG org.asynchttpclient.netty.request.NettyRequestSender - Using pooled Channel '[id: 0xc71f3922, L:/127.0.0.1:62263 - R:localhost/127.0.0.1:39918]' for 'POST' to 'http://localhost:39918/session/b0fd54a4f0c90d723647ffce196844fe/element'
22:32:32.548 [Forwarding findElement on session b0fd54a4f0c90d723647ffce196844fe to remote] DEBUG org.asynchttpclient.netty.request.NettyRequestSender - Using open Channel [id: 0xc71f3922, L:/127.0.0.1:62263 - R:localhost/127.0.0.1:39918] for POST '/session/b0fd54a4f0c90d723647ffce196844fe/element'
22:32:32.569 [AsyncHttpClient-1-2] DEBUG org.asynchttpclient.netty.handler.HttpHandler - 

Request DefaultHttpRequest(decodeResult: success, version: HTTP/1.1)
POST /session/b0fd54a4f0c90d723647ffce196844fe/element HTTP/1.1
User-Agent: selenium/4.8.1 (java windows)
Content-Length: 109
Content-Type: application/json; charset=utf-8
host: localhost:39918
accept: */*

Response DefaultHttpResponse(decodeResult: success, version: HTTP/1.1)
HTTP/1.1 200 OK
Content-Length: 88
Content-Type: application/json; charset=utf-8
cache-control: no-cache

22:32:32.569 [AsyncHttpClient-1-2] DEBUG org.asynchttpclient.netty.channel.ChannelManager - Adding key: http://localhost:39918 for channel [id: 0xc71f3922, L:/127.0.0.1:62263 - R:localhost/127.0.0.1:39918]
22:32:32.572 [Forwarding clearElement on session b0fd54a4f0c90d723647ffce196844fe to remote] DEBUG org.asynchttpclient.netty.request.NettyRequestSender - Using pooled Channel '[id: 0xc71f3922, L:/127.0.0.1:62263 - R:localhost/127.0.0.1:39918]' for 'POST' to 'http://localhost:39918/session/b0fd54a4f0c90d723647ffce196844fe/element/077d7bfc-11cc-4965-ad54-5cf065617b5e/clear'
22:32:32.572 [Forwarding clearElement on session b0fd54a4f0c90d723647ffce196844fe to remote] DEBUG org.asynchttpclient.netty.request.NettyRequestSender - Using open Channel [id: 0xc71f3922, L:/127.0.0.1:62263 - R:localhost/127.0.0.1:39918] for POST '/session/b0fd54a4f0c90d723647ffce196844fe/element/077d7bfc-11cc-4965-ad54-5cf065617b5e/clear'
22:32:32.636 [AsyncHttpClient-1-2] DEBUG org.asynchttpclient.netty.handler.HttpHandler - 

Request DefaultHttpRequest(decodeResult: success, version: HTTP/1.1)
POST /session/b0fd54a4f0c90d723647ffce196844fe/element/077d7bfc-11cc-4965-ad54-5cf065617b5e/clear HTTP/1.1
User-Agent: selenium/4.8.1 (java windows)
Content-Length: 50
Content-Type: application/json; charset=utf-8
host: localhost:39918
accept: */*

Response DefaultHttpResponse(decodeResult: success, version: HTTP/1.1)
HTTP/1.1 200 OK
Content-Length: 14
Content-Type: application/json; charset=utf-8
cache-control: no-cache

22:32:32.637 [AsyncHttpClient-1-2] DEBUG org.asynchttpclient.netty.channel.ChannelManager - Adding key: http://localhost:39918 for channel [id: 0xc71f3922, L:/127.0.0.1:62263 - R:localhost/127.0.0.1:39918]
22:32:32.641 [Forwarding sendKeysToElement on session b0fd54a4f0c90d723647ffce196844fe to remote] DEBUG org.asynchttpclient.netty.request.NettyRequestSender - Using pooled Channel '[id: 0xc71f3922, L:/127.0.0.1:62263 - R:localhost/127.0.0.1:39918]' for 'POST' to 'http://localhost:39918/session/b0fd54a4f0c90d723647ffce196844fe/element/077d7bfc-11cc-4965-ad54-5cf065617b5e/value'
22:32:32.641 [Forwarding sendKeysToElement on session b0fd54a4f0c90d723647ffce196844fe to remote] DEBUG org.asynchttpclient.netty.request.NettyRequestSender - Using open Channel [id: 0xc71f3922, L:/127.0.0.1:62263 - R:localhost/127.0.0.1:39918] for POST '/session/b0fd54a4f0c90d723647ffce196844fe/element/077d7bfc-11cc-4965-ad54-5cf065617b5e/value'
22:32:32.745 [AsyncHttpClient-1-2] DEBUG org.asynchttpclient.netty.handler.HttpHandler - 

Request DefaultHttpRequest(decodeResult: success, version: HTTP/1.1)
POST /session/b0fd54a4f0c90d723647ffce196844fe/element/077d7bfc-11cc-4965-ad54-5cf065617b5e/value HTTP/1.1
User-Agent: selenium/4.8.1 (java windows)
Content-Length: 111
Content-Type: application/json; charset=utf-8
host: localhost:39918
accept: */*

Response DefaultHttpResponse(decodeResult: success, version: HTTP/1.1)
HTTP/1.1 200 OK
Content-Length: 14
Content-Type: application/json; charset=utf-8
cache-control: no-cache

22:32:32.746 [AsyncHttpClient-1-2] DEBUG org.asynchttpclient.netty.channel.ChannelManager - Adding key: http://localhost:39918 for channel [id: 0xc71f3922, L:/127.0.0.1:62263 - R:localhost/127.0.0.1:39918]
22:32:32.752 [main] DEBUG net.thucydides.core.steps.StepInterceptor - STEP DONE: userEnterAValidPassword
  &amp#27;[32mAnd &amp#27;[0m&amp#27;[32muser enter a valid password&amp#27;[0m                           &amp#27;[90m# starter.stepdefinitions.UserSteps.userEnterAValidPassword()&amp#27;[0m
22:32:32.774 [main] DEBUG net.thucydides.core.steps.StepInterceptor - STARTING STEP: UserSteps.userClickOnLoginButton - userClickOnLoginButton
22:32:32.784 [Forwarding findElement on session b0fd54a4f0c90d723647ffce196844fe to remote] DEBUG org.asynchttpclient.netty.request.NettyRequestSender - Using pooled Channel '[id: 0xc71f3922, L:/127.0.0.1:62263 - R:localhost/127.0.0.1:39918]' for 'POST' to 'http://localhost:39918/session/b0fd54a4f0c90d723647ffce196844fe/element'
22:32:32.784 [Forwarding findElement on session b0fd54a4f0c90d723647ffce196844fe to remote] DEBUG org.asynchttpclient.netty.request.NettyRequestSender - Using open Channel [id: 0xc71f3922, L:/127.0.0.1:62263 - R:localhost/127.0.0.1:39918] for POST '/session/b0fd54a4f0c90d723647ffce196844fe/element'
22:32:32.800 [AsyncHttpClient-1-2] DEBUG org.asynchttpclient.netty.handler.HttpHandler - 

Request DefaultHttpRequest(decodeResult: success, version: HTTP/1.1)
POST /session/b0fd54a4f0c90d723647ffce196844fe/element HTTP/1.1
User-Agent: selenium/4.8.1 (java windows)
Content-Length: 106
Content-Type: application/json; charset=utf-8
host: localhost:39918
accept: */*

Response DefaultHttpResponse(decodeResult: success, version: HTTP/1.1)
HTTP/1.1 200 OK
Content-Length: 88
Content-Type: application/json; charset=utf-8
cache-control: no-cache

22:32:32.800 [AsyncHttpClient-1-2] DEBUG org.asynchttpclient.netty.channel.ChannelManager - Adding key: http://localhost:39918 for channel [id: 0xc71f3922, L:/127.0.0.1:62263 - R:localhost/127.0.0.1:39918]
22:32:32.805 [Forwarding getElementTagName on session b0fd54a4f0c90d723647ffce196844fe to remote] DEBUG org.asynchttpclient.netty.request.NettyRequestSender - Using pooled Channel '[id: 0xc71f3922, L:/127.0.0.1:62263 - R:localhost/127.0.0.1:39918]' for 'GET' to 'http://localhost:39918/session/b0fd54a4f0c90d723647ffce196844fe/element/65e1dc95-68e4-44e8-ab2d-87f2e1105599/name'
22:32:32.805 [Forwarding getElementTagName on session b0fd54a4f0c90d723647ffce196844fe to remote] DEBUG org.asynchttpclient.netty.request.NettyRequestSender - Using open Channel [id: 0xc71f3922, L:/127.0.0.1:62263 - R:localhost/127.0.0.1:39918] for GET '/session/b0fd54a4f0c90d723647ffce196844fe/element/65e1dc95-68e4-44e8-ab2d-87f2e1105599/name'
22:32:32.813 [AsyncHttpClient-1-2] DEBUG org.asynchttpclient.netty.handler.HttpHandler - 

Request DefaultFullHttpRequest(decodeResult: success, version: HTTP/1.1, content: EmptyByteBufBE)
GET /session/b0fd54a4f0c90d723647ffce196844fe/element/65e1dc95-68e4-44e8-ab2d-87f2e1105599/name HTTP/1.1
User-Agent: selenium/4.8.1 (java windows)
Cache-Control: no-cache
Content-Type: application/json; charset=utf-8
host: localhost:39918
accept: */*

Response DefaultHttpResponse(decodeResult: success, version: HTTP/1.1)
HTTP/1.1 200 OK
Content-Length: 13
Content-Type: application/json; charset=utf-8
cache-control: no-cache

22:32:32.814 [AsyncHttpClient-1-2] DEBUG org.asynchttpclient.netty.channel.ChannelManager - Adding key: http://localhost:39918 for channel [id: 0xc71f3922, L:/127.0.0.1:62263 - R:localhost/127.0.0.1:39918]
22:32:32.818 [Forwarding getElementTagName on session b0fd54a4f0c90d723647ffce196844fe to remote] DEBUG org.asynchttpclient.netty.request.NettyRequestSender - Using pooled Channel '[id: 0xc71f3922, L:/127.0.0.1:62263 - R:localhost/127.0.0.1:39918]' for 'GET' to 'http://localhost:39918/session/b0fd54a4f0c90d723647ffce196844fe/element/65e1dc95-68e4-44e8-ab2d-87f2e1105599/name'
22:32:32.819 [Forwarding getElementTagName on session b0fd54a4f0c90d723647ffce196844fe to remote] DEBUG org.asynchttpclient.netty.request.NettyRequestSender - Using open Channel [id: 0xc71f3922, L:/127.0.0.1:62263 - R:localhost/127.0.0.1:39918] for GET '/session/b0fd54a4f0c90d723647ffce196844fe/element/65e1dc95-68e4-44e8-ab2d-87f2e1105599/name'
22:32:32.827 [AsyncHttpClient-1-2] DEBUG org.asynchttpclient.netty.handler.HttpHandler - 

Request DefaultFullHttpRequest(decodeResult: success, version: HTTP/1.1, content: EmptyByteBufBE)
GET /session/b0fd54a4f0c90d723647ffce196844fe/element/65e1dc95-68e4-44e8-ab2d-87f2e1105599/name HTTP/1.1
User-Agent: selenium/4.8.1 (java windows)
Cache-Control: no-cache
Content-Type: application/json; charset=utf-8
host: localhost:39918
accept: */*

Response DefaultHttpResponse(decodeResult: success, version: HTTP/1.1)
HTTP/1.1 200 OK
Content-Length: 13
Content-Type: application/json; charset=utf-8
cache-control: no-cache

22:32:32.827 [AsyncHttpClient-1-2] DEBUG org.asynchttpclient.netty.channel.ChannelManager - Adding key: http://localhost:39918 for channel [id: 0xc71f3922, L:/127.0.0.1:62263 - R:localhost/127.0.0.1:39918]
22:32:32.833 [Forwarding findElement on session b0fd54a4f0c90d723647ffce196844fe to remote] DEBUG org.asynchttpclient.netty.request.NettyRequestSender - Using pooled Channel '[id: 0xc71f3922, L:/127.0.0.1:62263 - R:localhost/127.0.0.1:39918]' for 'POST' to 'http://localhost:39918/session/b0fd54a4f0c90d723647ffce196844fe/element'
22:32:32.833 [Forwarding findElement on session b0fd54a4f0c90d723647ffce196844fe to remote] DEBUG org.asynchttpclient.netty.request.NettyRequestSender - Using open Channel [id: 0xc71f3922, L:/127.0.0.1:62263 - R:localhost/127.0.0.1:39918] for POST '/session/b0fd54a4f0c90d723647ffce196844fe/element'
22:32:32.849 [AsyncHttpClient-1-2] DEBUG org.asynchttpclient.netty.handler.HttpHandler - 

Request DefaultHttpRequest(decodeResult: success, version: HTTP/1.1)
POST /session/b0fd54a4f0c90d723647ffce196844fe/element HTTP/1.1
User-Agent: selenium/4.8.1 (java windows)
Content-Length: 106
Content-Type: application/json; charset=utf-8
host: localhost:39918
accept: */*

Response DefaultHttpResponse(decodeResult: success, version: HTTP/1.1)
HTTP/1.1 200 OK
Content-Length: 88
Content-Type: application/json; charset=utf-8
cache-control: no-cache

22:32:32.849 [AsyncHttpClient-1-2] DEBUG org.asynchttpclient.netty.channel.ChannelManager - Adding key: http://localhost:39918 for channel [id: 0xc71f3922, L:/127.0.0.1:62263 - R:localhost/127.0.0.1:39918]
22:32:32.853 [Forwarding clickElement on session b0fd54a4f0c90d723647ffce196844fe to remote] DEBUG org.asynchttpclient.netty.request.NettyRequestSender - Using pooled Channel '[id: 0xc71f3922, L:/127.0.0.1:62263 - R:localhost/127.0.0.1:39918]' for 'POST' to 'http://localhost:39918/session/b0fd54a4f0c90d723647ffce196844fe/element/65e1dc95-68e4-44e8-ab2d-87f2e1105599/click'
22:32:32.853 [Forwarding clickElement on session b0fd54a4f0c90d723647ffce196844fe to remote] DEBUG org.asynchttpclient.netty.request.NettyRequestSender - Using open Channel [id: 0xc71f3922, L:/127.0.0.1:62263 - R:localhost/127.0.0.1:39918] for POST '/session/b0fd54a4f0c90d723647ffce196844fe/element/65e1dc95-68e4-44e8-ab2d-87f2e1105599/click'
22:32:32.908 [AsyncHttpClient-1-2] DEBUG org.asynchttpclient.netty.handler.HttpHandler - 

Request DefaultHttpRequest(decodeResult: success, version: HTTP/1.1)
POST /session/b0fd54a4f0c90d723647ffce196844fe/element/65e1dc95-68e4-44e8-ab2d-87f2e1105599/click HTTP/1.1
User-Agent: selenium/4.8.1 (java windows)
Content-Length: 50
Content-Type: application/json; charset=utf-8
host: localhost:39918
accept: */*

Response DefaultHttpResponse(decodeResult: success, version: HTTP/1.1)
HTTP/1.1 200 OK
Content-Length: 14
Content-Type: application/json; charset=utf-8
cache-control: no-cache

22:32:32.909 [AsyncHttpClient-1-2] DEBUG org.asynchttpclient.netty.channel.ChannelManager - Adding key: http://localhost:39918 for channel [id: 0xc71f3922, L:/127.0.0.1:62263 - R:localhost/127.0.0.1:39918]
22:32:32.917 [main] DEBUG net.thucydides.core.steps.StepInterceptor - STEP DONE: userClickOnLoginButton
  &amp#27;[32mAnd &amp#27;[0m&amp#27;[32muser click on login button&amp#27;[0m                            &amp#27;[90m# starter.stepdefinitions.UserSteps.userClickOnLoginButton()&amp#27;[0m
22:32:32.940 [main] DEBUG net.thucydides.core.steps.StepInterceptor - STARTING STEP: UserSteps.userOnMainPage - userOnMainPage
22:32:32.943 [Forwarding get on session b0fd54a4f0c90d723647ffce196844fe to remote] DEBUG org.asynchttpclient.netty.request.NettyRequestSender - Using pooled Channel '[id: 0xc71f3922, L:/127.0.0.1:62263 - R:localhost/127.0.0.1:39918]' for 'POST' to 'http://localhost:39918/session/b0fd54a4f0c90d723647ffce196844fe/url'
22:32:32.943 [Forwarding get on session b0fd54a4f0c90d723647ffce196844fe to remote] DEBUG org.asynchttpclient.netty.request.NettyRequestSender - Using open Channel [id: 0xc71f3922, L:/127.0.0.1:62263 - R:localhost/127.0.0.1:39918] for POST '/session/b0fd54a4f0c90d723647ffce196844fe/url'
22:32:33.080 [AsyncHttpClient-1-1] DEBUG org.asynchttpclient.netty.channel.DefaultChannelPool - Entry count for : http://localhost:62264 : 1
22:32:33.296 [AsyncHttpClient-1-2] DEBUG org.asynchttpclient.netty.handler.HttpHandler - 

Request DefaultHttpRequest(decodeResult: success, version: HTTP/1.1)
POST /session/b0fd54a4f0c90d723647ffce196844fe/url HTTP/1.1
User-Agent: selenium/4.8.1 (java windows)
Content-Length: 59
Content-Type: application/json; charset=utf-8
host: localhost:39918
accept: */*

Response DefaultHttpResponse(decodeResult: success, version: HTTP/1.1)
HTTP/1.1 200 OK
Content-Length: 14
Content-Type: application/json; charset=utf-8
cache-control: no-cache

22:32:33.297 [AsyncHttpClient-1-2] DEBUG org.asynchttpclient.netty.channel.ChannelManager - Adding key: http://localhost:39918 for channel [id: 0xc71f3922, L:/127.0.0.1:62263 - R:localhost/127.0.0.1:39918]
22:32:33.311 [Forwarding findElement on session b0fd54a4f0c90d723647ffce196844fe to remote] DEBUG org.asynchttpclient.netty.request.NettyRequestSender - Using pooled Channel '[id: 0xc71f3922, L:/127.0.0.1:62263 - R:localhost/127.0.0.1:39918]' for 'POST' to 'http://localhost:39918/session/b0fd54a4f0c90d723647ffce196844fe/element'
22:32:33.311 [Forwarding findElement on session b0fd54a4f0c90d723647ffce196844fe to remote] DEBUG org.asynchttpclient.netty.request.NettyRequestSender - Using open Channel [id: 0xc71f3922, L:/127.0.0.1:62263 - R:localhost/127.0.0.1:39918] for POST '/session/b0fd54a4f0c90d723647ffce196844fe/element'
22:32:33.344 [AsyncHttpClient-1-2] DEBUG org.asynchttpclient.netty.handler.HttpHandler - 

Request DefaultHttpRequest(decodeResult: success, version: HTTP/1.1)
POST /session/b0fd54a4f0c90d723647ffce196844fe/element HTTP/1.1
User-Agent: selenium/4.8.1 (java windows)
Content-Length: 70
Content-Type: application/json; charset=utf-8
host: localhost:39918
accept: */*

Response DefaultHttpResponse(decodeResult: success, version: HTTP/1.1)
HTTP/1.1 200 OK
Content-Length: 88
Content-Type: application/json; charset=utf-8
cache-control: no-cache

22:32:33.346 [AsyncHttpClient-1-2] DEBUG org.asynchttpclient.netty.channel.ChannelManager - Adding key: http://localhost:39918 for channel [id: 0xc71f3922, L:/127.0.0.1:62263 - R:localhost/127.0.0.1:39918]
22:32:33.355 [Forwarding isElementDisplayed on session b0fd54a4f0c90d723647ffce196844fe to remote] DEBUG org.asynchttpclient.netty.request.NettyRequestSender - Using pooled Channel '[id: 0xc71f3922, L:/127.0.0.1:62263 - R:localhost/127.0.0.1:39918]' for 'POST' to 'http://localhost:39918/session/b0fd54a4f0c90d723647ffce196844fe/execute/sync'
22:32:33.356 [Forwarding isElementDisplayed on session b0fd54a4f0c90d723647ffce196844fe to remote] DEBUG org.asynchttpclient.netty.request.NettyRequestSender - Using open Channel [id: 0xc71f3922, L:/127.0.0.1:62263 - R:localhost/127.0.0.1:39918] for POST '/session/b0fd54a4f0c90d723647ffce196844fe/execute/sync'
22:32:33.381 [AsyncHttpClient-1-2] DEBUG org.asynchttpclient.netty.handler.HttpHandler - 

Request DefaultHttpRequest(decodeResult: success, version: HTTP/1.1)
POST /session/b0fd54a4f0c90d723647ffce196844fe/execute/sync HTTP/1.1
User-Agent: selenium/4.8.1 (java windows)
Content-Length: 48807
Content-Type: application/json; charset=utf-8
host: localhost:39918
accept: */*

Response DefaultHttpResponse(decodeResult: success, version: HTTP/1.1)
HTTP/1.1 200 OK
Content-Length: 14
Content-Type: application/json; charset=utf-8
cache-control: no-cache

22:32:33.382 [AsyncHttpClient-1-2] DEBUG org.asynchttpclient.netty.channel.ChannelManager - Adding key: http://localhost:39918 for channel [id: 0xc71f3922, L:/127.0.0.1:62263 - R:localhost/127.0.0.1:39918]
22:32:33.388 [Forwarding isElementDisplayed on session b0fd54a4f0c90d723647ffce196844fe to remote] DEBUG org.asynchttpclient.netty.request.NettyRequestSender - Using pooled Channel '[id: 0xc71f3922, L:/127.0.0.1:62263 - R:localhost/127.0.0.1:39918]' for 'POST' to 'http://localhost:39918/session/b0fd54a4f0c90d723647ffce196844fe/execute/sync'
22:32:33.389 [Forwarding isElementDisplayed on session b0fd54a4f0c90d723647ffce196844fe to remote] DEBUG org.asynchttpclient.netty.request.NettyRequestSender - Using open Channel [id: 0xc71f3922, L:/127.0.0.1:62263 - R:localhost/127.0.0.1:39918] for POST '/session/b0fd54a4f0c90d723647ffce196844fe/execute/sync'
22:32:34.180 [AsyncHttpClient-1-1] DEBUG org.asynchttpclient.netty.channel.DefaultChannelPool - Entry count for : http://localhost:62264 : 1
22:32:34.258 [AsyncHttpClient-1-2] DEBUG org.asynchttpclient.netty.handler.HttpHandler - 

Request DefaultHttpRequest(decodeResult: success, version: HTTP/1.1)
POST /session/b0fd54a4f0c90d723647ffce196844fe/execute/sync HTTP/1.1
User-Agent: selenium/4.8.1 (java windows)
Content-Length: 48807
Content-Type: application/json; charset=utf-8
host: localhost:39918
accept: */*

Response DefaultHttpResponse(decodeResult: success, version: HTTP/1.1)
HTTP/1.1 200 OK
Content-Length: 14
Content-Type: application/json; charset=utf-8
cache-control: no-cache

22:32:34.259 [AsyncHttpClient-1-2] DEBUG org.asynchttpclient.netty.channel.ChannelManager - Adding key: http://localhost:39918 for channel [id: 0xc71f3922, L:/127.0.0.1:62263 - R:localhost/127.0.0.1:39918]
22:32:34.264 [main] DEBUG net.thucydides.core.steps.StepInterceptor - STEP DONE: userOnMainPage
  &amp#27;[32mAnd &amp#27;[0m&amp#27;[32muser on main page&amp#27;[0m                                     &amp#27;[90m# starter.stepdefinitions.UserSteps.userOnMainPage()&amp#27;[0m
22:32:34.289 [main] DEBUG net.thucydides.core.steps.StepInterceptor - STARTING STEP: UserSteps.userCanClickTransaction - userCanClickTransaction
22:32:34.298 [Forwarding findElement on session b0fd54a4f0c90d723647ffce196844fe to remote] DEBUG org.asynchttpclient.netty.request.NettyRequestSender - Using pooled Channel '[id: 0xc71f3922, L:/127.0.0.1:62263 - R:localhost/127.0.0.1:39918]' for 'POST' to 'http://localhost:39918/session/b0fd54a4f0c90d723647ffce196844fe/element'
22:32:34.298 [Forwarding findElement on session b0fd54a4f0c90d723647ffce196844fe to remote] DEBUG org.asynchttpclient.netty.request.NettyRequestSender - Using open Channel [id: 0xc71f3922, L:/127.0.0.1:62263 - R:localhost/127.0.0.1:39918] for POST '/session/b0fd54a4f0c90d723647ffce196844fe/element'
22:32:35.291 [AsyncHttpClient-1-1] DEBUG org.asynchttpclient.netty.channel.DefaultChannelPool - Entry count for : http://localhost:62264 : 1
22:32:36.364 [AsyncHttpClient-1-2] DEBUG org.asynchttpclient.netty.handler.HttpHandler - 

Request DefaultHttpRequest(decodeResult: success, version: HTTP/1.1)
POST /session/b0fd54a4f0c90d723647ffce196844fe/element HTTP/1.1
User-Agent: selenium/4.8.1 (java windows)
Content-Length: 138
Content-Type: application/json; charset=utf-8
host: localhost:39918
accept: */*

Response DefaultHttpResponse(decodeResult: success, version: HTTP/1.1)
HTTP/1.1 404 Not Found
Content-Length: 1034
Content-Type: application/json; charset=utf-8
cache-control: no-cache

22:32:36.366 [AsyncHttpClient-1-2] DEBUG org.asynchttpclient.netty.channel.ChannelManager - Adding key: http://localhost:39918 for channel [id: 0xc71f3922, L:/127.0.0.1:62263 - R:localhost/127.0.0.1:39918]
22:32:36.381 [AsyncHttpClient-1-1] DEBUG org.asynchttpclient.netty.channel.DefaultChannelPool - Entry count for : http://localhost:62264 : 1
22:32:36.381 [AsyncHttpClient-1-1] DEBUG org.asynchttpclient.netty.channel.DefaultChannelPool - Entry count for : http://localhost:39918 : 1
22:32:36.613 [Forwarding findElement on session b0fd54a4f0c90d723647ffce196844fe to remote] DEBUG org.asynchttpclient.netty.request.NettyRequestSender - Using pooled Channel '[id: 0xc71f3922, L:/127.0.0.1:62263 - R:localhost/127.0.0.1:39918]' for 'POST' to 'http://localhost:39918/session/b0fd54a4f0c90d723647ffce196844fe/element'
22:32:36.614 [Forwarding findElement on session b0fd54a4f0c90d723647ffce196844fe to remote] DEBUG org.asynchttpclient.netty.request.NettyRequestSender - Using open Channel [id: 0xc71f3922, L:/127.0.0.1:62263 - R:localhost/127.0.0.1:39918] for POST '/session/b0fd54a4f0c90d723647ffce196844fe/element'
22:32:37.481 [AsyncHttpClient-1-1] DEBUG org.asynchttpclient.netty.channel.DefaultChannelPool - Entry count for : http://localhost:62264 : 1
22:32:38.587 [AsyncHttpClient-1-1] DEBUG org.asynchttpclient.netty.channel.DefaultChannelPool - Entry count for : http://localhost:62264 : 1
22:32:38.658 [AsyncHttpClient-1-2] DEBUG org.asynchttpclient.netty.handler.HttpHandler - 

Request DefaultHttpRequest(decodeResult: success, version: HTTP/1.1)
POST /session/b0fd54a4f0c90d723647ffce196844fe/element HTTP/1.1
User-Agent: selenium/4.8.1 (java windows)
Content-Length: 138
Content-Type: application/json; charset=utf-8
host: localhost:39918
accept: */*

Response DefaultHttpResponse(decodeResult: success, version: HTTP/1.1)
HTTP/1.1 404 Not Found
Content-Length: 1034
Content-Type: application/json; charset=utf-8
cache-control: no-cache

22:32:38.659 [AsyncHttpClient-1-2] DEBUG org.asynchttpclient.netty.channel.ChannelManager - Adding key: http://localhost:39918 for channel [id: 0xc71f3922, L:/127.0.0.1:62263 - R:localhost/127.0.0.1:39918]
22:32:38.775 [Forwarding findElement on session b0fd54a4f0c90d723647ffce196844fe to remote] DEBUG org.asynchttpclient.netty.request.NettyRequestSender - Using pooled Channel '[id: 0xc71f3922, L:/127.0.0.1:62263 - R:localhost/127.0.0.1:39918]' for 'POST' to 'http://localhost:39918/session/b0fd54a4f0c90d723647ffce196844fe/element'
22:32:38.775 [Forwarding findElement on session b0fd54a4f0c90d723647ffce196844fe to remote] DEBUG org.asynchttpclient.netty.request.NettyRequestSender - Using open Channel [id: 0xc71f3922, L:/127.0.0.1:62263 - R:localhost/127.0.0.1:39918] for POST '/session/b0fd54a4f0c90d723647ffce196844fe/element'
22:32:39.679 [AsyncHttpClient-1-1] DEBUG org.asynchttpclient.netty.channel.DefaultChannelPool - Entry count for : http://localhost:62264 : 1
22:32:40.785 [AsyncHttpClient-1-1] DEBUG org.asynchttpclient.netty.channel.DefaultChannelPool - Entry count for : http://localhost:62264 : 1
22:32:40.796 [AsyncHttpClient-1-2] DEBUG org.asynchttpclient.netty.handler.HttpHandler - 

Request DefaultHttpRequest(decodeResult: success, version: HTTP/1.1)
POST /session/b0fd54a4f0c90d723647ffce196844fe/element HTTP/1.1
User-Agent: selenium/4.8.1 (java windows)
Content-Length: 138
Content-Type: application/json; charset=utf-8
host: localhost:39918
accept: */*

Response DefaultHttpResponse(decodeResult: success, version: HTTP/1.1)
HTTP/1.1 404 Not Found
Content-Length: 1034
Content-Type: application/json; charset=utf-8
cache-control: no-cache

22:32:40.797 [AsyncHttpClient-1-2] DEBUG org.asynchttpclient.netty.channel.ChannelManager - Adding key: http://localhost:39918 for channel [id: 0xc71f3922, L:/127.0.0.1:62263 - R:localhost/127.0.0.1:39918]
22:32:40.819 [main] DEBUG net.serenitybdd.core.photography.Darkroom - Opening darkroom
22:32:40.822 [Darkroom Processing Line] DEBUG net.serenitybdd.core.photography.DarkroomProcessingLine - Darkroom processing line starting up
22:32:40.849 [Forwarding getAlertText on session b0fd54a4f0c90d723647ffce196844fe to remote] DEBUG org.asynchttpclient.netty.request.NettyRequestSender - Using pooled Channel '[id: 0xc71f3922, L:/127.0.0.1:62263 - R:localhost/127.0.0.1:39918]' for 'GET' to 'http://localhost:39918/session/b0fd54a4f0c90d723647ffce196844fe/alert/text'
22:32:40.849 [Forwarding getAlertText on session b0fd54a4f0c90d723647ffce196844fe to remote] DEBUG org.asynchttpclient.netty.request.NettyRequestSender - Using open Channel [id: 0xc71f3922, L:/127.0.0.1:62263 - R:localhost/127.0.0.1:39918] for GET '/session/b0fd54a4f0c90d723647ffce196844fe/alert/text'
22:32:40.852 [AsyncHttpClient-1-2] DEBUG org.asynchttpclient.netty.handler.HttpHandler - 

Request DefaultFullHttpRequest(decodeResult: success, version: HTTP/1.1, content: EmptyByteBufBE)
GET /session/b0fd54a4f0c90d723647ffce196844fe/alert/text HTTP/1.1
User-Agent: selenium/4.8.1 (java windows)
Cache-Control: no-cache
Content-Type: application/json; charset=utf-8
host: localhost:39918
accept: */*

Response DefaultHttpResponse(decodeResult: success, version: HTTP/1.1)
HTTP/1.1 404 Not Found
Content-Length: 848
Content-Type: application/json; charset=utf-8
cache-control: no-cache

22:32:40.852 [AsyncHttpClient-1-2] DEBUG org.asynchttpclient.netty.channel.ChannelManager - Adding key: http://localhost:39918 for channel [id: 0xc71f3922, L:/127.0.0.1:62263 - R:localhost/127.0.0.1:39918]
22:32:40.855 [Forwarding getCurrentUrl on session b0fd54a4f0c90d723647ffce196844fe to remote] DEBUG org.asynchttpclient.netty.request.NettyRequestSender - Using pooled Channel '[id: 0xc71f3922, L:/127.0.0.1:62263 - R:localhost/127.0.0.1:39918]' for 'GET' to 'http://localhost:39918/session/b0fd54a4f0c90d723647ffce196844fe/url'
22:32:40.855 [Forwarding getCurrentUrl on session b0fd54a4f0c90d723647ffce196844fe to remote] DEBUG org.asynchttpclient.netty.request.NettyRequestSender - Using open Channel [id: 0xc71f3922, L:/127.0.0.1:62263 - R:localhost/127.0.0.1:39918] for GET '/session/b0fd54a4f0c90d723647ffce196844fe/url'
22:32:40.863 [AsyncHttpClient-1-2] DEBUG org.asynchttpclient.netty.handler.HttpHandler - 

Request DefaultFullHttpRequest(decodeResult: success, version: HTTP/1.1, content: EmptyByteBufBE)
GET /session/b0fd54a4f0c90d723647ffce196844fe/url HTTP/1.1
User-Agent: selenium/4.8.1 (java windows)
Cache-Control: no-cache
Content-Type: application/json; charset=utf-8
host: localhost:39918
accept: */*

Response DefaultHttpResponse(decodeResult: success, version: HTTP/1.1)
HTTP/1.1 200 OK
Content-Length: 41
Content-Type: application/json; charset=utf-8
cache-control: no-cache

22:32:40.863 [AsyncHttpClient-1-2] DEBUG org.asynchttpclient.netty.channel.ChannelManager - Adding key: http://localhost:39918 for channel [id: 0xc71f3922, L:/127.0.0.1:62263 - R:localhost/127.0.0.1:39918]
22:32:40.868 [Forwarding screenshot on session b0fd54a4f0c90d723647ffce196844fe to remote] DEBUG org.asynchttpclient.netty.request.NettyRequestSender - Using pooled Channel '[id: 0xc71f3922, L:/127.0.0.1:62263 - R:localhost/127.0.0.1:39918]' for 'GET' to 'http://localhost:39918/session/b0fd54a4f0c90d723647ffce196844fe/screenshot'
22:32:40.868 [Forwarding screenshot on session b0fd54a4f0c90d723647ffce196844fe to remote] DEBUG org.asynchttpclient.netty.request.NettyRequestSender - Using open Channel [id: 0xc71f3922, L:/127.0.0.1:62263 - R:localhost/127.0.0.1:39918] for GET '/session/b0fd54a4f0c90d723647ffce196844fe/screenshot'
22:32:40.968 [AsyncHttpClient-1-2] DEBUG org.asynchttpclient.netty.handler.HttpHandler - 

Request DefaultFullHttpRequest(decodeResult: success, version: HTTP/1.1, content: EmptyByteBufBE)
GET /session/b0fd54a4f0c90d723647ffce196844fe/screenshot HTTP/1.1
User-Agent: selenium/4.8.1 (java windows)
Cache-Control: no-cache
Content-Type: application/json; charset=utf-8
host: localhost:39918
accept: */*

Response DefaultHttpResponse(decodeResult: success, version: HTTP/1.1)
HTTP/1.1 200 OK
Content-Length: 96116
Content-Type: application/json; charset=utf-8
cache-control: no-cache

22:32:40.969 [AsyncHttpClient-1-2] DEBUG org.asynchttpclient.netty.channel.ChannelManager - Adding key: http://localhost:39918 for channel [id: 0xc71f3922, L:/127.0.0.1:62263 - R:localhost/127.0.0.1:39918]
22:32:41.115 [main] DEBUG net.serenitybdd.core.photography.Darkroom - Send negative for processing for target\site\serenity\62fb0cf08ffb4e592a2ea9a225de38ffc273d95dd85b1c6d925a941173ef738a.png
22:32:41.116 [Darkroom Processing Line] DEBUG net.serenitybdd.core.photography.DarkroomProcessingLine - Processing screenshot image in /var/screenshots/screenshot-12559074828238875370
22:32:41.117 [Darkroom Processing Line] DEBUG net.serenitybdd.core.photography.DarkroomProcessingLine - Saving screenshot to target\site\serenity\62fb0cf08ffb4e592a2ea9a225de38ffc273d95dd85b1c6d925a941173ef738a.png
22:32:41.122 [Forwarding getPageSource on session b0fd54a4f0c90d723647ffce196844fe to remote] DEBUG org.asynchttpclient.netty.request.NettyRequestSender - Using pooled Channel '[id: 0xc71f3922, L:/127.0.0.1:62263 - R:localhost/127.0.0.1:39918]' for 'POST' to 'http://localhost:39918/session/b0fd54a4f0c90d723647ffce196844fe/execute/sync'
22:32:41.122 [Forwarding getPageSource on session b0fd54a4f0c90d723647ffce196844fe to remote] DEBUG org.asynchttpclient.netty.request.NettyRequestSender - Using open Channel [id: 0xc71f3922, L:/127.0.0.1:62263 - R:localhost/127.0.0.1:39918] for POST '/session/b0fd54a4f0c90d723647ffce196844fe/execute/sync'
22:32:41.166 [AsyncHttpClient-1-2] DEBUG org.asynchttpclient.netty.handler.HttpHandler - 

Request DefaultHttpRequest(decodeResult: success, version: HTTP/1.1)
POST /session/b0fd54a4f0c90d723647ffce196844fe/execute/sync HTTP/1.1
User-Agent: selenium/4.8.1 (java windows)
Content-Length: 176
Content-Type: application/json; charset=utf-8
host: localhost:39918
accept: */*

Response DefaultHttpResponse(decodeResult: success, version: HTTP/1.1)
HTTP/1.1 200 OK
Content-Length: 242335
Content-Type: application/json; charset=utf-8
cache-control: no-cache

22:32:41.170 [AsyncHttpClient-1-2] DEBUG org.asynchttpclient.netty.channel.ChannelManager - Adding key: http://localhost:39918 for channel [id: 0xc71f3922, L:/127.0.0.1:62263 - R:localhost/127.0.0.1:39918]
22:32:41.517 [Forwarding getCurrentUrl on session b0fd54a4f0c90d723647ffce196844fe to remote] DEBUG org.asynchttpclient.netty.request.NettyRequestSender - Using pooled Channel '[id: 0xc71f3922, L:/127.0.0.1:62263 - R:localhost/127.0.0.1:39918]' for 'GET' to 'http://localhost:39918/session/b0fd54a4f0c90d723647ffce196844fe/url'
22:32:41.517 [Forwarding getCurrentUrl on session b0fd54a4f0c90d723647ffce196844fe to remote] DEBUG org.asynchttpclient.netty.request.NettyRequestSender - Using open Channel [id: 0xc71f3922, L:/127.0.0.1:62263 - R:localhost/127.0.0.1:39918] for GET '/session/b0fd54a4f0c90d723647ffce196844fe/url'
22:32:41.521 [AsyncHttpClient-1-2] DEBUG org.asynchttpclient.netty.handler.HttpHandler - 

Request DefaultFullHttpRequest(decodeResult: success, version: HTTP/1.1, content: EmptyByteBufBE)
GET /session/b0fd54a4f0c90d723647ffce196844fe/url HTTP/1.1
User-Agent: selenium/4.8.1 (java windows)
Cache-Control: no-cache
Content-Type: application/json; charset=utf-8
host: localhost:39918
accept: */*

Response DefaultHttpResponse(decodeResult: success, version: HTTP/1.1)
HTTP/1.1 200 OK
Content-Length: 41
Content-Type: application/json; charset=utf-8
cache-control: no-cache

22:32:41.522 [AsyncHttpClient-1-2] DEBUG org.asynchttpclient.netty.channel.ChannelManager - Adding key: http://localhost:39918 for channel [id: 0xc71f3922, L:/127.0.0.1:62263 - R:localhost/127.0.0.1:39918]
  &amp#27;[31mAnd &amp#27;[0m&amp#27;[31muser can click transaction&amp#27;[0m                            &amp#27;[90m# starter.stepdefinitions.UserSteps.userCanClickTransaction()&amp#27;[0m
      &amp#27;[31mnet.thucydides.core.webdriver.exceptions.ElementShouldBeEnabledException: Expected enabled element was not enabled
	at net.serenitybdd.core.pages.WebElementFacadeImpl.waitUntilEnabled(WebElementFacadeImpl.java:1122)
	at net.serenitybdd.core.pages.WebElementFacadeImpl.waitUntilElementAvailable(WebElementFacadeImpl.java:906)
	at net.serenitybdd.core.pages.WebElementFacadeImpl.click(WebElementFacadeImpl.java:1204)
	at net.serenitybdd.core.pages.WebElementFacadeImpl.click(WebElementFacadeImpl.java:1224)
	at MiniProjectWeb@1.0-SNAPSHOT/starter.user.TransactionPage.userCanClickTransaction(TransactionPage.java:21)
	at MiniProjectWeb@1.0-SNAPSHOT/starter.user.TransactionPage$ByteBuddy$Clzkq25S.userCanClickTransaction$accessor$53guVWcP(Unknown Source)
	at java.base/jdk.internal.reflect.NativeMethodAccessorImpl.invoke0(Native Method)
	at java.base/jdk.internal.reflect.NativeMethodAccessorImpl.invoke(NativeMethodAccessorImpl.java:62)
	at java.base/jdk.internal.reflect.DelegatingMethodAccessorImpl.invoke(DelegatingMethodAccessorImpl.java:43)
	at java.base/java.lang.reflect.Method.invoke(Method.java:564)
	at net.thucydides.core.steps.StepInterceptor.invokeMethod(StepInterceptor.java:518)
	at net.thucydides.core.steps.StepInterceptor.executeTestStepMethod(StepInterceptor.java:498)
	at net.thucydides.core.steps.StepInterceptor.runTestStep(StepInterceptor.java:472)
	at net.thucydides.core.steps.StepInterceptor.runOrSkipMethod(StepInterceptor.java:211)
	at net.thucydides.core.steps.StepInterceptor.testStepResult(StepInterceptor.java:198)
	at net.thucydides.core.steps.StepInterceptor.intercept(StepInterceptor.java:86)
	at net.thucydides.core.steps.ProxyConfiguration$InterceptorDispatcher.intercept(ProxyConfiguration.java:51)
	at MiniProjectWeb@1.0-SNAPSHOT/starter.user.TransactionPage$ByteBuddy$Clzkq25S.userCanClickTransaction(Unknown Source)
	at MiniProjectWeb@1.0-SNAPSHOT/starter.stepdefinitions.UserSteps.userCanClickTransaction(UserSteps.java:131)
	at âœ½.user can click transaction(file:///C:/Users/Lenovo/IdeaProjects/MiniProject/MiniProjectWeb/src/test/resources/features/user.feature:88)
Caused by: org.openqa.selenium.TimeoutException: Expected condition failed: waiting for By.id: //div[contains(text(), 'Transaksi')]/parent::div to be enabled (tried for 5 second(s) with 100 milliseconds interval)
	at org.openqa.selenium.support.ui.FluentWait.timeoutException(FluentWait.java:263)
	at org.openqa.selenium.support.ui.FluentWait.until(FluentWait.java:231)
	at net.serenitybdd.core.pages.WebElementFacadeImpl.waitUntilEnabled(WebElementFacadeImpl.java:1119)
	at net.serenitybdd.core.pages.WebElementFacadeImpl.waitUntilElementAvailable(WebElementFacadeImpl.java:906)
	at net.serenitybdd.core.pages.WebElementFacadeImpl.click(WebElementFacadeImpl.java:1204)
	at net.serenitybdd.core.pages.WebElementFacadeImpl.click(WebElementFacadeImpl.java:1224)
	at MiniProjectWeb@1.0-SNAPSHOT/starter.user.TransactionPage.userCanClickTransaction(TransactionPage.java:21)
	at MiniProjectWeb@1.0-SNAPSHOT/starter.user.TransactionPage$ByteBuddy$Clzkq25S.userCanClickTransaction$accessor$53guVWcP(Unknown Source)
	at java.base/jdk.internal.reflect.NativeMethodAccessorImpl.invoke0(Native Method)
	at java.base/jdk.internal.reflect.NativeMethodAccessorImpl.invoke(NativeMethodAccessorImpl.java:62)
	at java.base/jdk.internal.reflect.DelegatingMethodAccessorImpl.invoke(DelegatingMethodAccessorImpl.java:43)
	at java.base/java.lang.reflect.Method.invoke(Method.java:564)
	at net.thucydides.core.steps.StepInterceptor.invokeMethod(StepInterceptor.java:518)
	at net.thucydides.core.steps.StepInterceptor.executeTestStepMethod(StepInterceptor.java:498)
	at net.thucydides.core.steps.StepInterceptor.runTestStep(StepInterceptor.java:472)
	at net.thucydides.core.steps.StepInterceptor.runOrSkipMethod(StepInterceptor.java:211)
	at net.thucydides.core.steps.StepInterceptor.testStepResult(StepInterceptor.java:198)
	at net.thucydides.core.steps.StepInterceptor.intercept(StepInterceptor.java:86)
	at net.thucydides.core.steps.ProxyConfiguration$InterceptorDispatcher.intercept(ProxyConfiguration.java:51)
	at MiniProjectWeb@1.0-SNAPSHOT/starter.user.TransactionPage$ByteBuddy$Clzkq25S.userCanClickTransaction(Unknown Source)
	at MiniProjectWeb@1.0-SNAPSHOT/starter.stepdefinitions.UserSteps.userCanClickTransaction(UserSteps.java:131)
	at java.base/jdk.internal.reflect.NativeMethodAccessorImpl.invoke0(Native Method)
	at java.base/jdk.internal.reflect.NativeMethodAccessorImpl.invoke(NativeMethodAccessorImpl.java:62)
	at java.base/jdk.internal.reflect.DelegatingMethodAccessorImpl.invoke(DelegatingMethodAccessorImpl.java:43)
	at java.base/java.lang.reflect.Method.invoke(Method.java:564)
	at io.cucumber.java.Invoker.doInvoke(Invoker.java:66)
	at io.cucumber.java.Invoker.invoke(Invoker.java:24)
	at io.cucumber.java.AbstractGlueDefinition.invokeMethod(AbstractGlueDefinition.java:47)
	at io.cucumber.java.JavaStepDefinition.execute(JavaStepDefinition.java:29)
	at io.cucumber.core.runner.CoreStepDefinition.execute(CoreStepDefinition.java:66)
	at io.cucumber.core.runner.PickleStepDefinitionMatch.runStep(PickleStepDefinitionMatch.java:63)
	at io.cucumber.core.runner.ExecutionMode$1.execute(ExecutionMode.java:10)
	at io.cucumber.core.runner.TestStep.executeStep(TestStep.java:84)
	at io.cucumber.core.runner.TestStep.run(TestStep.java:56)
	at io.cucumber.core.runner.PickleStepTestStep.run(PickleStepTestStep.java:51)
	at io.cucumber.core.runner.TestCase.run(TestCase.java:84)
	at io.cucumber.core.runner.Runner.runPickle(Runner.java:75)
	at io.cucumber.junit.PickleRunners$NoStepDescriptions.lambda$run$0(PickleRunners.java:151)
	at io.cucumber.core.runtime.CucumberExecutionContext.lambda$runTestCase$5(CucumberExecutionContext.java:130)
	at io.cucumber.core.runtime.RethrowingThrowableCollector.executeAndThrow(RethrowingThrowableCollector.java:23)
	at io.cucumber.core.runtime.CucumberExecutionContext.runTestCase(CucumberExecutionContext.java:130)
	at io.cucumber.junit.PickleRunners$NoStepDescriptions.run(PickleRunners.java:148)
	at io.cucumber.junit.FeatureRunner.runChild(FeatureRunner.java:144)
	at io.cucumber.junit.FeatureRunner.runChild(FeatureRunner.java:28)
	at org.junit.runners.ParentRunner$4.run(ParentRunner.java:331)
	at org.junit.runners.ParentRunner$1.schedule(ParentRunner.java:79)
	at org.junit.runners.ParentRunner.runChildren(ParentRunner.java:329)
	at org.junit.runners.ParentRunner.access$100(ParentRunner.java:66)
	at org.junit.runners.ParentRunner$2.evaluate(ParentRunner.java:293)
	at org.junit.runners.ParentRunner$3.evaluate(ParentRunner.java:306)
	at org.junit.runners.ParentRunner.run(ParentRunner.java:413)
	at io.cucumber.junit.FeatureRunner.run(FeatureRunner.java:137)
	at io.cucumber.junit.CucumberSerenityBaseRunner.runChild(CucumberSerenityBaseRunner.java:330)
	at io.cucumber.junit.CucumberSerenityBaseRunner.runChild(CucumberSerenityBaseRunner.java:51)
	at org.junit.runners.ParentRunner$4.run(ParentRunner.java:331)
	at org.junit.runners.ParentRunner$1.schedule(ParentRunner.java:79)
	at org.junit.runners.ParentRunner.runChildren(ParentRunner.java:329)
	at org.junit.runners.ParentRunner.access$100(ParentRunner.java:66)
	at org.junit.runners.ParentRunner$2.evaluate(ParentRunner.java:293)
	at io.cucumber.junit.CucumberSerenityBaseRunner$RunCucumber.evaluate(CucumberSerenityBaseRunner.java:361)
	at org.junit.runners.ParentRunner$3.evaluate(ParentRunner.java:306)
	at org.junit.runners.ParentRunner.run(ParentRunner.java:413)
	at org.junit.runner.JUnitCore.run(JUnitCore.java:137)
	at org.junit.runner.JUnitCore.run(JUnitCore.java:115)
	at org.junit.vintage.engine.execution.RunnerExecutor.execute(RunnerExecutor.java:42)
	at org.junit.vintage.engine.VintageTestEngine.executeAllChildren(VintageTestEngine.java:80)
	at org.junit.vintage.engine.VintageTestEngine.execute(VintageTestEngine.java:72)
	at org.junit.platform.launcher.core.EngineExecutionOrchestrator.execute(EngineExecutionOrchestrator.java:107)
	at org.junit.platform.launcher.core.EngineExecutionOrchestrator.execute(EngineExecutionOrchestrator.java:88)
	at org.junit.platform.launcher.core.EngineExecutionOrchestrator.lambda$execute$0(EngineExecutionOrchestrator.java:54)
	at org.junit.platform.launcher.core.EngineExecutionOrchestrator.withInterceptedStreams(EngineExecutionOrchestrator.java:67)
	at org.junit.platform.launcher.core.EngineExecutionOrchestrator.execute(EngineExecutionOrchestrator.java:52)
	at org.junit.platform.launcher.core.DefaultLauncher.execute(DefaultLauncher.java:114)
	at org.junit.platform.launcher.core.DefaultLauncher.execute(DefaultLauncher.java:86)
	at org.junit.platform.launcher.core.DefaultLauncherSession$DelegatingLauncher.execute(DefaultLauncherSession.java:86)
	at org.junit.platform.launcher.core.SessionPerRequestLauncher.execute(SessionPerRequestLauncher.java:53)
	at org.apache.maven.surefire.junitplatform.JUnitPlatformProvider.execute(JUnitPlatformProvider.java:188)
	at org.apache.maven.surefire.junitplatform.JUnitPlatformProvider.invokeAllTests(JUnitPlatformProvider.java:154)
	at org.apache.maven.surefire.junitplatform.JUnitPlatformProvider.invoke(JUnitPlatformProvider.java:128)
	at org.apache.maven.surefire.booter.ForkedBooter.runSuitesInProcess(ForkedBooter.java:428)
	at org.apache.maven.surefire.booter.ForkedBooter.execute(ForkedBooter.java:162)
	at org.apache.maven.surefire.booter.ForkedBooter.run(ForkedBooter.java:562)
	at org.apache.maven.surefire.booter.ForkedBooter.main(ForkedBooter.java:548)
Caused by: org.openqa.selenium.NoSuchElementException: no such element: Unable to locate element: {"method":"css selector","selector":"#\/\/div\[contains\(text\(\)\,\ \'Transaksi\'\)\]\/parent\:\:div"}
  (Session info: chrome=112.0.5615.138)
For documentation on this error, please visit: https://selenium.dev/exceptions/#no_such_element
Build info: version: '4.8.1', revision: '8ebccac989'
System info: os.name: 'Windows 10', os.arch: 'amd64', os.version: '10.0', java.version: '14.0.2'
Driver info: org.openqa.selenium.chrome.ChromeDriver
Command: [b0fd54a4f0c90d723647ffce196844fe, findElement {using=id, value=//div[contains(text(), 'Transaksi')]/parent::div}]
Capabilities {acceptInsecureCerts: true, browserName: chrome, browserVersion: 112.0.5615.138, chrome: {chromedriverVersion: 112.0.5615.49 (bd2a7bcb881c..., userDataDir: C:\Users\Lenovo\AppData\Loc...}, goog:chromeOptions: {debuggerAddress: localhost:62264}, networkConnectionEnabled: false, pageLoadStrategy: normal, platformName: WINDOWS, proxy: Proxy(), se:cdp: ws://localhost:62264/devtoo..., se:cdpVersion: 112.0.5615.138, setWindowRect: true, strictFileInteractability: false, timeouts: {implicit: 0, pageLoad: 300000, script: 30000}, unhandledPromptBehavior: dismiss and notify, webauthn:extension:credBlob: true, webauthn:extension:largeBlob: true, webauthn:extension:minPinLength: true, webauthn:extension:prf: true, webauthn:virtualAuthenticators: true}
Session ID: b0fd54a4f0c90d723647ffce196844fe
	at java.base/jdk.internal.reflect.NativeConstructorAccessorImpl.newInstance0(Native Method)
	at java.base/jdk.internal.reflect.NativeConstructorAccessorImpl.newInstance(NativeConstructorAccessorImpl.java:62)
	at java.base/jdk.internal.reflect.DelegatingConstructorAccessorImpl.newInstance(DelegatingConstructorAccessorImpl.java:45)
	at java.base/java.lang.reflect.Constructor.newInstanceWithCaller(Constructor.java:500)
	at java.base/java.lang.reflect.Constructor.newInstance(Constructor.java:481)
	at org.openqa.selenium.remote.codec.w3c.W3CHttpResponseCodec.createException(W3CHttpResponseCodec.java:200)
	at org.openqa.selenium.remote.codec.w3c.W3CHttpResponseCodec.decode(W3CHttpResponseCodec.java:133)
	at org.openqa.selenium.remote.codec.w3c.W3CHttpResponseCodec.decode(W3CHttpResponseCodec.java:53)
	at org.openqa.selenium.remote.HttpCommandExecutor.execute(HttpCommandExecutor.java:184)
	at org.openqa.selenium.remote.service.DriverCommandExecutor.invokeExecute(DriverCommandExecutor.java:167)
	at org.openqa.selenium.remote.service.DriverCommandExecutor.execute(DriverCommandExecutor.java:142)
	at org.openqa.selenium.remote.RemoteWebDriver.execute(RemoteWebDriver.java:543)
	at org.openqa.selenium.remote.ElementLocation$ElementFinder$2.findElement(ElementLocation.java:162)
	at org.openqa.selenium.remote.ElementLocation.findElement(ElementLocation.java:60)
	at org.openqa.selenium.remote.RemoteWebDriver.findElement(RemoteWebDriver.java:352)
	at org.openqa.selenium.remote.RemoteWebDriver.findElement(RemoteWebDriver.java:344)
	at net.thucydides.core.webdriver.WebDriverFacade.findElement(WebDriverFacade.java:242)
	at net.serenitybdd.core.pages.WebElementResolverByLocator.resolveForDriver(WebElementResolverByLocator.java:25)
	at net.serenitybdd.core.pages.WebElementFacadeImpl.getResolvedElement(WebElementFacadeImpl.java:189)
	at net.serenitybdd.core.pages.WebElementFacadeImpl.getElement(WebElementFacadeImpl.java:184)
	at net.serenitybdd.core.pages.WebElementExpectations$3.apply(WebElementExpectations.java:63)
	at net.serenitybdd.core.pages.WebElementExpectations$3.apply(WebElementExpectations.java:55)
	at org.openqa.selenium.support.ui.FluentWait.until(FluentWait.java:208)
	... 81 more
&amp#27;[0m
  &amp#27;[36mThen &amp#27;[0m&amp#27;[36muser goes to the successful transaction page&amp#27;[0m         &amp#27;[90m# starter.stepdefinitions.UserSteps.userGoesToTheSuccessfulTransactionPage()&amp#27;[0m
22:32:41.631 [main] ERROR  - 
  _____   ___   ___   _____     ___     _     ___   _      ___   ___  
 |_   _| | __| / __| |_   _|   | __|   /_\   |_ _| | |    | __| |   \ 
   | |   | _|  \__ \   | |     | _|   / _ \   | |  | |__  | _|  | |) |
   |_|   |___| |___/   |_|     |_|   /_/ \_\ |___| |____| |___| |___/ 

as a user I want transactions that have been done
-----------------------------------------------------------------------
22:32:41.635 [main] DEBUG  - RELATED ISSUES: 
22:32:41.638 [main] ERROR  -     Test failed at step: User can click transaction
22:32:41.638 [main] ERROR  -     Expected enabled element was not enabled
22:32:41.752 [Driver Command Executor] DEBUG org.asynchttpclient.netty.request.NettyRequestSender - Using pooled Channel '[id: 0xc71f3922, L:/127.0.0.1:62263 - R:localhost/127.0.0.1:39918]' for 'DELETE' to 'http://localhost:39918/session/b0fd54a4f0c90d723647ffce196844fe'
22:32:41.752 [Driver Command Executor] DEBUG org.asynchttpclient.netty.request.NettyRequestSender - Using open Channel [id: 0xc71f3922, L:/127.0.0.1:62263 - R:localhost/127.0.0.1:39918] for DELETE '/session/b0fd54a4f0c90d723647ffce196844fe'
22:32:41.757 [AsyncHttpClient-1-4] DEBUG org.asynchttpclient.netty.handler.WebSocketHandler - Channel Closed: [id: 0x4a3fd591, L:/127.0.0.1:62273 ! R:localhost/127.0.0.1:62264] with attribute NettyResponseFuture{currentRetry=0,
	isDone=1,
	isCancelled=0,
	asyncHandler=org.asynchttpclient.ws.WebSocketUpgradeHandler@473a65f9,
	nettyRequest=org.asynchttpclient.netty.request.NettyRequest@15fd8a37,
	future=java.util.concurrent.CompletableFuture@1ba06b9[Completed normally],
	uri=ws://localhost:62264/devtools/browser/6796c373-9370-493d-a0b3-1ef0721458bc,
	keepAlive=true,
	redirectCount=0,
	timeoutsHolder=null,
	inAuth=0,
	touch=1683387146944}
22:32:41.758 [AsyncHttpClient-1-4] DEBUG org.asynchttpclient.netty.channel.ChannelManager - Closing Channel [id: 0x4a3fd591, L:/127.0.0.1:62273 ! R:localhost/127.0.0.1:62264] 
22:32:41.797 [AsyncHttpClient-1-3] DEBUG org.asynchttpclient.netty.handler.HttpHandler - Unexpected I/O exception on channel [id: 0xf22584a5, L:/127.0.0.1:62272 - R:localhost/127.0.0.1:62264]
java.net.SocketException: Connection reset
	at java.base/sun.nio.ch.SocketChannelImpl.throwConnectionReset(SocketChannelImpl.java:345)
	at java.base/sun.nio.ch.SocketChannelImpl.read(SocketChannelImpl.java:376)
	at io.netty.buffer.PooledByteBuf.setBytes(PooledByteBuf.java:259)
	at io.netty.buffer.AbstractByteBuf.writeBytes(AbstractByteBuf.java:1132)
	at io.netty.channel.socket.nio.NioSocketChannel.doReadBytes(NioSocketChannel.java:357)
	at io.netty.channel.nio.AbstractNioByteChannel$NioByteUnsafe.read(AbstractNioByteChannel.java:151)
	at io.netty.channel.nio.NioEventLoop.processSelectedKey(NioEventLoop.java:788)
	at io.netty.channel.nio.NioEventLoop.processSelectedKeysOptimized(NioEventLoop.java:724)
	at io.netty.channel.nio.NioEventLoop.processSelectedKeys(NioEventLoop.java:650)
	at io.netty.channel.nio.NioEventLoop.run(NioEventLoop.java:562)
	at io.netty.util.concurrent.SingleThreadEventExecutor$4.run(SingleThreadEventExecutor.java:997)
	at io.netty.util.internal.ThreadExecutorMap$2.run(ThreadExecutorMap.java:74)
	at io.netty.util.concurrent.FastThreadLocalRunnable.run(FastThreadLocalRunnable.java:30)
	at java.base/java.lang.Thread.run(Thread.java:832)
22:32:41.798 [AsyncHttpClient-1-3] DEBUG org.asynchttpclient.netty.channel.ChannelManager - Closing Channel [id: 0xf22584a5, L:/127.0.0.1:62272 - R:localhost/127.0.0.1:62264] 
22:32:41.800 [AsyncHttpClient-1-3] DEBUG org.asynchttpclient.netty.handler.HttpHandler - Channel Closed: [id: 0xf22584a5, L:/127.0.0.1:62272 ! R:localhost/127.0.0.1:62264] with attribute DISCARD
22:32:41.813 [AsyncHttpClient-1-2] DEBUG org.asynchttpclient.netty.handler.HttpHandler - 

Request DefaultFullHttpRequest(decodeResult: success, version: HTTP/1.1, content: EmptyByteBufBE)
DELETE /session/b0fd54a4f0c90d723647ffce196844fe HTTP/1.1
User-Agent: selenium/4.8.1 (java windows)
Content-Type: application/json; charset=utf-8
host: localhost:39918
accept: */*

Response DefaultHttpResponse(decodeResult: success, version: HTTP/1.1)
HTTP/1.1 200 OK
Content-Length: 14
Content-Type: application/json; charset=utf-8
cache-control: no-cache

22:32:41.813 [AsyncHttpClient-1-2] DEBUG org.asynchttpclient.netty.channel.ChannelManager - Adding key: http://localhost:39918 for channel [id: 0xc71f3922, L:/127.0.0.1:62263 - R:localhost/127.0.0.1:39918]
22:32:41.885 [AsyncHttpClient-1-1] DEBUG org.asynchttpclient.netty.channel.DefaultChannelPool - Entry count for : http://localhost:62264 : 1
22:32:41.885 [AsyncHttpClient-1-1] DEBUG org.asynchttpclient.netty.channel.DefaultChannelPool - Entry count for : http://localhost:39918 : 1
22:32:41.885 [AsyncHttpClient-1-1] DEBUG org.asynchttpclient.netty.channel.DefaultChannelPool - Adding Candidate expired Channel [id: 0xf22584a5, L:/127.0.0.1:62272 ! R:localhost/127.0.0.1:62264] isIdleTimeoutExpired=false isRemotelyClosed=true isTtlExpired=false
22:32:41.885 [AsyncHttpClient-1-1] DEBUG org.asynchttpclient.netty.channel.DefaultChannelPool - Closing Idle Channel [id: 0xf22584a5, L:/127.0.0.1:62272 ! R:localhost/127.0.0.1:62264]
22:32:41.886 [AsyncHttpClient-1-1] DEBUG org.asynchttpclient.netty.channel.DefaultChannelPool - Closed 1 connections out of 2 in 1 ms
22:32:42.828 [AsyncHttpClient-1-2] DEBUG org.asynchttpclient.netty.handler.HttpHandler - Unexpected I/O exception on channel [id: 0xc71f3922, L:/127.0.0.1:62263 - R:localhost/127.0.0.1:39918]
java.net.SocketException: Connection reset
	at java.base/sun.nio.ch.SocketChannelImpl.throwConnectionReset(SocketChannelImpl.java:345)
	at java.base/sun.nio.ch.SocketChannelImpl.read(SocketChannelImpl.java:376)
	at io.netty.buffer.PooledByteBuf.setBytes(PooledByteBuf.java:259)
	at io.netty.buffer.AbstractByteBuf.writeBytes(AbstractByteBuf.java:1132)
	at io.netty.channel.socket.nio.NioSocketChannel.doReadBytes(NioSocketChannel.java:357)
	at io.netty.channel.nio.AbstractNioByteChannel$NioByteUnsafe.read(AbstractNioByteChannel.java:151)
	at io.netty.channel.nio.NioEventLoop.processSelectedKey(NioEventLoop.java:788)
	at io.netty.channel.nio.NioEventLoop.processSelectedKeysOptimized(NioEventLoop.java:724)
	at io.netty.channel.nio.NioEventLoop.processSelectedKeys(NioEventLoop.java:650)
	at io.netty.channel.nio.NioEventLoop.run(NioEventLoop.java:562)
	at io.netty.util.concurrent.SingleThreadEventExecutor$4.run(SingleThreadEventExecutor.java:997)
	at io.netty.util.internal.ThreadExecutorMap$2.run(ThreadExecutorMap.java:74)
	at io.netty.util.concurrent.FastThreadLocalRunnable.run(FastThreadLocalRunnable.java:30)
	at java.base/java.lang.Thread.run(Thread.java:832)
22:32:42.829 [AsyncHttpClient-1-2] DEBUG org.asynchttpclient.netty.channel.ChannelManager - Closing Channel [id: 0xc71f3922, L:/127.0.0.1:62263 - R:localhost/127.0.0.1:39918] 
22:32:42.829 [AsyncHttpClient-1-2] DEBUG org.asynchttpclient.netty.handler.HttpHandler - Channel Closed: [id: 0xc71f3922, L:/127.0.0.1:62263 ! R:localhost/127.0.0.1:39918] with attribute DISCARD
]]></system-out>
    <system-err><![CDATA[Starting ChromeDriver 112.0.5615.49 (bd2a7bcb881c11e8cfe3078709382934e3916914-refs/branch-heads/5615@{#936}) on port 39918
Only local connections are allowed.
Please see https://chromedriver.chromium.org/security-considerations for suggestions on keeping ChromeDriver safe.
ChromeDriver was started successfully.
May 06, 2023 10:32:26 PM org.openqa.selenium.devtools.CdpVersionFinder findNearestMatch
WARNING: Unable to find an exact match for CDP version 112, so returning the closest version found: 110
]]></system-err>
  </testcase>
</testsuite>